PELE version 1.8.0.b4_NBDBroadwell12072023
PELE (Protein Energy Landscape Exploration)

Copyright 2010-2020 BARCELONA SUPERCOMPUTING CENTER.

See the COPYRIGHT file at the top-level directory of this distribution.

Documents link created...
Data link created...
Data and Documents check completed...
validation: PASS
Creating macro...
----Building Complex----
Protein Chain detected.
- Building a new chain.
Using alternative template ASN for residue ASN:39 :A
Using alternative template GLU for residue GLU:40 :A
Protein Chain detected.
- Building a new chain.
Using alternative template THR for residue THR:44 :A
Using alternative template ASN for residue ASN:49 :A
Protein Chain detected.
- Building a new chain.
Using alternative template ASP for residue ASP:58 :A
Using alternative template HIE for residue HIE:67 :A
Protein Chain detected.
- Building a new chain.
Using alternative template LYS for residue LYS:69 :A
Using alternative template TYR for residue TYR:73 :A
Protein Chain detected.
- Building a new chain.
Using alternative template TYR for residue TYR:92 :A
Using alternative template ASP for residue ASP:96 :A
Protein Chain detected.
- Building a new chain.
Using alternative template LYS for residue LYS:126 :A
Using alternative template ALA for residue ALA:128 :A
Protein Chain detected.
- Building a new chain.
Using alternative template ILE for residue ILE:33 :H
Using alternative template THR for residue THR:46 :H
Protein Chain detected.
- Building a new chain.
Using alternative template VAL for residue VAL:65 :H
Using alternative template TYR for residue TYR:73 :H
Protein Chain detected.
- Building a new chain.
Using alternative template THR for residue THR:99 :H
Using alternative template LEU for residue LEU:103 :H
Protein Chain detected.
- Building a new chain.
Using alternative template TRP for residue TRP:116 :H
Using alternative template TYR for residue TYR:122 :H
Protein Chain detected.
- Building a new chain.
Using alternative template PRO for residue PRO:142 :H
Using alternative template ARG for residue ARG:144 :H
Protein Chain detected.
- Building a new chain.
Using alternative template ASN for residue ASN:147 :H
Using alternative template ASN for residue ASN:165 :H
Protein Chain detected.
- Building a new chain.
Using alternative template ILE for residue ILE:171 :H
- Building a new chain.
----  Complex built ----
BCI WARNING: Molecule not neutral (or neutralized):109.317
BCI WARNING: Molecule not neutral (or neutralized):109.317
BCI WARNING: Molecule not neutral (or neutralized):109.317
Running macro...

ENERGY BOND: 95.5648375931587
ENERGY BOND SGB: 10119.233269326
ENERGY ANGLE: 308.306534445805
ENERGY ANGLE SGB: -4573.97005440544
ENERGY TORSION: 298.464483379406
ENERGY 14: 2761.53891195642
ENERGY 14 SGB: -1557.48698198659
ENERGY NBOND: -3902.56311413183
ENERGY NBOND SGB: 2220.40580478387
ENERGY CONSTRAINTS: 0
ENERGY VACUUM + SGB + CONSTRAINTS: 5769.49369096079
ENERGY NON POLAR: 29.5588086225974
ENERGY SELF: -7646.92225038635
ENERGY VACUUM + SGB + CONSTRAINTS + SELF + NON POLAR: -1847.86975080296
Running minimization:
The line search converged normally and the convergence test was passed, so TN has converged!
TN has converged!
totalNewtonIterations: 1
totalInnerLoops: 81
totalOuterLoops: 9

ENERGY BOND: 58.581122722533
ENERGY BOND SGB: 10374.3113043353
ENERGY ANGLE: 172.488857457915
ENERGY ANGLE SGB: -4623.97112679236
ENERGY TORSION: 251.359709756356
ENERGY 14: 2601.98098142622
ENERGY 14 SGB: -1672.78378027721
ENERGY NBOND: -5497.55501350906
ENERGY NBOND SGB: 2346.7092868368
ENERGY CONSTRAINTS: 0
ENERGY VACUUM + SGB + CONSTRAINTS: 4011.12134195645
ENERGY NON POLAR: 31.946584130055
ENERGY SELF: -7852.37563468074
ENERGY VACUUM + SGB + CONSTRAINTS + SELF + NON POLAR: -3809.30770859424

---------------------------------------------
\(^o^)/ Macro ended successfully! \(^o^)/ 
---------------------------------------------
