NBD Suite 0.2.0b2
------------------------------
Nostrum Biodiscovery SL
All rights reserved, 2023.

Block: topology_truncator
11/02/2023 12:13:13 	DEBUG    Starting reference id set to: 2
11/02/2023 12:13:13 	INFO     Truncating 'complex_1 (complex_1, 1 conformations)' and generating a new truncated complex with reference id 2
11/02/2023 12:13:13 	INFO     Taking conformation '1' as reference to generate flexible and frozen regions
11/02/2023 12:13:13 	INFO     Selected truncation method: 'interface'
11/02/2023 12:13:13 	INFO     Complex from '/dataweb/user_files/mmunicoy/ifr/FraCm2_PAE/induced_fit_refinement/2_pele_pdb_preprocessor/complexes/complex_1.pdb' will be truncated around the interface residues
11/02/2023 12:13:13 	DEBUG       - Flexible radius: 9.0
11/02/2023 12:13:13 	DEBUG       - Frozen radius: 14.0
11/02/2023 12:13:13 	DEBUG       - Truncate from chain: L
11/02/2023 12:13:49 	INFO     Before truncation:
11/02/2023 12:13:49 	INFO        - Total residues: 1409
11/02/2023 12:13:49 	INFO     After truncation:
11/02/2023 12:13:49 	INFO        - Flexible residues: 36
11/02/2023 12:13:49 	INFO        - Frozen residues: 63
11/02/2023 12:13:49 	INFO     Working with conformation '1'
11/02/2023 12:13:50 	INFO     PDB information of probe PDB '/dataweb/user_files/mmunicoy/ifr/FraCm2_PAE/induced_fit_refinement/4_topology_truncator/complexes/complex_1.pdb' will be replaced by information from reference PDB /dataweb/user_files/mmunicoy/ifr/FraCm2_PAE/induced_fit_refinement/2_pele_pdb_preprocessor/complexes/complex_1.pdb by matching PDB ids
11/02/2023 12:13:50 	DEBUG    Automatically disabling complex topology: 'complex_1
11/02/2023 12:13:50 	DEBUG    New topology has been assigned to block topology_truncator: BlockTopology (2 complexes, 0 systems, 0 ligands)
   - Topology has the following content:
     - Complex topology complex_1 (complex_1, 1 conformations)
     - Complex topology complex_2 (complex_1, 1 conformations)
