PELE version 1.8.0.b4_NBDBroadwell12072023
PELE (Protein Energy Landscape Exploration)

Copyright 2010-2020 BARCELONA SUPERCOMPUTING CENTER.

See the COPYRIGHT file at the top-level directory of this distribution.

Documents link created...
Data link created...
Data and Documents check completed...
validation: PASS
Creating macro...
----Building Complex----
Protein Chain detected.
- Building a new chain.
Using alternative template THR for residue THR:44 :A
Using alternative template THR for residue THR:50 :A
Protein Chain detected.
- Building a new chain.
Using alternative template SER for residue SER:57 :A
Using alternative template ALA for residue ALA:66 :A
Protein Chain detected.
- Building a new chain.
Using alternative template LYS for residue LYS:69 :A
Using alternative template ASN for residue ASN:74 :A
Protein Chain detected.
- Building a new chain.
Using alternative template VAL for residue VAL:89 :A
Using alternative template SER for residue SER:93 :A
Protein Chain detected.
- Building a new chain.
Using alternative template LYS for residue LYS:126 :A
Using alternative template ALA for residue ALA:128 :A
Protein Chain detected.
- Building a new chain.
Using alternative template ILE for residue ILE:33 :H
Using alternative template GLY for residue GLY:42 :H
Protein Chain detected.
- Building a new chain.
Using alternative template THR for residue THR:44 :H
Using alternative template THR for residue THR:46 :H
Protein Chain detected.
- Building a new chain.
Using alternative template VAL for residue VAL:65 :H
Using alternative template TYR for residue TYR:73 :H
Protein Chain detected.
- Building a new chain.
Using alternative template VAL for residue VAL:89 :H
Using alternative template ALA for residue ALA:91 :H
Protein Chain detected.
- Building a new chain.
Using alternative template THR for residue THR:99 :H
Using alternative template PHE for residue PHE:104 :H
Protein Chain detected.
- Building a new chain.
Using alternative template TRP for residue TRP:117 :H
Using alternative template VAL for residue VAL:119 :H
Protein Chain detected.
- Building a new chain.
Using alternative template PHE for residue PHE:143 :H
Using alternative template GLY for residue GLY:155 :H
Protein Chain detected.
- Building a new chain.
Using alternative template LEU for residue LEU:158 :H
Using alternative template ASN for residue ASN:165 :H
Protein Chain detected.
- Building a new chain.
Using alternative template ALA for residue ALA:170 :H
- Building a new chain.
----  Complex built ----
BCI WARNING: Molecule not neutral (or neutralized):109.336
BCI WARNING: Molecule not neutral (or neutralized):109.336
BCI WARNING: Molecule not neutral (or neutralized):109.336
Running macro...

ENERGY BOND: 87.5583743476833
ENERGY BOND SGB: 8911.78820710999
ENERGY ANGLE: 747.031352643457
ENERGY ANGLE SGB: -3742.42822474601
ENERGY TORSION: 304.10501602086
ENERGY 14: 2942.70462688137
ENERGY 14 SGB: -1856.19346289971
ENERGY NBOND: 5507.7501245751
ENERGY NBOND SGB: 2368.67451771559
ENERGY CONSTRAINTS: 0
ENERGY VACUUM + SGB + CONSTRAINTS: 15270.9905316483
ENERGY NON POLAR: 25.7280722816556
ENERGY SELF: -6760.03743968245
ENERGY VACUUM + SGB + CONSTRAINTS + SELF + NON POLAR: 8536.68116424755
Running minimization:
The line search converged normally and the convergence test was passed, so TN has converged!
TN has converged!
totalNewtonIterations: 1
totalInnerLoops: 97
totalOuterLoops: 13

ENERGY BOND: 62.7871617968698
ENERGY BOND SGB: 9250.66345844806
ENERGY ANGLE: 476.991330686373
ENERGY ANGLE SGB: -3848.85327273321
ENERGY TORSION: 268.00865503875
ENERGY 14: 2759.43484061134
ENERGY 14 SGB: -1968.54213903577
ENERGY NBOND: -5655.63841939773
ENERGY NBOND SGB: 2497.28182293061
ENERGY CONSTRAINTS: 0
ENERGY VACUUM + SGB + CONSTRAINTS: 3842.1334383453
ENERGY NON POLAR: 28.1302045465143
ENERGY SELF: -7017.5191046107
ENERGY VACUUM + SGB + CONSTRAINTS + SELF + NON POLAR: -3147.25546171889

---------------------------------------------
\(^o^)/ Macro ended successfully! \(^o^)/ 
---------------------------------------------
