NBD Suite 0.2.0b2
------------------------------
Nostrum Biodiscovery SL
All rights reserved, 2023.

Block: pele_energy_minimizer
11/02/2023 12:13:50 	INFO     Creating DataLocal directory from '3. pele_parameterizer'
11/02/2023 12:13:50 	DEBUG    Detected truncated complex. Redirecting path to PELE templates of complex 'complex_1'
11/02/2023 12:13:50 	DEBUG    Created PELE energy minimization control file for 'complex_2': /dataweb/user_files/mmunicoy/ifr/FraCm2_PAE/induced_fit_refinement/5_pele_energy_minimizer/complex_2/complex_2.conf
11/02/2023 12:13:50 	INFO     PELE from '/shared/software/easybuild/x86_64/software/PELE/1.8b4/bin/PELE_serial' will be executed
11/02/2023 12:13:50 	INFO     Running command '/shared/software/easybuild/x86_64/software/PELE/1.8b4/bin/PELE_serial /dataweb/user_files/mmunicoy/ifr/FraCm2_PAE/induced_fit_refinement/5_pele_energy_minimizer/complex_2/complex_2.conf'
11/02/2023 12:13:58 	DEBUG    stdout: PELE version 1.8.0.b4_NBDBroadwell12072023
PELE (Protein Energy Landscape Exploration)

Copyright 2010-2020 BARCELONA SUPERCOMPUTING CENTER.

See the COPYRIGHT file at the top-level directory of this distribution.

Documents link created...
Data link created...
Data and Documents check completed...
validation: PASS
Creating macro...
----Building Complex----
Protein Chain detected.
- Building a new chain.
Using alternative template ASN for residue ASN:39 :A
Using alternative template GLU for residue GLU:40 :A
Protein Chain detected.
- Building a new chain.
Using alternative template THR for residue THR:44 :A
Using alternative template THR for residue THR:50 :A
Protein Chain detected.
- Building a new chain.
Using alternative template SER for residue SER:57 :A
Using alternative template HIE for residue HIE:67 :A
Protein Chain detected.
- Building a new chain.
Using alternative template LYS for residue LYS:69 :A
Using alternative template ASN for residue ASN:74 :A
Protein Chain detected.
- Building a new chain.
Using alternative template ILE for residue ILE:90 :A
Using alternative template SER for residue SER:93 :A
Protein Chain detected.
- Building a new chain.
Using alternative template LYS for residue LYS:126 :A
Using alternative template ALA for residue ALA:128 :A
Protein Chain detected.
- Building a new chain.
Using alternative template ILE for residue ILE:33 :H
Using alternative template GLY for residue GLY:42 :H
Protein Chain detected.
- Building a new chain.
Using alternative template THR for residue THR:44 :H
Using alternative template THR for residue THR:46 :H
Protein Chain detected.
- Building a new chain.
Using alternative template VAL for residue VAL:65 :H
Using alternative template TYR for residue TYR:73 :H
Protein Chain detected.
- Building a new chain.
Using alternative template VAL for residue VAL:89 :H
Using alternative template ALA for residue ALA:91 :H
Protein Chain detected.
- Building a new chain.
Using alternative template LEU for residue LEU:100 :H
Using alternative template PHE for residue PHE:104 :H
Protein Chain detected.
- Building a new chain.
Using alternative template TRP for residue TRP:117 :H
Using alternative template VAL for residue VAL:121 :H
Protein Chain detected.
- Building a new chain.
Using alternative template PHE for residue PHE:143 :H
Using alternative template LEU for residue LEU:154 :H
Protein Chain detected.
- Building a new chain.
Using alternative template LEU for residue LEU:158 :H
Using alternative template ASN for residue ASN:165 :H
Protein Chain detected.
- Building a new chain.
Using alternative template ALA for residue ALA:170 :H
- Building a new chain.
----  Complex built ----
BCI WARNING: Molecule not neutral (or neutralized):109.39
BCI WARNING: Molecule not neutral (or neutralized):109.39
BCI WARNING: Molecule not neutral (or neutralized):109.39
Running macro...

ENERGY BOND: 89.9989659501545
ENERGY BOND SGB: 9770.22726771985
ENERGY ANGLE: 340.935698176843
ENERGY ANGLE SGB: -4442.97795308356
ENERGY TORSION: 305.372409966736
ENERGY 14: 2657.66419332237
ENERGY 14 SGB: -1391.47805597764
ENERGY NBOND: 276473.279539045
ENERGY NBOND SGB: 2135.7075732029
ENERGY CONSTRAINTS: 0
ENERGY VACUUM + SGB + CONSTRAINTS: 285938.729638323
ENERGY NON POLAR: 26.833362522517
ENERGY SELF: -7318.89519503828
ENERGY VACUUM + SGB + CONSTRAINTS + SELF + NON POLAR: 278646.667805807
Running minimization:
The line search converged normally and the convergence test was passed, so TN has converged!
TN has converged!
totalNewtonIterations: 1
totalInnerLoops: 149
totalOuterLoops: 34

ENERGY BOND: 113.243201998099
ENERGY BOND SGB: 10136.0753750854
ENERGY ANGLE: 312.680179661317
ENERGY ANGLE SGB: -4528.29824962594
ENERGY TORSION: 254.862679678439
ENERGY 14: 2462.21673249012
ENERGY 14 SGB: -1566.56556713954
ENERGY NBOND: -5588.42955218989
ENERGY NBOND SGB: 2304.81114645903
ENERGY CONSTRAINTS: 0
ENERGY VACUUM + SGB + CONSTRAINTS: 3900.59594641704
ENERGY NON POLAR: 30.356917277997
ENERGY SELF: -7604.35622734911
ENERGY VACUUM + SGB + CONSTRAINTS + SELF + NON POLAR: -3673.40336365408

---------------------------------------------
\(^o^)/ Macro ended successfully! \(^o^)/ 
---------------------------------------------

11/02/2023 12:13:58 	DEBUG    stderr: 
11/02/2023 12:13:58 	INFO     PDB information of the PDB '/dataweb/user_files/mmunicoy/ifr/FraCm2_PAE/induced_fit_refinement/4_topology_truncator/complexes/complex_2.pdb' will be updated by information from the reference PDB '/dataweb/user_files/mmunicoy/ifr/FraCm2_PAE/induced_fit_refinement/5_pele_energy_minimizer/complex_2/complex_2_minimized.pdb'
11/02/2023 12:13:58 	INFO     The total number of residues to be updated is: 99
11/02/2023 12:13:58 	DEBUG    Adding conformation 'complex_2_minimized (/dataweb/user_files/mmunicoy/ifr/FraCm2_PAE/complex_2_3.pdb)' to topology 'complex_2 (complex_1, 1 conformations)'
11/02/2023 12:13:59 	DEBUG    Automatically disabling previous conformations:
11/02/2023 12:13:59 	DEBUG     - Conformation complex_2_1: complex_1
11/02/2023 12:13:59 	DEBUG    New topology has been assigned to block pele_energy_minimizer: BlockTopology (2 complexes, 0 systems, 0 ligands)
   - Topology has the following content:
     - Complex topology complex_1 (complex_1, 1 conformations)
     - Complex topology complex_2 (complex_1, 2 conformations)
