NBD Suite 0.2.0b2
------------------------------
Nostrum Biodiscovery SL
All rights reserved, 2023.

Block: adaptive_pele_simulation
11/02/2023 12:13:59 	INFO     Creating DataLocal directory from '3. pele_parameterizer'
11/02/2023 12:13:59 	DEBUG    Detected truncated complex. Redirecting path to PELE templates of complex 'complex_1'
11/02/2023 12:13:59 	INFO     Detected truncated protein model obtained from '4. topology_truncator' with 36 flexible residues and 63 frozen residues
11/02/2023 12:13:59 	DEBUG    PDB atom names will be remapped to match structure change /dataweb/user_files/mmunicoy/ifr/FraCm2_PAE/complex_2_3.pdb -> /dataweb/user_files/mmunicoy/ifr/FraCm2_PAE/induced_fit_refinement/5_pele_energy_minimizer/complex_2/complex_2_2.pdb
11/02/2023 12:13:59 	DEBUG    Looking for metal centers to constraint for PELE
11/02/2023 12:13:59 	DEBUG    No metals were found
11/02/2023 12:13:59 	DEBUG    Created PELE simulation control file for 'complex_2 (complex_1, 2 conformations)': /dataweb/user_files/mmunicoy/ifr/FraCm2_PAE/induced_fit_refinement/6_adaptive_pele_simulation/complex_2/pele_complex_2.conf
11/02/2023 12:13:59 	INFO     Created adaptive PELE control file initialized with 'complex_1': /dataweb/user_files/mmunicoy/ifr/FraCm2_PAE/induced_fit_refinement/6_adaptive_pele_simulation/complex_2/pele_complex_2.conf
11/02/2023 12:14:00 	INFO     AdaptivePELE will be executed
11/02/2023 12:14:00 	DEBUG    DataLocal folder was copied to /dataweb/user_files/mmunicoy/ifr/FraCm2_PAE/induced_fit_refinement/6_adaptive_pele_simulation/complex_2
11/02/2023 12:14:00 	INFO     Running AdaptivePELE version 1.7.3 from /shared/software/conda/nbdsuite-latest/lib/python3.8/site-packages/AdaptivePELE
11/02/2023 12:14:00 	INFO     Congratulations! No errors found in your control file!
11/02/2023 12:14:00 	INFO     Using null density calculator (no preference for any cluster)
11/02/2023 12:14:00 	INFO     ================================
11/02/2023 12:14:00 	INFO                 PARAMS              
11/02/2023 12:14:00 	INFO     ================================
11/02/2023 12:14:00 	INFO     Restarting simulations
11/02/2023 12:14:00 	INFO     True
11/02/2023 12:14:00 	INFO     Debug:
11/02/2023 12:14:00 	INFO     False
11/02/2023 12:14:00 	INFO     Iterations: 12, Mpi processors: 16, Pele steps: 10
11/02/2023 12:14:00 	INFO     SpawningType:
11/02/2023 12:14:00 	INFO     inverselyProportional
11/02/2023 12:14:00 	INFO     SimulationType:
11/02/2023 12:14:00 	INFO     pele
11/02/2023 12:14:00 	INFO     Clustering method:
11/02/2023 12:14:00 	INFO     rmsd
11/02/2023 12:14:00 	INFO     Output path: 
11/02/2023 12:14:00 	INFO     output
11/02/2023 12:14:00 	INFO     Initial Structures: 
11/02/2023 12:14:00 	INFO     ['/dataweb/user_files/mmunicoy/ifr/FraCm2_PAE/induced_fit_refinement/5_pele_energy_minimizer/complex_2/complex_2_2.pdb']
11/02/2023 12:14:00 	INFO     ================================


11/02/2023 12:14:00 	INFO     Iteration
11/02/2023 12:14:00 	INFO     0
11/02/2023 12:14:00 	INFO     Production run...
11/02/2023 12:14:00 	INFO     mpirun -np 16 /shared/software/easybuild/x86_64/software/PELE/1.8b4/bin/PELE_mpi tmp_output/controlFile0.conf
11/02/2023 12:15:37 	INFO     PELE took 97.49 sec
11/02/2023 12:15:37 	INFO     Clustering...
11/02/2023 12:15:38 	INFO     Clustering ligand: 0.5860035419464111 sec
11/02/2023 12:15:38 	INFO     Degeneracy
11/02/2023 12:15:38 	INFO     [0, 0, 0, 0, 0, 1, 0, 1, 1, 0, 0, 0, 0, 1, 0, 1, 0, 0, 0, 0, 0, 1, 0, 0, 0, 0, 0, 1, 1, 0, 1, 1, 1, 0, 0, 1, 1, 0, 0, 1, 1]
11/02/2023 12:15:38 	INFO     Writing to 
11/02/2023 12:15:38 	INFO     tmp_output/initial_1_0.pdb
11/02/2023 12:15:38 	INFO     cluster
11/02/2023 12:15:38 	INFO     5
11/02/2023 12:15:38 	INFO     cluster center
11/02/2023 12:15:38 	INFO     Writing to 
11/02/2023 12:15:38 	INFO     tmp_output/initial_1_1.pdb
11/02/2023 12:15:38 	INFO     cluster
11/02/2023 12:15:38 	INFO     7
11/02/2023 12:15:38 	INFO     cluster center
11/02/2023 12:15:38 	INFO     Writing to 
11/02/2023 12:15:38 	INFO     tmp_output/initial_1_2.pdb
11/02/2023 12:15:38 	INFO     cluster
11/02/2023 12:15:38 	INFO     8
11/02/2023 12:15:38 	INFO     cluster center
11/02/2023 12:15:38 	INFO     Writing to 
11/02/2023 12:15:38 	INFO     tmp_output/initial_1_3.pdb
11/02/2023 12:15:38 	INFO     cluster
11/02/2023 12:15:38 	INFO     13
11/02/2023 12:15:38 	INFO     cluster center
11/02/2023 12:15:38 	INFO     Writing to 
11/02/2023 12:15:38 	INFO     tmp_output/initial_1_4.pdb
11/02/2023 12:15:38 	INFO     cluster
11/02/2023 12:15:38 	INFO     15
11/02/2023 12:15:38 	INFO     cluster center
11/02/2023 12:15:38 	INFO     Writing to 
11/02/2023 12:15:38 	INFO     tmp_output/initial_1_5.pdb
11/02/2023 12:15:38 	INFO     cluster
11/02/2023 12:15:38 	INFO     21
11/02/2023 12:15:38 	INFO     cluster center
11/02/2023 12:15:38 	INFO     Writing to 
11/02/2023 12:15:38 	INFO     tmp_output/initial_1_6.pdb
11/02/2023 12:15:38 	INFO     cluster
11/02/2023 12:15:38 	INFO     27
11/02/2023 12:15:38 	INFO     cluster center
11/02/2023 12:15:38 	INFO     Writing to 
11/02/2023 12:15:38 	INFO     tmp_output/initial_1_7.pdb
11/02/2023 12:15:38 	INFO     cluster
11/02/2023 12:15:38 	INFO     28
11/02/2023 12:15:38 	INFO     cluster center
11/02/2023 12:15:38 	INFO     Writing to 
11/02/2023 12:15:38 	INFO     tmp_output/initial_1_8.pdb
11/02/2023 12:15:38 	INFO     cluster
11/02/2023 12:15:38 	INFO     30
11/02/2023 12:15:38 	INFO     cluster center
11/02/2023 12:15:38 	INFO     Writing to 
11/02/2023 12:15:38 	INFO     tmp_output/initial_1_9.pdb
11/02/2023 12:15:38 	INFO     cluster
11/02/2023 12:15:38 	INFO     31
11/02/2023 12:15:38 	INFO     cluster center
11/02/2023 12:15:38 	INFO     Writing to 
11/02/2023 12:15:38 	INFO     tmp_output/initial_1_10.pdb
11/02/2023 12:15:38 	INFO     cluster
11/02/2023 12:15:38 	INFO     32
11/02/2023 12:15:38 	INFO     cluster center
11/02/2023 12:15:38 	INFO     Writing to 
11/02/2023 12:15:38 	INFO     tmp_output/initial_1_11.pdb
11/02/2023 12:15:38 	INFO     cluster
11/02/2023 12:15:38 	INFO     35
11/02/2023 12:15:38 	INFO     cluster center
11/02/2023 12:15:38 	INFO     Writing to 
11/02/2023 12:15:38 	INFO     tmp_output/initial_1_12.pdb
11/02/2023 12:15:38 	INFO     cluster
11/02/2023 12:15:38 	INFO     36
11/02/2023 12:15:38 	INFO     cluster center
11/02/2023 12:15:38 	INFO     Writing to 
11/02/2023 12:15:38 	INFO     tmp_output/initial_1_13.pdb
11/02/2023 12:15:38 	INFO     cluster
11/02/2023 12:15:38 	INFO     39
11/02/2023 12:15:38 	INFO     cluster center
11/02/2023 12:15:38 	INFO     Writing to 
11/02/2023 12:15:38 	INFO     tmp_output/initial_1_14.pdb
11/02/2023 12:15:38 	INFO     cluster
11/02/2023 12:15:38 	INFO     40
11/02/2023 12:15:38 	INFO     cluster center
11/02/2023 12:15:38 	INFO     counts & cluster centers
11/02/2023 12:15:38 	INFO     15
11/02/2023 12:15:38 	INFO     15
11/02/2023 12:15:38 	INFO     Iteration
11/02/2023 12:15:38 	INFO     1
11/02/2023 12:15:38 	INFO     Production run...
11/02/2023 12:15:38 	INFO     mpirun -np 16 /shared/software/easybuild/x86_64/software/PELE/1.8b4/bin/PELE_mpi tmp_output/controlFile1.conf
11/02/2023 12:17:21 	INFO     PELE took 103.20 sec
11/02/2023 12:17:21 	INFO     Clustering...
11/02/2023 12:17:22 	INFO     Clustering ligand: 0.48486328125 sec
11/02/2023 12:17:22 	INFO     Degeneracy
11/02/2023 12:17:22 	INFO     [0, 0, 0, 0, 0, 0, 0, 0, 0, 0, 0, 0, 0, 0, 0, 0, 0, 0, 0, 0, 0, 0, 0, 0, 1, 0, 0, 0, 0, 0, 0, 0, 0, 0, 0, 0, 0, 1, 0, 0, 0, 0, 1, 0, 1, 0, 1, 1, 0, 1, 1, 0, 0, 0, 1, 1, 1, 0, 0, 0, 1, 1, 1, 1]
11/02/2023 12:17:22 	INFO     Writing to 
11/02/2023 12:17:22 	INFO     tmp_output/initial_2_0.pdb
11/02/2023 12:17:22 	INFO     cluster
11/02/2023 12:17:22 	INFO     24
11/02/2023 12:17:22 	INFO     cluster center
11/02/2023 12:17:22 	INFO     Writing to 
11/02/2023 12:17:22 	INFO     tmp_output/initial_2_1.pdb
11/02/2023 12:17:22 	INFO     cluster
11/02/2023 12:17:22 	INFO     37
11/02/2023 12:17:22 	INFO     cluster center
11/02/2023 12:17:22 	INFO     Writing to 
11/02/2023 12:17:22 	INFO     tmp_output/initial_2_2.pdb
11/02/2023 12:17:22 	INFO     cluster
11/02/2023 12:17:22 	INFO     42
11/02/2023 12:17:22 	INFO     cluster center
11/02/2023 12:17:22 	INFO     Writing to 
11/02/2023 12:17:22 	INFO     tmp_output/initial_2_3.pdb
11/02/2023 12:17:22 	INFO     cluster
11/02/2023 12:17:22 	INFO     44
11/02/2023 12:17:22 	INFO     cluster center
11/02/2023 12:17:22 	INFO     Writing to 
11/02/2023 12:17:22 	INFO     tmp_output/initial_2_4.pdb
11/02/2023 12:17:22 	INFO     cluster
11/02/2023 12:17:22 	INFO     46
11/02/2023 12:17:22 	INFO     cluster center
11/02/2023 12:17:22 	INFO     Writing to 
11/02/2023 12:17:22 	INFO     tmp_output/initial_2_5.pdb
11/02/2023 12:17:22 	INFO     cluster
11/02/2023 12:17:22 	INFO     47
11/02/2023 12:17:22 	INFO     cluster center
11/02/2023 12:17:22 	INFO     Writing to 
11/02/2023 12:17:22 	INFO     tmp_output/initial_2_6.pdb
11/02/2023 12:17:22 	INFO     cluster
11/02/2023 12:17:22 	INFO     49
11/02/2023 12:17:22 	INFO     cluster center
11/02/2023 12:17:22 	INFO     Writing to 
11/02/2023 12:17:22 	INFO     tmp_output/initial_2_7.pdb
11/02/2023 12:17:22 	INFO     cluster
11/02/2023 12:17:22 	INFO     50
11/02/2023 12:17:22 	INFO     cluster center
11/02/2023 12:17:22 	INFO     Writing to 
11/02/2023 12:17:22 	INFO     tmp_output/initial_2_8.pdb
11/02/2023 12:17:22 	INFO     cluster
11/02/2023 12:17:22 	INFO     54
11/02/2023 12:17:22 	INFO     cluster center
11/02/2023 12:17:22 	INFO     Writing to 
11/02/2023 12:17:22 	INFO     tmp_output/initial_2_9.pdb
11/02/2023 12:17:22 	INFO     cluster
11/02/2023 12:17:22 	INFO     55
11/02/2023 12:17:22 	INFO     cluster center
11/02/2023 12:17:22 	INFO     Writing to 
11/02/2023 12:17:22 	INFO     tmp_output/initial_2_10.pdb
11/02/2023 12:17:22 	INFO     cluster
11/02/2023 12:17:22 	INFO     56
11/02/2023 12:17:22 	INFO     cluster center
11/02/2023 12:17:22 	INFO     Writing to 
11/02/2023 12:17:22 	INFO     tmp_output/initial_2_11.pdb
11/02/2023 12:17:22 	INFO     cluster
11/02/2023 12:17:22 	INFO     60
11/02/2023 12:17:22 	INFO     cluster center
11/02/2023 12:17:22 	INFO     Writing to 
11/02/2023 12:17:22 	INFO     tmp_output/initial_2_12.pdb
11/02/2023 12:17:22 	INFO     cluster
11/02/2023 12:17:22 	INFO     61
11/02/2023 12:17:22 	INFO     cluster center
11/02/2023 12:17:22 	INFO     Writing to 
11/02/2023 12:17:22 	INFO     tmp_output/initial_2_13.pdb
11/02/2023 12:17:22 	INFO     cluster
11/02/2023 12:17:22 	INFO     62
11/02/2023 12:17:22 	INFO     cluster center
11/02/2023 12:17:22 	INFO     Writing to 
11/02/2023 12:17:22 	INFO     tmp_output/initial_2_14.pdb
11/02/2023 12:17:22 	INFO     cluster
11/02/2023 12:17:22 	INFO     63
11/02/2023 12:17:22 	INFO     cluster center
11/02/2023 12:17:22 	INFO     counts & cluster centers
11/02/2023 12:17:22 	INFO     15
11/02/2023 12:17:22 	INFO     15
11/02/2023 12:17:22 	INFO     Iteration
11/02/2023 12:17:22 	INFO     2
11/02/2023 12:17:22 	INFO     Production run...
11/02/2023 12:17:22 	INFO     mpirun -np 16 /shared/software/easybuild/x86_64/software/PELE/1.8b4/bin/PELE_mpi tmp_output/controlFile2.conf
11/02/2023 12:18:45 	INFO     PELE took 83.11 sec
11/02/2023 12:18:45 	INFO     Clustering...
11/02/2023 12:18:45 	INFO     Clustering ligand: 0.46015191078186035 sec
11/02/2023 12:18:45 	INFO     Degeneracy
11/02/2023 12:18:45 	INFO     [0, 0, 0, 0, 0, 0, 0, 0, 0, 0, 0, 0, 0, 0, 0, 0, 0, 0, 0, 0, 0, 0, 0, 0, 0, 0, 0, 0, 0, 0, 0, 0, 0, 0, 0, 0, 0, 0, 0, 0, 0, 0, 0, 0, 0, 0, 0, 0, 0, 0, 0, 0, 0, 0, 0, 0, 0, 0, 0, 0, 0, 0, 0, 0, 0, 0, 0, 1, 1, 1, 1, 1, 1, 1, 1, 1, 1, 0, 0, 1, 1, 1, 1, 1, 0]
11/02/2023 12:18:45 	INFO     Writing to 
11/02/2023 12:18:45 	INFO     tmp_output/initial_3_0.pdb
11/02/2023 12:18:45 	INFO     cluster
11/02/2023 12:18:45 	INFO     67
11/02/2023 12:18:45 	INFO     cluster center
11/02/2023 12:18:45 	INFO     Writing to 
11/02/2023 12:18:45 	INFO     tmp_output/initial_3_1.pdb
11/02/2023 12:18:45 	INFO     cluster
11/02/2023 12:18:45 	INFO     68
11/02/2023 12:18:45 	INFO     cluster center
11/02/2023 12:18:45 	INFO     Writing to 
11/02/2023 12:18:45 	INFO     tmp_output/initial_3_2.pdb
11/02/2023 12:18:45 	INFO     cluster
11/02/2023 12:18:45 	INFO     69
11/02/2023 12:18:45 	INFO     cluster center
11/02/2023 12:18:45 	INFO     Writing to 
11/02/2023 12:18:45 	INFO     tmp_output/initial_3_3.pdb
11/02/2023 12:18:45 	INFO     cluster
11/02/2023 12:18:45 	INFO     70
11/02/2023 12:18:45 	INFO     cluster center
11/02/2023 12:18:45 	INFO     Writing to 
11/02/2023 12:18:45 	INFO     tmp_output/initial_3_4.pdb
11/02/2023 12:18:45 	INFO     cluster
11/02/2023 12:18:45 	INFO     71
11/02/2023 12:18:45 	INFO     cluster center
11/02/2023 12:18:45 	INFO     Writing to 
11/02/2023 12:18:45 	INFO     tmp_output/initial_3_5.pdb
11/02/2023 12:18:45 	INFO     cluster
11/02/2023 12:18:45 	INFO     72
11/02/2023 12:18:45 	INFO     cluster center
11/02/2023 12:18:45 	INFO     Writing to 
11/02/2023 12:18:45 	INFO     tmp_output/initial_3_6.pdb
11/02/2023 12:18:45 	INFO     cluster
11/02/2023 12:18:45 	INFO     73
11/02/2023 12:18:45 	INFO     cluster center
11/02/2023 12:18:45 	INFO     Writing to 
11/02/2023 12:18:45 	INFO     tmp_output/initial_3_7.pdb
11/02/2023 12:18:45 	INFO     cluster
11/02/2023 12:18:45 	INFO     74
11/02/2023 12:18:45 	INFO     cluster center
11/02/2023 12:18:45 	INFO     Writing to 
11/02/2023 12:18:45 	INFO     tmp_output/initial_3_8.pdb
11/02/2023 12:18:45 	INFO     cluster
11/02/2023 12:18:45 	INFO     75
11/02/2023 12:18:45 	INFO     cluster center
11/02/2023 12:18:45 	INFO     Writing to 
11/02/2023 12:18:45 	INFO     tmp_output/initial_3_9.pdb
11/02/2023 12:18:45 	INFO     cluster
11/02/2023 12:18:45 	INFO     76
11/02/2023 12:18:45 	INFO     cluster center
11/02/2023 12:18:45 	INFO     Writing to 
11/02/2023 12:18:45 	INFO     tmp_output/initial_3_10.pdb
11/02/2023 12:18:45 	INFO     cluster
11/02/2023 12:18:45 	INFO     79
11/02/2023 12:18:45 	INFO     cluster center
11/02/2023 12:18:45 	INFO     Writing to 
11/02/2023 12:18:45 	INFO     tmp_output/initial_3_11.pdb
11/02/2023 12:18:45 	INFO     cluster
11/02/2023 12:18:45 	INFO     80
11/02/2023 12:18:45 	INFO     cluster center
11/02/2023 12:18:45 	INFO     Writing to 
11/02/2023 12:18:45 	INFO     tmp_output/initial_3_12.pdb
11/02/2023 12:18:45 	INFO     cluster
11/02/2023 12:18:45 	INFO     81
11/02/2023 12:18:45 	INFO     cluster center
11/02/2023 12:18:45 	INFO     Writing to 
11/02/2023 12:18:45 	INFO     tmp_output/initial_3_13.pdb
11/02/2023 12:18:45 	INFO     cluster
11/02/2023 12:18:45 	INFO     82
11/02/2023 12:18:45 	INFO     cluster center
11/02/2023 12:18:45 	INFO     Writing to 
11/02/2023 12:18:45 	INFO     tmp_output/initial_3_14.pdb
11/02/2023 12:18:45 	INFO     cluster
11/02/2023 12:18:45 	INFO     83
11/02/2023 12:18:45 	INFO     cluster center
11/02/2023 12:18:45 	INFO     counts & cluster centers
11/02/2023 12:18:45 	INFO     15
11/02/2023 12:18:45 	INFO     15
11/02/2023 12:18:45 	INFO     Iteration
11/02/2023 12:18:45 	INFO     3
11/02/2023 12:18:45 	INFO     Production run...
11/02/2023 12:18:45 	INFO     mpirun -np 16 /shared/software/easybuild/x86_64/software/PELE/1.8b4/bin/PELE_mpi tmp_output/controlFile3.conf
11/02/2023 12:20:16 	INFO     PELE took 90.54 sec
11/02/2023 12:20:16 	INFO     Clustering...
11/02/2023 12:20:16 	INFO     Clustering ligand: 0.5026760101318359 sec
11/02/2023 12:20:16 	INFO     Degeneracy
11/02/2023 12:20:16 	INFO     [0, 0, 0, 0, 0, 0, 0, 0, 0, 0, 0, 0, 0, 0, 0, 0, 0, 0, 0, 0, 0, 0, 0, 0, 0, 0, 0, 0, 0, 0, 0, 0, 0, 0, 0, 0, 0, 0, 0, 0, 0, 0, 0, 0, 0, 0, 0, 0, 1, 0, 1, 0, 0, 0, 0, 1, 0, 1, 0, 1, 0, 1, 1, 0, 0, 1, 0, 1, 0, 0, 0, 0, 0, 0, 0, 0, 0, 0, 0, 0, 0, 0, 0, 0, 0, 0, 0, 1, 1, 0, 1, 1, 1, 0, 0, 0, 1, 0]
11/02/2023 12:20:16 	INFO     Writing to 
11/02/2023 12:20:16 	INFO     tmp_output/initial_4_0.pdb
11/02/2023 12:20:16 	INFO     cluster
11/02/2023 12:20:16 	INFO     48
11/02/2023 12:20:16 	INFO     cluster center
11/02/2023 12:20:16 	INFO     Writing to 
11/02/2023 12:20:16 	INFO     tmp_output/initial_4_1.pdb
11/02/2023 12:20:16 	INFO     cluster
11/02/2023 12:20:16 	INFO     50
11/02/2023 12:20:16 	INFO     cluster center
11/02/2023 12:20:16 	INFO     Writing to 
11/02/2023 12:20:16 	INFO     tmp_output/initial_4_2.pdb
11/02/2023 12:20:16 	INFO     cluster
11/02/2023 12:20:16 	INFO     55
11/02/2023 12:20:16 	INFO     cluster center
11/02/2023 12:20:16 	INFO     Writing to 
11/02/2023 12:20:16 	INFO     tmp_output/initial_4_3.pdb
11/02/2023 12:20:16 	INFO     cluster
11/02/2023 12:20:16 	INFO     57
11/02/2023 12:20:16 	INFO     cluster center
11/02/2023 12:20:16 	INFO     Writing to 
11/02/2023 12:20:16 	INFO     tmp_output/initial_4_4.pdb
11/02/2023 12:20:16 	INFO     cluster
11/02/2023 12:20:16 	INFO     59
11/02/2023 12:20:16 	INFO     alternative structure
11/02/2023 12:20:16 	INFO     Writing to 
11/02/2023 12:20:16 	INFO     tmp_output/initial_4_5.pdb
11/02/2023 12:20:16 	INFO     cluster
11/02/2023 12:20:16 	INFO     61
11/02/2023 12:20:16 	INFO     cluster center
11/02/2023 12:20:16 	INFO     Writing to 
11/02/2023 12:20:16 	INFO     tmp_output/initial_4_6.pdb
11/02/2023 12:20:16 	INFO     cluster
11/02/2023 12:20:16 	INFO     62
11/02/2023 12:20:16 	INFO     cluster center
11/02/2023 12:20:16 	INFO     Writing to 
11/02/2023 12:20:16 	INFO     tmp_output/initial_4_7.pdb
11/02/2023 12:20:16 	INFO     cluster
11/02/2023 12:20:16 	INFO     65
11/02/2023 12:20:16 	INFO     alternative structure
11/02/2023 12:20:16 	INFO     Writing to 
11/02/2023 12:20:16 	INFO     tmp_output/initial_4_8.pdb
11/02/2023 12:20:16 	INFO     cluster
11/02/2023 12:20:16 	INFO     67
11/02/2023 12:20:16 	INFO     cluster center
11/02/2023 12:20:16 	INFO     Writing to 
11/02/2023 12:20:16 	INFO     tmp_output/initial_4_9.pdb
11/02/2023 12:20:16 	INFO     cluster
11/02/2023 12:20:16 	INFO     87
11/02/2023 12:20:16 	INFO     cluster center
11/02/2023 12:20:16 	INFO     Writing to 
11/02/2023 12:20:16 	INFO     tmp_output/initial_4_10.pdb
11/02/2023 12:20:16 	INFO     cluster
11/02/2023 12:20:16 	INFO     88
11/02/2023 12:20:16 	INFO     cluster center
11/02/2023 12:20:16 	INFO     Writing to 
11/02/2023 12:20:16 	INFO     tmp_output/initial_4_11.pdb
11/02/2023 12:20:16 	INFO     cluster
11/02/2023 12:20:16 	INFO     90
11/02/2023 12:20:16 	INFO     cluster center
11/02/2023 12:20:16 	INFO     Writing to 
11/02/2023 12:20:16 	INFO     tmp_output/initial_4_12.pdb
11/02/2023 12:20:16 	INFO     cluster
11/02/2023 12:20:16 	INFO     91
11/02/2023 12:20:16 	INFO     cluster center
11/02/2023 12:20:16 	INFO     Writing to 
11/02/2023 12:20:16 	INFO     tmp_output/initial_4_13.pdb
11/02/2023 12:20:16 	INFO     cluster
11/02/2023 12:20:16 	INFO     92
11/02/2023 12:20:16 	INFO     cluster center
11/02/2023 12:20:16 	INFO     Writing to 
11/02/2023 12:20:16 	INFO     tmp_output/initial_4_14.pdb
11/02/2023 12:20:16 	INFO     cluster
11/02/2023 12:20:16 	INFO     96
11/02/2023 12:20:16 	INFO     cluster center
11/02/2023 12:20:16 	INFO     counts & cluster centers
11/02/2023 12:20:16 	INFO     15
11/02/2023 12:20:16 	INFO     15
11/02/2023 12:20:16 	INFO     Iteration
11/02/2023 12:20:16 	INFO     4
11/02/2023 12:20:16 	INFO     Production run...
11/02/2023 12:20:16 	INFO     mpirun -np 16 /shared/software/easybuild/x86_64/software/PELE/1.8b4/bin/PELE_mpi tmp_output/controlFile4.conf
11/02/2023 12:21:42 	INFO     PELE took 85.94 sec
11/02/2023 12:21:42 	INFO     Clustering...
11/02/2023 12:21:43 	INFO     Clustering ligand: 0.41672277450561523 sec
11/02/2023 12:21:43 	INFO     Degeneracy
11/02/2023 12:21:43 	INFO     [0, 0, 0, 0, 0, 0, 0, 0, 0, 0, 0, 0, 0, 0, 0, 0, 0, 0, 0, 0, 0, 0, 0, 0, 0, 0, 0, 0, 0, 0, 0, 0, 0, 0, 0, 0, 0, 0, 0, 0, 0, 0, 0, 1, 1, 0, 0, 0, 0, 0, 0, 0, 0, 0, 0, 0, 0, 0, 0, 0, 0, 0, 0, 0, 0, 0, 0, 0, 0, 0, 0, 0, 0, 0, 0, 0, 0, 0, 0, 0, 0, 0, 0, 1, 0, 0, 0, 0, 0, 1, 1, 0, 0, 0, 0, 0, 0, 0, 1, 1, 1, 1, 1, 1, 1, 1, 1, 1]
11/02/2023 12:21:43 	INFO     Writing to 
11/02/2023 12:21:43 	INFO     tmp_output/initial_5_0.pdb
11/02/2023 12:21:43 	INFO     cluster
11/02/2023 12:21:43 	INFO     43
11/02/2023 12:21:43 	INFO     alternative structure
11/02/2023 12:21:43 	INFO     Writing to 
11/02/2023 12:21:43 	INFO     tmp_output/initial_5_1.pdb
11/02/2023 12:21:43 	INFO     cluster
11/02/2023 12:21:43 	INFO     44
11/02/2023 12:21:43 	INFO     cluster center
11/02/2023 12:21:43 	INFO     Writing to 
11/02/2023 12:21:43 	INFO     tmp_output/initial_5_2.pdb
11/02/2023 12:21:43 	INFO     cluster
11/02/2023 12:21:43 	INFO     83
11/02/2023 12:21:43 	INFO     cluster center
11/02/2023 12:21:43 	INFO     Writing to 
11/02/2023 12:21:43 	INFO     tmp_output/initial_5_3.pdb
11/02/2023 12:21:43 	INFO     cluster
11/02/2023 12:21:43 	INFO     89
11/02/2023 12:21:43 	INFO     alternative structure
11/02/2023 12:21:43 	INFO     Writing to 
11/02/2023 12:21:43 	INFO     tmp_output/initial_5_4.pdb
11/02/2023 12:21:43 	INFO     cluster
11/02/2023 12:21:43 	INFO     90
11/02/2023 12:21:43 	INFO     cluster center
11/02/2023 12:21:43 	INFO     Writing to 
11/02/2023 12:21:43 	INFO     tmp_output/initial_5_5.pdb
11/02/2023 12:21:43 	INFO     cluster
11/02/2023 12:21:43 	INFO     98
11/02/2023 12:21:43 	INFO     cluster center
11/02/2023 12:21:43 	INFO     Writing to 
11/02/2023 12:21:43 	INFO     tmp_output/initial_5_6.pdb
11/02/2023 12:21:43 	INFO     cluster
11/02/2023 12:21:43 	INFO     99
11/02/2023 12:21:43 	INFO     cluster center
11/02/2023 12:21:43 	INFO     Writing to 
11/02/2023 12:21:43 	INFO     tmp_output/initial_5_7.pdb
11/02/2023 12:21:43 	INFO     cluster
11/02/2023 12:21:43 	INFO     100
11/02/2023 12:21:43 	INFO     cluster center
11/02/2023 12:21:43 	INFO     Writing to 
11/02/2023 12:21:43 	INFO     tmp_output/initial_5_8.pdb
11/02/2023 12:21:43 	INFO     cluster
11/02/2023 12:21:43 	INFO     101
11/02/2023 12:21:43 	INFO     cluster center
11/02/2023 12:21:43 	INFO     Writing to 
11/02/2023 12:21:43 	INFO     tmp_output/initial_5_9.pdb
11/02/2023 12:21:43 	INFO     cluster
11/02/2023 12:21:43 	INFO     102
11/02/2023 12:21:43 	INFO     cluster center
11/02/2023 12:21:43 	INFO     Writing to 
11/02/2023 12:21:43 	INFO     tmp_output/initial_5_10.pdb
11/02/2023 12:21:43 	INFO     cluster
11/02/2023 12:21:43 	INFO     103
11/02/2023 12:21:43 	INFO     cluster center
11/02/2023 12:21:43 	INFO     Writing to 
11/02/2023 12:21:43 	INFO     tmp_output/initial_5_11.pdb
11/02/2023 12:21:43 	INFO     cluster
11/02/2023 12:21:43 	INFO     104
11/02/2023 12:21:43 	INFO     cluster center
11/02/2023 12:21:43 	INFO     Writing to 
11/02/2023 12:21:43 	INFO     tmp_output/initial_5_12.pdb
11/02/2023 12:21:43 	INFO     cluster
11/02/2023 12:21:43 	INFO     105
11/02/2023 12:21:43 	INFO     cluster center
11/02/2023 12:21:43 	INFO     Writing to 
11/02/2023 12:21:43 	INFO     tmp_output/initial_5_13.pdb
11/02/2023 12:21:43 	INFO     cluster
11/02/2023 12:21:43 	INFO     106
11/02/2023 12:21:43 	INFO     cluster center
11/02/2023 12:21:43 	INFO     Writing to 
11/02/2023 12:21:43 	INFO     tmp_output/initial_5_14.pdb
11/02/2023 12:21:43 	INFO     cluster
11/02/2023 12:21:43 	INFO     107
11/02/2023 12:21:43 	INFO     cluster center
11/02/2023 12:21:43 	INFO     counts & cluster centers
11/02/2023 12:21:43 	INFO     15
11/02/2023 12:21:43 	INFO     15
11/02/2023 12:21:43 	INFO     Iteration
11/02/2023 12:21:43 	INFO     5
11/02/2023 12:21:43 	INFO     Production run...
11/02/2023 12:21:43 	INFO     mpirun -np 16 /shared/software/easybuild/x86_64/software/PELE/1.8b4/bin/PELE_mpi tmp_output/controlFile5.conf
11/02/2023 12:23:05 	INFO     PELE took 82.34 sec
11/02/2023 12:23:05 	INFO     Clustering...
11/02/2023 12:23:06 	INFO     Clustering ligand: 0.47386813163757324 sec
11/02/2023 12:23:06 	INFO     Degeneracy
11/02/2023 12:23:06 	INFO     [0, 1, 0, 0, 0, 0, 0, 0, 0, 0, 0, 0, 0, 0, 0, 0, 0, 0, 0, 0, 0, 1, 0, 0, 0, 0, 0, 1, 0, 0, 0, 0, 0, 0, 0, 0, 1, 0, 0, 0, 0, 0, 0, 0, 0, 0, 0, 0, 0, 0, 0, 0, 0, 0, 0, 0, 0, 0, 0, 0, 0, 0, 0, 0, 0, 0, 0, 0, 0, 0, 0, 0, 0, 1, 0, 0, 1, 0, 0, 0, 0, 1, 0, 0, 0, 0, 0, 0, 0, 0, 0, 0, 0, 0, 0, 0, 0, 0, 0, 0, 0, 0, 0, 0, 0, 0, 0, 0, 0, 1, 0, 1, 1, 1, 1, 1, 1, 1]
11/02/2023 12:23:06 	INFO     Writing to 
11/02/2023 12:23:06 	INFO     tmp_output/initial_6_0.pdb
11/02/2023 12:23:06 	INFO     cluster
11/02/2023 12:23:06 	INFO     1
11/02/2023 12:23:06 	INFO     alternative structure
11/02/2023 12:23:06 	INFO     Writing to 
11/02/2023 12:23:06 	INFO     tmp_output/initial_6_1.pdb
11/02/2023 12:23:06 	INFO     cluster
11/02/2023 12:23:06 	INFO     21
11/02/2023 12:23:06 	INFO     cluster center
11/02/2023 12:23:06 	INFO     Writing to 
11/02/2023 12:23:06 	INFO     tmp_output/initial_6_2.pdb
11/02/2023 12:23:06 	INFO     cluster
11/02/2023 12:23:06 	INFO     27
11/02/2023 12:23:06 	INFO     cluster center
11/02/2023 12:23:06 	INFO     Writing to 
11/02/2023 12:23:06 	INFO     tmp_output/initial_6_3.pdb
11/02/2023 12:23:06 	INFO     cluster
11/02/2023 12:23:06 	INFO     36
11/02/2023 12:23:06 	INFO     cluster center
11/02/2023 12:23:06 	INFO     Writing to 
11/02/2023 12:23:06 	INFO     tmp_output/initial_6_4.pdb
11/02/2023 12:23:06 	INFO     cluster
11/02/2023 12:23:06 	INFO     73
11/02/2023 12:23:06 	INFO     cluster center
11/02/2023 12:23:06 	INFO     Writing to 
11/02/2023 12:23:06 	INFO     tmp_output/initial_6_5.pdb
11/02/2023 12:23:06 	INFO     cluster
11/02/2023 12:23:06 	INFO     76
11/02/2023 12:23:06 	INFO     cluster center
11/02/2023 12:23:06 	INFO     Writing to 
11/02/2023 12:23:06 	INFO     tmp_output/initial_6_6.pdb
11/02/2023 12:23:06 	INFO     cluster
11/02/2023 12:23:06 	INFO     81
11/02/2023 12:23:06 	INFO     cluster center
11/02/2023 12:23:06 	INFO     Writing to 
11/02/2023 12:23:06 	INFO     tmp_output/initial_6_7.pdb
11/02/2023 12:23:06 	INFO     cluster
11/02/2023 12:23:06 	INFO     109
11/02/2023 12:23:06 	INFO     alternative structure
11/02/2023 12:23:06 	INFO     Writing to 
11/02/2023 12:23:06 	INFO     tmp_output/initial_6_8.pdb
11/02/2023 12:23:06 	INFO     cluster
11/02/2023 12:23:06 	INFO     111
11/02/2023 12:23:06 	INFO     cluster center
11/02/2023 12:23:06 	INFO     Writing to 
11/02/2023 12:23:06 	INFO     tmp_output/initial_6_9.pdb
11/02/2023 12:23:06 	INFO     cluster
11/02/2023 12:23:06 	INFO     112
11/02/2023 12:23:06 	INFO     cluster center
11/02/2023 12:23:06 	INFO     Writing to 
11/02/2023 12:23:06 	INFO     tmp_output/initial_6_10.pdb
11/02/2023 12:23:06 	INFO     cluster
11/02/2023 12:23:06 	INFO     113
11/02/2023 12:23:06 	INFO     cluster center
11/02/2023 12:23:06 	INFO     Writing to 
11/02/2023 12:23:06 	INFO     tmp_output/initial_6_11.pdb
11/02/2023 12:23:06 	INFO     cluster
11/02/2023 12:23:06 	INFO     114
11/02/2023 12:23:06 	INFO     cluster center
11/02/2023 12:23:06 	INFO     Writing to 
11/02/2023 12:23:06 	INFO     tmp_output/initial_6_12.pdb
11/02/2023 12:23:06 	INFO     cluster
11/02/2023 12:23:06 	INFO     115
11/02/2023 12:23:06 	INFO     cluster center
11/02/2023 12:23:06 	INFO     Writing to 
11/02/2023 12:23:06 	INFO     tmp_output/initial_6_13.pdb
11/02/2023 12:23:06 	INFO     cluster
11/02/2023 12:23:06 	INFO     116
11/02/2023 12:23:06 	INFO     cluster center
11/02/2023 12:23:06 	INFO     Writing to 
11/02/2023 12:23:06 	INFO     tmp_output/initial_6_14.pdb
11/02/2023 12:23:06 	INFO     cluster
11/02/2023 12:23:06 	INFO     117
11/02/2023 12:23:06 	INFO     cluster center
11/02/2023 12:23:06 	INFO     counts & cluster centers
11/02/2023 12:23:06 	INFO     15
11/02/2023 12:23:06 	INFO     15
11/02/2023 12:23:06 	INFO     Iteration
11/02/2023 12:23:06 	INFO     6
11/02/2023 12:23:06 	INFO     Production run...
11/02/2023 12:23:06 	INFO     mpirun -np 16 /shared/software/easybuild/x86_64/software/PELE/1.8b4/bin/PELE_mpi tmp_output/controlFile6.conf
11/02/2023 12:24:32 	INFO     PELE took 85.89 sec
11/02/2023 12:24:32 	INFO     Clustering...
11/02/2023 12:24:32 	INFO     Clustering ligand: 0.4814441204071045 sec
11/02/2023 12:24:32 	INFO     Degeneracy
11/02/2023 12:24:32 	INFO     [0, 0, 0, 0, 0, 0, 0, 0, 0, 0, 0, 0, 0, 0, 0, 0, 0, 0, 0, 0, 0, 0, 0, 0, 0, 0, 0, 0, 0, 0, 0, 0, 0, 0, 0, 0, 0, 1, 0, 0, 0, 0, 0, 0, 0, 0, 0, 0, 0, 0, 0, 0, 0, 0, 0, 0, 0, 0, 0, 0, 0, 0, 0, 0, 0, 0, 0, 0, 0, 0, 0, 1, 0, 0, 0, 1, 0, 0, 0, 0, 0, 0, 0, 0, 0, 0, 0, 0, 0, 0, 0, 0, 0, 0, 0, 1, 0, 1, 0, 1, 1, 0, 0, 0, 0, 0, 0, 0, 0, 0, 0, 0, 0, 0, 0, 0, 0, 0, 1, 0, 1, 1, 0, 1, 0, 0, 1, 1, 1, 1]
11/02/2023 12:24:32 	INFO     Writing to 
11/02/2023 12:24:32 	INFO     tmp_output/initial_7_0.pdb
11/02/2023 12:24:32 	INFO     cluster
11/02/2023 12:24:32 	INFO     37
11/02/2023 12:24:32 	INFO     cluster center
11/02/2023 12:24:32 	INFO     Writing to 
11/02/2023 12:24:32 	INFO     tmp_output/initial_7_1.pdb
11/02/2023 12:24:32 	INFO     cluster
11/02/2023 12:24:32 	INFO     71
11/02/2023 12:24:32 	INFO     cluster center
11/02/2023 12:24:32 	INFO     Writing to 
11/02/2023 12:24:32 	INFO     tmp_output/initial_7_2.pdb
11/02/2023 12:24:32 	INFO     cluster
11/02/2023 12:24:32 	INFO     75
11/02/2023 12:24:32 	INFO     cluster center
11/02/2023 12:24:32 	INFO     Writing to 
11/02/2023 12:24:32 	INFO     tmp_output/initial_7_3.pdb
11/02/2023 12:24:32 	INFO     cluster
11/02/2023 12:24:32 	INFO     95
11/02/2023 12:24:32 	INFO     alternative structure
11/02/2023 12:24:32 	INFO     Writing to 
11/02/2023 12:24:32 	INFO     tmp_output/initial_7_4.pdb
11/02/2023 12:24:32 	INFO     cluster
11/02/2023 12:24:32 	INFO     97
11/02/2023 12:24:32 	INFO     alternative structure
11/02/2023 12:24:32 	INFO     Writing to 
11/02/2023 12:24:32 	INFO     tmp_output/initial_7_5.pdb
11/02/2023 12:24:32 	INFO     cluster
11/02/2023 12:24:32 	INFO     99
11/02/2023 12:24:32 	INFO     cluster center
11/02/2023 12:24:32 	INFO     Writing to 
11/02/2023 12:24:32 	INFO     tmp_output/initial_7_6.pdb
11/02/2023 12:24:32 	INFO     cluster
11/02/2023 12:24:32 	INFO     100
11/02/2023 12:24:32 	INFO     cluster center
11/02/2023 12:24:32 	INFO     Writing to 
11/02/2023 12:24:32 	INFO     tmp_output/initial_7_7.pdb
11/02/2023 12:24:32 	INFO     cluster
11/02/2023 12:24:32 	INFO     118
11/02/2023 12:24:32 	INFO     cluster center
11/02/2023 12:24:32 	INFO     Writing to 
11/02/2023 12:24:32 	INFO     tmp_output/initial_7_8.pdb
11/02/2023 12:24:32 	INFO     cluster
11/02/2023 12:24:32 	INFO     120
11/02/2023 12:24:32 	INFO     cluster center
11/02/2023 12:24:32 	INFO     Writing to 
11/02/2023 12:24:32 	INFO     tmp_output/initial_7_9.pdb
11/02/2023 12:24:32 	INFO     cluster
11/02/2023 12:24:32 	INFO     121
11/02/2023 12:24:32 	INFO     cluster center
11/02/2023 12:24:32 	INFO     Writing to 
11/02/2023 12:24:32 	INFO     tmp_output/initial_7_10.pdb
11/02/2023 12:24:32 	INFO     cluster
11/02/2023 12:24:32 	INFO     123
11/02/2023 12:24:32 	INFO     cluster center
11/02/2023 12:24:32 	INFO     Writing to 
11/02/2023 12:24:32 	INFO     tmp_output/initial_7_11.pdb
11/02/2023 12:24:32 	INFO     cluster
11/02/2023 12:24:32 	INFO     126
11/02/2023 12:24:32 	INFO     cluster center
11/02/2023 12:24:32 	INFO     Writing to 
11/02/2023 12:24:32 	INFO     tmp_output/initial_7_12.pdb
11/02/2023 12:24:32 	INFO     cluster
11/02/2023 12:24:32 	INFO     127
11/02/2023 12:24:32 	INFO     cluster center
11/02/2023 12:24:32 	INFO     Writing to 
11/02/2023 12:24:32 	INFO     tmp_output/initial_7_13.pdb
11/02/2023 12:24:32 	INFO     cluster
11/02/2023 12:24:32 	INFO     128
11/02/2023 12:24:32 	INFO     cluster center
11/02/2023 12:24:32 	INFO     Writing to 
11/02/2023 12:24:32 	INFO     tmp_output/initial_7_14.pdb
11/02/2023 12:24:32 	INFO     cluster
11/02/2023 12:24:32 	INFO     129
11/02/2023 12:24:32 	INFO     cluster center
11/02/2023 12:24:32 	INFO     counts & cluster centers
11/02/2023 12:24:32 	INFO     15
11/02/2023 12:24:32 	INFO     15
11/02/2023 12:24:32 	INFO     Iteration
11/02/2023 12:24:32 	INFO     7
11/02/2023 12:24:32 	INFO     Production run...
11/02/2023 12:24:32 	INFO     mpirun -np 16 /shared/software/easybuild/x86_64/software/PELE/1.8b4/bin/PELE_mpi tmp_output/controlFile7.conf
11/02/2023 12:26:12 	INFO     PELE took 99.69 sec
11/02/2023 12:26:12 	INFO     Clustering...
11/02/2023 12:26:12 	INFO     Clustering ligand: 0.38899874687194824 sec
11/02/2023 12:26:12 	INFO     Degeneracy
11/02/2023 12:26:12 	INFO     [0, 0, 0, 0, 0, 0, 0, 0, 0, 0, 0, 0, 0, 0, 0, 0, 0, 0, 0, 0, 0, 0, 0, 0, 0, 0, 0, 0, 0, 0, 0, 0, 0, 0, 0, 0, 0, 0, 0, 0, 0, 0, 0, 0, 0, 0, 0, 0, 0, 0, 0, 0, 0, 0, 0, 0, 0, 0, 0, 0, 0, 0, 0, 0, 0, 0, 0, 0, 0, 0, 1, 0, 0, 0, 0, 0, 0, 0, 0, 0, 0, 0, 0, 0, 0, 0, 0, 0, 0, 0, 0, 0, 0, 0, 0, 0, 0, 0, 0, 0, 0, 0, 0, 0, 0, 1, 0, 0, 0, 0, 0, 0, 0, 1, 0, 0, 0, 0, 0, 0, 0, 1, 0, 1, 0, 1, 1, 0, 0, 0, 1, 0, 1, 1, 1, 1, 1, 1, 1]
11/02/2023 12:26:12 	INFO     Writing to 
11/02/2023 12:26:12 	INFO     tmp_output/initial_8_0.pdb
11/02/2023 12:26:12 	INFO     cluster
11/02/2023 12:26:12 	INFO     70
11/02/2023 12:26:12 	INFO     cluster center
11/02/2023 12:26:12 	INFO     Writing to 
11/02/2023 12:26:12 	INFO     tmp_output/initial_8_1.pdb
11/02/2023 12:26:12 	INFO     cluster
11/02/2023 12:26:12 	INFO     105
11/02/2023 12:26:12 	INFO     cluster center
11/02/2023 12:26:12 	INFO     Writing to 
11/02/2023 12:26:12 	INFO     tmp_output/initial_8_2.pdb
11/02/2023 12:26:12 	INFO     cluster
11/02/2023 12:26:12 	INFO     113
11/02/2023 12:26:12 	INFO     cluster center
11/02/2023 12:26:12 	INFO     Writing to 
11/02/2023 12:26:12 	INFO     tmp_output/initial_8_3.pdb
11/02/2023 12:26:12 	INFO     cluster
11/02/2023 12:26:12 	INFO     121
11/02/2023 12:26:12 	INFO     cluster center
11/02/2023 12:26:12 	INFO     Writing to 
11/02/2023 12:26:12 	INFO     tmp_output/initial_8_4.pdb
11/02/2023 12:26:12 	INFO     cluster
11/02/2023 12:26:12 	INFO     123
11/02/2023 12:26:12 	INFO     cluster center
11/02/2023 12:26:12 	INFO     Writing to 
11/02/2023 12:26:12 	INFO     tmp_output/initial_8_5.pdb
11/02/2023 12:26:12 	INFO     cluster
11/02/2023 12:26:12 	INFO     125
11/02/2023 12:26:12 	INFO     cluster center
11/02/2023 12:26:12 	INFO     Writing to 
11/02/2023 12:26:12 	INFO     tmp_output/initial_8_6.pdb
11/02/2023 12:26:12 	INFO     cluster
11/02/2023 12:26:12 	INFO     126
11/02/2023 12:26:12 	INFO     cluster center
11/02/2023 12:26:12 	INFO     Writing to 
11/02/2023 12:26:12 	INFO     tmp_output/initial_8_7.pdb
11/02/2023 12:26:12 	INFO     cluster
11/02/2023 12:26:12 	INFO     130
11/02/2023 12:26:12 	INFO     cluster center
11/02/2023 12:26:12 	INFO     Writing to 
11/02/2023 12:26:12 	INFO     tmp_output/initial_8_8.pdb
11/02/2023 12:26:12 	INFO     cluster
11/02/2023 12:26:12 	INFO     132
11/02/2023 12:26:12 	INFO     cluster center
11/02/2023 12:26:12 	INFO     Writing to 
11/02/2023 12:26:12 	INFO     tmp_output/initial_8_9.pdb
11/02/2023 12:26:12 	INFO     cluster
11/02/2023 12:26:12 	INFO     133
11/02/2023 12:26:12 	INFO     cluster center
11/02/2023 12:26:12 	INFO     Writing to 
11/02/2023 12:26:12 	INFO     tmp_output/initial_8_10.pdb
11/02/2023 12:26:12 	INFO     cluster
11/02/2023 12:26:12 	INFO     134
11/02/2023 12:26:12 	INFO     cluster center
11/02/2023 12:26:12 	INFO     Writing to 
11/02/2023 12:26:12 	INFO     tmp_output/initial_8_11.pdb
11/02/2023 12:26:12 	INFO     cluster
11/02/2023 12:26:12 	INFO     135
11/02/2023 12:26:12 	INFO     cluster center
11/02/2023 12:26:12 	INFO     Writing to 
11/02/2023 12:26:12 	INFO     tmp_output/initial_8_12.pdb
11/02/2023 12:26:12 	INFO     cluster
11/02/2023 12:26:12 	INFO     136
11/02/2023 12:26:12 	INFO     cluster center
11/02/2023 12:26:12 	INFO     Writing to 
11/02/2023 12:26:12 	INFO     tmp_output/initial_8_13.pdb
11/02/2023 12:26:12 	INFO     cluster
11/02/2023 12:26:12 	INFO     137
11/02/2023 12:26:12 	INFO     cluster center
11/02/2023 12:26:12 	INFO     Writing to 
11/02/2023 12:26:12 	INFO     tmp_output/initial_8_14.pdb
11/02/2023 12:26:12 	INFO     cluster
11/02/2023 12:26:12 	INFO     138
11/02/2023 12:26:12 	INFO     cluster center
11/02/2023 12:26:12 	INFO     counts & cluster centers
11/02/2023 12:26:12 	INFO     15
11/02/2023 12:26:12 	INFO     15
11/02/2023 12:26:12 	INFO     Iteration
11/02/2023 12:26:12 	INFO     8
11/02/2023 12:26:12 	INFO     Production run...
11/02/2023 12:26:12 	INFO     mpirun -np 16 /shared/software/easybuild/x86_64/software/PELE/1.8b4/bin/PELE_mpi tmp_output/controlFile8.conf
11/02/2023 12:27:44 	INFO     PELE took 91.99 sec
11/02/2023 12:27:44 	INFO     Clustering...
11/02/2023 12:27:45 	INFO     Clustering ligand: 0.3944666385650635 sec
11/02/2023 12:27:45 	INFO     Degeneracy
11/02/2023 12:27:45 	INFO     [0, 0, 0, 0, 0, 0, 0, 0, 0, 0, 0, 0, 0, 0, 0, 0, 0, 0, 0, 0, 0, 0, 0, 0, 0, 0, 0, 0, 0, 0, 0, 0, 0, 0, 0, 0, 0, 0, 0, 0, 0, 0, 0, 0, 0, 0, 0, 0, 0, 0, 0, 0, 0, 0, 0, 0, 0, 0, 0, 0, 0, 0, 0, 0, 0, 0, 0, 0, 0, 0, 0, 0, 1, 0, 1, 0, 0, 0, 0, 0, 0, 0, 0, 0, 0, 0, 0, 0, 0, 0, 0, 0, 0, 1, 0, 0, 0, 0, 0, 0, 0, 0, 0, 0, 0, 0, 0, 0, 0, 0, 0, 0, 0, 0, 1, 1, 0, 0, 1, 0, 0, 0, 0, 0, 0, 0, 0, 0, 0, 0, 0, 0, 0, 1, 0, 1, 1, 0, 1, 1, 1, 1, 1, 1, 0, 0]
11/02/2023 12:27:45 	INFO     Writing to 
11/02/2023 12:27:45 	INFO     tmp_output/initial_9_0.pdb
11/02/2023 12:27:45 	INFO     cluster
11/02/2023 12:27:45 	INFO     72
11/02/2023 12:27:45 	INFO     cluster center
11/02/2023 12:27:45 	INFO     Writing to 
11/02/2023 12:27:45 	INFO     tmp_output/initial_9_1.pdb
11/02/2023 12:27:45 	INFO     cluster
11/02/2023 12:27:45 	INFO     74
11/02/2023 12:27:45 	INFO     cluster center
11/02/2023 12:27:45 	INFO     Writing to 
11/02/2023 12:27:45 	INFO     tmp_output/initial_9_2.pdb
11/02/2023 12:27:45 	INFO     cluster
11/02/2023 12:27:45 	INFO     93
11/02/2023 12:27:45 	INFO     cluster center
11/02/2023 12:27:45 	INFO     Writing to 
11/02/2023 12:27:45 	INFO     tmp_output/initial_9_3.pdb
11/02/2023 12:27:45 	INFO     cluster
11/02/2023 12:27:45 	INFO     114
11/02/2023 12:27:45 	INFO     cluster center
11/02/2023 12:27:45 	INFO     Writing to 
11/02/2023 12:27:45 	INFO     tmp_output/initial_9_4.pdb
11/02/2023 12:27:45 	INFO     cluster
11/02/2023 12:27:45 	INFO     115
11/02/2023 12:27:45 	INFO     cluster center
11/02/2023 12:27:45 	INFO     Writing to 
11/02/2023 12:27:45 	INFO     tmp_output/initial_9_5.pdb
11/02/2023 12:27:45 	INFO     cluster
11/02/2023 12:27:45 	INFO     118
11/02/2023 12:27:45 	INFO     cluster center
11/02/2023 12:27:45 	INFO     Writing to 
11/02/2023 12:27:45 	INFO     tmp_output/initial_9_6.pdb
11/02/2023 12:27:45 	INFO     cluster
11/02/2023 12:27:45 	INFO     133
11/02/2023 12:27:45 	INFO     cluster center
11/02/2023 12:27:45 	INFO     Writing to 
11/02/2023 12:27:45 	INFO     tmp_output/initial_9_7.pdb
11/02/2023 12:27:45 	INFO     cluster
11/02/2023 12:27:45 	INFO     135
11/02/2023 12:27:45 	INFO     cluster center
11/02/2023 12:27:45 	INFO     Writing to 
11/02/2023 12:27:45 	INFO     tmp_output/initial_9_8.pdb
11/02/2023 12:27:45 	INFO     cluster
11/02/2023 12:27:45 	INFO     136
11/02/2023 12:27:45 	INFO     cluster center
11/02/2023 12:27:45 	INFO     Writing to 
11/02/2023 12:27:45 	INFO     tmp_output/initial_9_9.pdb
11/02/2023 12:27:45 	INFO     cluster
11/02/2023 12:27:45 	INFO     138
11/02/2023 12:27:45 	INFO     cluster center
11/02/2023 12:27:45 	INFO     Writing to 
11/02/2023 12:27:45 	INFO     tmp_output/initial_9_10.pdb
11/02/2023 12:27:45 	INFO     cluster
11/02/2023 12:27:45 	INFO     139
11/02/2023 12:27:45 	INFO     cluster center
11/02/2023 12:27:45 	INFO     Writing to 
11/02/2023 12:27:45 	INFO     tmp_output/initial_9_11.pdb
11/02/2023 12:27:45 	INFO     cluster
11/02/2023 12:27:45 	INFO     140
11/02/2023 12:27:45 	INFO     cluster center
11/02/2023 12:27:45 	INFO     Writing to 
11/02/2023 12:27:45 	INFO     tmp_output/initial_9_12.pdb
11/02/2023 12:27:45 	INFO     cluster
11/02/2023 12:27:45 	INFO     141
11/02/2023 12:27:45 	INFO     cluster center
11/02/2023 12:27:45 	INFO     Writing to 
11/02/2023 12:27:45 	INFO     tmp_output/initial_9_13.pdb
11/02/2023 12:27:45 	INFO     cluster
11/02/2023 12:27:45 	INFO     142
11/02/2023 12:27:45 	INFO     cluster center
11/02/2023 12:27:45 	INFO     Writing to 
11/02/2023 12:27:45 	INFO     tmp_output/initial_9_14.pdb
11/02/2023 12:27:45 	INFO     cluster
11/02/2023 12:27:45 	INFO     143
11/02/2023 12:27:45 	INFO     cluster center
11/02/2023 12:27:45 	INFO     counts & cluster centers
11/02/2023 12:27:45 	INFO     15
11/02/2023 12:27:45 	INFO     15
11/02/2023 12:27:45 	INFO     Iteration
11/02/2023 12:27:45 	INFO     9
11/02/2023 12:27:45 	INFO     Production run...
11/02/2023 12:27:45 	INFO     mpirun -np 16 /shared/software/easybuild/x86_64/software/PELE/1.8b4/bin/PELE_mpi tmp_output/controlFile9.conf
11/02/2023 12:29:10 	INFO     PELE took 85.17 sec
11/02/2023 12:29:10 	INFO     Clustering...
11/02/2023 12:29:10 	INFO     Clustering ligand: 0.39888882637023926 sec
11/02/2023 12:29:10 	INFO     Degeneracy
11/02/2023 12:29:10 	INFO     [0, 0, 0, 0, 0, 0, 0, 0, 0, 0, 0, 0, 0, 1, 0, 1, 0, 0, 0, 0, 0, 0, 0, 0, 0, 0, 0, 0, 0, 0, 0, 0, 0, 0, 0, 0, 0, 0, 0, 0, 0, 0, 0, 0, 0, 0, 0, 0, 0, 0, 0, 0, 0, 0, 0, 0, 0, 0, 0, 0, 0, 0, 0, 0, 0, 0, 0, 0, 0, 0, 0, 0, 0, 0, 0, 0, 0, 0, 0, 0, 0, 0, 0, 0, 0, 0, 0, 0, 0, 0, 0, 0, 0, 0, 0, 0, 0, 0, 0, 0, 0, 0, 0, 0, 0, 0, 0, 0, 0, 0, 0, 0, 0, 0, 0, 0, 0, 0, 0, 0, 1, 0, 0, 0, 0, 0, 0, 0, 0, 0, 0, 0, 0, 0, 0, 0, 0, 0, 0, 0, 1, 1, 1, 1, 1, 1, 1, 1, 1, 1, 1, 1]
11/02/2023 12:29:10 	INFO     Writing to 
11/02/2023 12:29:10 	INFO     tmp_output/initial_10_0.pdb
11/02/2023 12:29:10 	INFO     cluster
11/02/2023 12:29:10 	INFO     13
11/02/2023 12:29:10 	INFO     cluster center
11/02/2023 12:29:10 	INFO     Writing to 
11/02/2023 12:29:10 	INFO     tmp_output/initial_10_1.pdb
11/02/2023 12:29:10 	INFO     cluster
11/02/2023 12:29:10 	INFO     15
11/02/2023 12:29:10 	INFO     cluster center
11/02/2023 12:29:10 	INFO     Writing to 
11/02/2023 12:29:10 	INFO     tmp_output/initial_10_2.pdb
11/02/2023 12:29:10 	INFO     cluster
11/02/2023 12:29:10 	INFO     120
11/02/2023 12:29:10 	INFO     cluster center
11/02/2023 12:29:10 	INFO     Writing to 
11/02/2023 12:29:10 	INFO     tmp_output/initial_10_3.pdb
11/02/2023 12:29:10 	INFO     cluster
11/02/2023 12:29:10 	INFO     140
11/02/2023 12:29:10 	INFO     cluster center
11/02/2023 12:29:10 	INFO     Writing to 
11/02/2023 12:29:10 	INFO     tmp_output/initial_10_4.pdb
11/02/2023 12:29:10 	INFO     cluster
11/02/2023 12:29:10 	INFO     141
11/02/2023 12:29:10 	INFO     cluster center
11/02/2023 12:29:10 	INFO     Writing to 
11/02/2023 12:29:10 	INFO     tmp_output/initial_10_5.pdb
11/02/2023 12:29:10 	INFO     cluster
11/02/2023 12:29:10 	INFO     142
11/02/2023 12:29:10 	INFO     cluster center
11/02/2023 12:29:10 	INFO     Writing to 
11/02/2023 12:29:10 	INFO     tmp_output/initial_10_6.pdb
11/02/2023 12:29:10 	INFO     cluster
11/02/2023 12:29:10 	INFO     143
11/02/2023 12:29:10 	INFO     cluster center
11/02/2023 12:29:10 	INFO     Writing to 
11/02/2023 12:29:10 	INFO     tmp_output/initial_10_7.pdb
11/02/2023 12:29:10 	INFO     cluster
11/02/2023 12:29:10 	INFO     144
11/02/2023 12:29:10 	INFO     cluster center
11/02/2023 12:29:10 	INFO     Writing to 
11/02/2023 12:29:10 	INFO     tmp_output/initial_10_8.pdb
11/02/2023 12:29:10 	INFO     cluster
11/02/2023 12:29:10 	INFO     145
11/02/2023 12:29:10 	INFO     alternative structure
11/02/2023 12:29:10 	INFO     Writing to 
11/02/2023 12:29:10 	INFO     tmp_output/initial_10_9.pdb
11/02/2023 12:29:10 	INFO     cluster
11/02/2023 12:29:10 	INFO     146
11/02/2023 12:29:10 	INFO     cluster center
11/02/2023 12:29:10 	INFO     Writing to 
11/02/2023 12:29:10 	INFO     tmp_output/initial_10_10.pdb
11/02/2023 12:29:10 	INFO     cluster
11/02/2023 12:29:10 	INFO     147
11/02/2023 12:29:10 	INFO     cluster center
11/02/2023 12:29:10 	INFO     Writing to 
11/02/2023 12:29:10 	INFO     tmp_output/initial_10_11.pdb
11/02/2023 12:29:10 	INFO     cluster
11/02/2023 12:29:10 	INFO     148
11/02/2023 12:29:10 	INFO     cluster center
11/02/2023 12:29:10 	INFO     Writing to 
11/02/2023 12:29:10 	INFO     tmp_output/initial_10_12.pdb
11/02/2023 12:29:10 	INFO     cluster
11/02/2023 12:29:10 	INFO     149
11/02/2023 12:29:10 	INFO     cluster center
11/02/2023 12:29:10 	INFO     Writing to 
11/02/2023 12:29:10 	INFO     tmp_output/initial_10_13.pdb
11/02/2023 12:29:10 	INFO     cluster
11/02/2023 12:29:10 	INFO     150
11/02/2023 12:29:10 	INFO     cluster center
11/02/2023 12:29:10 	INFO     Writing to 
11/02/2023 12:29:10 	INFO     tmp_output/initial_10_14.pdb
11/02/2023 12:29:10 	INFO     cluster
11/02/2023 12:29:10 	INFO     151
11/02/2023 12:29:10 	INFO     cluster center
11/02/2023 12:29:10 	INFO     counts & cluster centers
11/02/2023 12:29:10 	INFO     15
11/02/2023 12:29:10 	INFO     15
11/02/2023 12:29:10 	INFO     Iteration
11/02/2023 12:29:10 	INFO     10
11/02/2023 12:29:10 	INFO     Production run...
11/02/2023 12:29:10 	INFO     mpirun -np 16 /shared/software/easybuild/x86_64/software/PELE/1.8b4/bin/PELE_mpi tmp_output/controlFile10.conf
11/02/2023 12:30:35 	INFO     PELE took 85.05 sec
11/02/2023 12:30:35 	INFO     Clustering...
11/02/2023 12:30:36 	INFO     Clustering ligand: 0.3725917339324951 sec
11/02/2023 12:30:36 	INFO     Degeneracy
11/02/2023 12:30:36 	INFO     [0, 0, 0, 0, 0, 1, 0, 0, 0, 0, 0, 0, 0, 0, 0, 0, 0, 0, 0, 0, 0, 0, 0, 0, 0, 0, 0, 0, 0, 0, 0, 0, 0, 0, 0, 0, 0, 0, 0, 0, 0, 0, 0, 0, 0, 0, 0, 0, 0, 0, 0, 0, 0, 0, 0, 0, 0, 0, 0, 0, 0, 0, 0, 0, 0, 0, 0, 0, 0, 0, 0, 0, 0, 0, 0, 0, 0, 0, 0, 0, 0, 0, 0, 0, 0, 0, 0, 0, 0, 0, 0, 0, 0, 0, 0, 0, 0, 0, 0, 0, 0, 0, 0, 0, 0, 0, 0, 0, 0, 0, 0, 0, 0, 0, 0, 0, 0, 0, 0, 0, 0, 0, 0, 0, 0, 0, 0, 0, 0, 0, 0, 0, 0, 0, 0, 0, 0, 0, 0, 0, 0, 0, 0, 0, 0, 0, 1, 0, 1, 0, 1, 1, 2, 2, 2, 2, 2]
11/02/2023 12:30:36 	INFO     Writing to 
11/02/2023 12:30:36 	INFO     tmp_output/initial_11_0.pdb
11/02/2023 12:30:36 	INFO     cluster
11/02/2023 12:30:36 	INFO     5
11/02/2023 12:30:36 	INFO     cluster center
11/02/2023 12:30:36 	INFO     Writing to 
11/02/2023 12:30:36 	INFO     tmp_output/initial_11_1.pdb
11/02/2023 12:30:36 	INFO     cluster
11/02/2023 12:30:36 	INFO     146
11/02/2023 12:30:36 	INFO     cluster center
11/02/2023 12:30:36 	INFO     Writing to 
11/02/2023 12:30:36 	INFO     tmp_output/initial_11_2.pdb
11/02/2023 12:30:36 	INFO     cluster
11/02/2023 12:30:36 	INFO     148
11/02/2023 12:30:36 	INFO     cluster center
11/02/2023 12:30:36 	INFO     Writing to 
11/02/2023 12:30:36 	INFO     tmp_output/initial_11_3.pdb
11/02/2023 12:30:36 	INFO     cluster
11/02/2023 12:30:36 	INFO     150
11/02/2023 12:30:36 	INFO     cluster center
11/02/2023 12:30:36 	INFO     Writing to 
11/02/2023 12:30:36 	INFO     tmp_output/initial_11_4.pdb
11/02/2023 12:30:36 	INFO     cluster
11/02/2023 12:30:36 	INFO     151
11/02/2023 12:30:36 	INFO     cluster center
11/02/2023 12:30:36 	INFO     Writing to 
11/02/2023 12:30:36 	INFO     tmp_output/initial_11_5.pdb
11/02/2023 12:30:36 	INFO     cluster
11/02/2023 12:30:36 	INFO     152
11/02/2023 12:30:36 	INFO     cluster center
11/02/2023 12:30:36 	INFO     Writing to 
11/02/2023 12:30:36 	INFO     tmp_output/initial_11_6.pdb
11/02/2023 12:30:36 	INFO     cluster
11/02/2023 12:30:36 	INFO     152
11/02/2023 12:30:36 	INFO     cluster center
11/02/2023 12:30:36 	INFO     Writing to 
11/02/2023 12:30:36 	INFO     tmp_output/initial_11_7.pdb
11/02/2023 12:30:36 	INFO     cluster
11/02/2023 12:30:36 	INFO     153
11/02/2023 12:30:36 	INFO     cluster center
11/02/2023 12:30:36 	INFO     Writing to 
11/02/2023 12:30:36 	INFO     tmp_output/initial_11_8.pdb
11/02/2023 12:30:36 	INFO     cluster
11/02/2023 12:30:36 	INFO     153
11/02/2023 12:30:36 	INFO     cluster center
11/02/2023 12:30:36 	INFO     Writing to 
11/02/2023 12:30:36 	INFO     tmp_output/initial_11_9.pdb
11/02/2023 12:30:36 	INFO     cluster
11/02/2023 12:30:36 	INFO     154
11/02/2023 12:30:36 	INFO     cluster center
11/02/2023 12:30:36 	INFO     Writing to 
11/02/2023 12:30:36 	INFO     tmp_output/initial_11_10.pdb
11/02/2023 12:30:36 	INFO     cluster
11/02/2023 12:30:36 	INFO     154
11/02/2023 12:30:36 	INFO     cluster center
11/02/2023 12:30:36 	INFO     Writing to 
11/02/2023 12:30:36 	INFO     tmp_output/initial_11_11.pdb
11/02/2023 12:30:36 	INFO     cluster
11/02/2023 12:30:36 	INFO     155
11/02/2023 12:30:36 	INFO     cluster center
11/02/2023 12:30:36 	INFO     Writing to 
11/02/2023 12:30:36 	INFO     tmp_output/initial_11_12.pdb
11/02/2023 12:30:36 	INFO     cluster
11/02/2023 12:30:36 	INFO     155
11/02/2023 12:30:36 	INFO     cluster center
11/02/2023 12:30:36 	INFO     Writing to 
11/02/2023 12:30:36 	INFO     tmp_output/initial_11_13.pdb
11/02/2023 12:30:36 	INFO     cluster
11/02/2023 12:30:36 	INFO     156
11/02/2023 12:30:36 	INFO     cluster center
11/02/2023 12:30:36 	INFO     Writing to 
11/02/2023 12:30:36 	INFO     tmp_output/initial_11_14.pdb
11/02/2023 12:30:36 	INFO     cluster
11/02/2023 12:30:36 	INFO     156
11/02/2023 12:30:36 	INFO     cluster center
11/02/2023 12:30:36 	INFO     counts & cluster centers
11/02/2023 12:30:36 	INFO     15
11/02/2023 12:30:36 	INFO     10
11/02/2023 12:30:36 	INFO     Iteration
11/02/2023 12:30:36 	INFO     11
11/02/2023 12:30:36 	INFO     Production run...
11/02/2023 12:30:36 	INFO     mpirun -np 16 /shared/software/easybuild/x86_64/software/PELE/1.8b4/bin/PELE_mpi tmp_output/controlFile11.conf
11/02/2023 12:32:03 	INFO     PELE took 87.00 sec
11/02/2023 12:32:03 	INFO     Clustering...
11/02/2023 12:32:03 	INFO     Clustering ligand: 0.4146134853363037 sec
11/02/2023 12:32:03 	INFO     Degeneracy
11/02/2023 12:32:03 	INFO     [0, 0, 0, 0, 0, 0, 0, 0, 0, 0, 0, 0, 0, 0, 0, 0, 0, 0, 0, 0, 0, 0, 0, 0, 0, 0, 0, 0, 0, 0, 0, 0, 1, 1, 0, 0, 0, 0, 0, 0, 0, 0, 0, 0, 0, 0, 0, 0, 0, 0, 0, 0, 0, 0, 0, 0, 0, 0, 0, 0, 0, 0, 0, 0, 0, 1, 0, 0, 0, 0, 0, 0, 0, 0, 0, 0, 0, 0, 0, 0, 0, 0, 0, 0, 0, 0, 0, 0, 0, 0, 0, 0, 1, 1, 0, 0, 0, 0, 0, 0, 0, 0, 0, 0, 0, 0, 0, 0, 0, 0, 0, 0, 0, 0, 0, 0, 0, 0, 1, 0, 0, 0, 0, 0, 0, 0, 0, 0, 0, 0, 0, 0, 0, 0, 1, 1, 0, 1, 0, 0, 0, 1, 0, 0, 0, 0, 0, 0, 0, 0, 0, 0, 0, 0, 0, 0, 0, 2, 2, 1]
11/02/2023 12:32:03 	INFO     Simulation has finished
11/02/2023 12:32:03 	DEBUG    Initializing PELE DataHandler
11/02/2023 12:32:04 	DEBUG    Removing outliers from PELE dataframe
11/02/2023 12:32:06 	DEBUG    Searching bandwidth to cover 60.0% of poses...
   - Trying bandwidth 13.5
   - Got a clustering coverage of 1.0
   - Trying bandwidth 7.25
   - Got a clustering coverage of 1.0
   - Trying bandwidth 4.125
   - Got a clustering coverage of 0.18340611353711792
   - Trying bandwidth 5.6875
   - Got a clustering coverage of 0.5229257641921398
11/02/2023 12:32:26 	INFO     Selected clustering bandwidth 5.6875 covers 52.29257641921398% of all poses
11/02/2023 12:32:26 	DEBUG    Extracted step '2' from trajectory '/dataweb/user_files/mmunicoy/ifr/FraCm2_PAE/induced_fit_refinement/6_adaptive_pele_simulation/complex_2/output/10/trajectory_2.xtc' to '/dataweb/user_files/mmunicoy/ifr/FraCm2_PAE/induced_fit_refinement/6_adaptive_pele_simulation/complex_2/results/cluster_A.pdb'
11/02/2023 12:32:26 	DEBUG    Extracted step '4' from trajectory '/dataweb/user_files/mmunicoy/ifr/FraCm2_PAE/induced_fit_refinement/6_adaptive_pele_simulation/complex_2/output/3/trajectory_14.xtc' to '/dataweb/user_files/mmunicoy/ifr/FraCm2_PAE/induced_fit_refinement/6_adaptive_pele_simulation/complex_2/results/cluster_B.pdb'
11/02/2023 12:32:26 	DEBUG    Extracted step '2' from trajectory '/dataweb/user_files/mmunicoy/ifr/FraCm2_PAE/induced_fit_refinement/6_adaptive_pele_simulation/complex_2/output/1/trajectory_11.xtc' to '/dataweb/user_files/mmunicoy/ifr/FraCm2_PAE/induced_fit_refinement/6_adaptive_pele_simulation/complex_2/results/cluster_C.pdb'
11/02/2023 12:32:26 	DEBUG    Extracted step '4' from trajectory '/dataweb/user_files/mmunicoy/ifr/FraCm2_PAE/induced_fit_refinement/6_adaptive_pele_simulation/complex_2/output/4/trajectory_5.xtc' to '/dataweb/user_files/mmunicoy/ifr/FraCm2_PAE/induced_fit_refinement/6_adaptive_pele_simulation/complex_2/results/cluster_E.pdb'
11/02/2023 12:32:26 	DEBUG    Extracted step '5' from trajectory '/dataweb/user_files/mmunicoy/ifr/FraCm2_PAE/induced_fit_refinement/6_adaptive_pele_simulation/complex_2/output/6/trajectory_1.xtc' to '/dataweb/user_files/mmunicoy/ifr/FraCm2_PAE/induced_fit_refinement/6_adaptive_pele_simulation/complex_2/results/cluster_D.pdb'
11/02/2023 12:32:26 	INFO     PDB information of the PDB '/dataweb/user_files/mmunicoy/ifr/FraCm2_PAE/induced_fit_refinement/4_topology_truncator/complexes/complex_2_1.pdb' will be updated by information from the reference PDB '/dataweb/user_files/mmunicoy/ifr/FraCm2_PAE/induced_fit_refinement/6_adaptive_pele_simulation/complex_2/results/cluster_A.pdb'
11/02/2023 12:32:26 	INFO     The total number of residues to be updated is: 99
11/02/2023 12:32:26 	DEBUG    Adding conformation 'cluster_A (/dataweb/user_files/mmunicoy/ifr/FraCm2_PAE/complex_2_3.pdb)' to topology 'complex_2 (complex_1, 2 conformations)'
11/02/2023 12:32:27 	INFO     PDB information of the PDB '/dataweb/user_files/mmunicoy/ifr/FraCm2_PAE/induced_fit_refinement/4_topology_truncator/complexes/complex_2_1.pdb' will be updated by information from the reference PDB '/dataweb/user_files/mmunicoy/ifr/FraCm2_PAE/induced_fit_refinement/6_adaptive_pele_simulation/complex_2/results/cluster_B.pdb'
11/02/2023 12:32:27 	INFO     The total number of residues to be updated is: 99
11/02/2023 12:32:27 	DEBUG    Adding conformation 'cluster_B (/dataweb/user_files/mmunicoy/ifr/FraCm2_PAE/complex_2_3.pdb)' to topology 'complex_2 (complex_1, 3 conformations)'
11/02/2023 12:32:27 	INFO     PDB information of the PDB '/dataweb/user_files/mmunicoy/ifr/FraCm2_PAE/induced_fit_refinement/4_topology_truncator/complexes/complex_2_1.pdb' will be updated by information from the reference PDB '/dataweb/user_files/mmunicoy/ifr/FraCm2_PAE/induced_fit_refinement/6_adaptive_pele_simulation/complex_2/results/cluster_C.pdb'
11/02/2023 12:32:27 	INFO     The total number of residues to be updated is: 99
11/02/2023 12:32:28 	DEBUG    Adding conformation 'cluster_C (/dataweb/user_files/mmunicoy/ifr/FraCm2_PAE/complex_2_3.pdb)' to topology 'complex_2 (complex_1, 4 conformations)'
11/02/2023 12:32:28 	INFO     PDB information of the PDB '/dataweb/user_files/mmunicoy/ifr/FraCm2_PAE/induced_fit_refinement/4_topology_truncator/complexes/complex_2_1.pdb' will be updated by information from the reference PDB '/dataweb/user_files/mmunicoy/ifr/FraCm2_PAE/induced_fit_refinement/6_adaptive_pele_simulation/complex_2/results/cluster_E.pdb'
11/02/2023 12:32:28 	INFO     The total number of residues to be updated is: 99
11/02/2023 12:32:29 	DEBUG    Adding conformation 'cluster_E (/dataweb/user_files/mmunicoy/ifr/FraCm2_PAE/complex_2_3.pdb)' to topology 'complex_2 (complex_1, 5 conformations)'
11/02/2023 12:32:29 	INFO     PDB information of the PDB '/dataweb/user_files/mmunicoy/ifr/FraCm2_PAE/induced_fit_refinement/4_topology_truncator/complexes/complex_2_1.pdb' will be updated by information from the reference PDB '/dataweb/user_files/mmunicoy/ifr/FraCm2_PAE/induced_fit_refinement/6_adaptive_pele_simulation/complex_2/results/cluster_D.pdb'
11/02/2023 12:32:29 	INFO     The total number of residues to be updated is: 99
11/02/2023 12:32:30 	DEBUG    Adding conformation 'cluster_D (/dataweb/user_files/mmunicoy/ifr/FraCm2_PAE/complex_2_3.pdb)' to topology 'complex_2 (complex_1, 6 conformations)'
11/02/2023 12:32:31 	DEBUG    Automatically disabling previous conformations:
11/02/2023 12:32:31 	DEBUG     - Conformation complex_2_2: complex_1
11/02/2023 12:32:31 	DEBUG    New topology has been assigned to block adaptive_pele_simulation: BlockTopology (2 complexes, 0 systems, 0 ligands)
   - Topology has the following content:
     - Complex topology complex_1 (complex_1, 1 conformations)
     - Complex topology complex_2 (complex_1, 7 conformations)
