NBD Suite 0.2.0b2
------------------------------
Nostrum Biodiscovery SL
All rights reserved, 2023.


Warning:
 This is a pre-release of the
 NBD Suite and might contain
 experimental or unstable
 features. Report any issues
 to it@nostrumbiodiscovery.com


 - Environment variables:
  - PELE                 /shared/software/easybuild/x86_64/software/PELE/1.8b4
  - SCHRODINGER          /shared/software/standalone/schrodinger2023-1/
  - RBT_ROOT             /shared/software/easybuild/x86_64/software/rDock/2022_v0
  - GYPSUMDL_ROOT        /shared/software/containers/gypsum_dl.sif
  - AF_ROOT              -
  - AF_DATA              -
  - AF_MODELS            -
 - Input: input.yaml
 - Working directory: /dataweb/user_files/mmunicoy/ifr/FraCm2_VIN
 - Output folder set to: induced_fit_refinement
 - Running on: nbdcalc01
 - Job started at: 11/02/2023 18:03:08
MACHINE nbdcalc01
PELE version 1.8.0.b4_NBDBroadwell12072023
PELE (Protein Energy Landscape Exploration)

Copyright 2010-2020 BARCELONA SUPERCOMPUTING CENTER.

See the COPYRIGHT file at the top-level directory of this distribution.

Documents already created
Data already created
Data and Documents check completed...
validation: PASS
Running MPI Basic Exploration Controller!!
[Controller initialized] PELE version 1.8.0.b4_NBDBroadwell12072023
[Explorer has finished] Explorer 4 has finished
[Explorer has finished] Explorer 7 has finished
[Explorer has finished] Explorer 3 has finished
[Explorer has finished] Explorer 5 has finished
[Explorer has finished] Explorer 8 has finished
[Explorer has finished] Explorer 12 has finished
[Explorer has finished] Explorer 13 has finished
[Explorer has finished] Explorer 15 has finished
[Explorer has finished] Explorer 9 has finished
[Explorer has finished] Explorer 1 has finished
[Explorer has finished] Explorer 2 has finished
[Explorer has finished] Explorer 14 has finished
[Explorer has finished] Explorer 11 has finished
[Explorer has finished] Explorer 6 has finished
[Explorer has finished] Explorer 10 has finished

---------------------------------------------
\(^o^)/ MPI controller ended successfully! \(^o^)/ 
---------------------------------------------
PELE version 1.8.0.b4_NBDBroadwell12072023
PELE (Protein Energy Landscape Exploration)

Copyright 2010-2020 BARCELONA SUPERCOMPUTING CENTER.

See the COPYRIGHT file at the top-level directory of this distribution.

Documents already created
Data already created
Data and Documents check completed...
validation: PASS
Running MPI Basic Exploration Controller!!
[Controller initialized] PELE version 1.8.0.b4_NBDBroadwell12072023
[Explorer has finished] Explorer 15 has finished
[Explorer has finished] Explorer 10 has finished
[Explorer has finished] Explorer 5 has finished
[Explorer has finished] Explorer 4 has finished
[Explorer has finished] Explorer 13 has finished
[Explorer has finished] Explorer 6 has finished
[Explorer has finished] Explorer 3 has finished
[Explorer has finished] Explorer 12 has finished
[Explorer has finished] Explorer 11 has finished
[Explorer has finished] Explorer 8 has finished
[Explorer has finished] Explorer 2 has finished
[Explorer has finished] Explorer 14 has finished
[Explorer has finished] Explorer 1 has finished
[Explorer has finished] Explorer 7 has finished
[Explorer has finished] Explorer 9 has finished

---------------------------------------------
\(^o^)/ MPI controller ended successfully! \(^o^)/ 
---------------------------------------------
PELE version 1.8.0.b4_NBDBroadwell12072023
PELE (Protein Energy Landscape Exploration)

Copyright 2010-2020 BARCELONA SUPERCOMPUTING CENTER.

See the COPYRIGHT file at the top-level directory of this distribution.

Documents already created
Data already created
Data and Documents check completed...
validation: PASS
Running MPI Basic Exploration Controller!!
[Controller initialized] PELE version 1.8.0.b4_NBDBroadwell12072023
[Explorer has finished] Explorer 1 has finished
[Explorer has finished] Explorer 8 has finished
[Explorer has finished] Explorer 6 has finished
[Explorer has finished] Explorer 4 has finished
[Explorer has finished] Explorer 3 has finished
[Explorer has finished] Explorer 14 has finished
[Explorer has finished] Explorer 7 has finished
[Explorer has finished] Explorer 11 has finished
[Explorer has finished] Explorer 12 has finished
[Explorer has finished] Explorer 5 has finished
[Explorer has finished] Explorer 13 has finished
[Explorer has finished] Explorer 10 has finished
[Explorer has finished] Explorer 2 has finished
[Explorer has finished] Explorer 15 has finished
[Explorer has finished] Explorer 9 has finished

---------------------------------------------
\(^o^)/ MPI controller ended successfully! \(^o^)/ 
---------------------------------------------
PELE version 1.8.0.b4_NBDBroadwell12072023
PELE (Protein Energy Landscape Exploration)

Copyright 2010-2020 BARCELONA SUPERCOMPUTING CENTER.

See the COPYRIGHT file at the top-level directory of this distribution.

Documents already created
Data already created
Data and Documents check completed...
validation: PASS
Running MPI Basic Exploration Controller!!
[Controller initialized] PELE version 1.8.0.b4_NBDBroadwell12072023
[Explorer has finished] Explorer 15 has finished
[Explorer has finished] Explorer 7 has finished
[Explorer has finished] Explorer 5 has finished
[Explorer has finished] Explorer 2 has finished
[Explorer has finished] Explorer 8 has finished
[Explorer has finished] Explorer 9 has finished
[Explorer has finished] Explorer 11 has finished
[Explorer has finished] Explorer 10 has finished
[Explorer has finished] Explorer 13 has finished
[Explorer has finished] Explorer 6 has finished
[Explorer has finished] Explorer 12 has finished
[Explorer has finished] Explorer 14 has finished
[Explorer has finished] Explorer 3 has finished
[Explorer has finished] Explorer 4 has finished
[Explorer has finished] Explorer 1 has finished

---------------------------------------------
\(^o^)/ MPI controller ended successfully! \(^o^)/ 
---------------------------------------------
PELE version 1.8.0.b4_NBDBroadwell12072023
PELE (Protein Energy Landscape Exploration)

Copyright 2010-2020 BARCELONA SUPERCOMPUTING CENTER.

See the COPYRIGHT file at the top-level directory of this distribution.

Documents already created
Data already created
Data and Documents check completed...
validation: PASS
Running MPI Basic Exploration Controller!!
[Controller initialized] PELE version 1.8.0.b4_NBDBroadwell12072023
[Explorer has finished] Explorer 10 has finished
[Explorer has finished] Explorer 7 has finished
[Explorer has finished] Explorer 9 has finished
[Explorer has finished] Explorer 3 has finished
[Explorer has finished] Explorer 8 has finished
[Explorer has finished] Explorer 15 has finished
[Explorer has finished] Explorer 12 has finished
[Explorer has finished] Explorer 5 has finished
[Explorer has finished] Explorer 14 has finished
[Explorer has finished] Explorer 1 has finished
[Explorer has finished] Explorer 11 has finished
[Explorer has finished] Explorer 2 has finished
[Explorer has finished] Explorer 6 has finished
[Explorer has finished] Explorer 13 has finished
[Explorer has finished] Explorer 4 has finished

---------------------------------------------
\(^o^)/ MPI controller ended successfully! \(^o^)/ 
---------------------------------------------
PELE version 1.8.0.b4_NBDBroadwell12072023
PELE (Protein Energy Landscape Exploration)

Copyright 2010-2020 BARCELONA SUPERCOMPUTING CENTER.

See the COPYRIGHT file at the top-level directory of this distribution.

Documents already created
Data already created
Data and Documents check completed...
validation: PASS
Running MPI Basic Exploration Controller!!
[Controller initialized] PELE version 1.8.0.b4_NBDBroadwell12072023
[Explorer has finished] Explorer 15 has finished
[Explorer has finished] Explorer 3 has finished
[Explorer has finished] Explorer 8 has finished
[Explorer has finished] Explorer 12 has finished
[Explorer has finished] Explorer 10 has finished
[Explorer has finished] Explorer 13 has finished
[Explorer has finished] Explorer 2 has finished
[Explorer has finished] Explorer 1 has finished
[Explorer has finished] Explorer 4 has finished
[Explorer has finished] Explorer 7 has finished
[Explorer has finished] Explorer 11 has finished
[Explorer has finished] Explorer 5 has finished
[Explorer has finished] Explorer 14 has finished
[Explorer has finished] Explorer 9 has finished
[Explorer has finished] Explorer 6 has finished

---------------------------------------------
\(^o^)/ MPI controller ended successfully! \(^o^)/ 
---------------------------------------------
PELE version 1.8.0.b4_NBDBroadwell12072023
PELE (Protein Energy Landscape Exploration)

Copyright 2010-2020 BARCELONA SUPERCOMPUTING CENTER.

See the COPYRIGHT file at the top-level directory of this distribution.

Documents already created
Data already created
Data and Documents check completed...
validation: PASS
Running MPI Basic Exploration Controller!!
[Controller initialized] PELE version 1.8.0.b4_NBDBroadwell12072023
[Explorer has finished] Explorer 7 has finished
[Explorer has finished] Explorer 4 has finished
[Explorer has finished] Explorer 11 has finished
[Explorer has finished] Explorer 10 has finished
[Explorer has finished] Explorer 6 has finished
[Explorer has finished] Explorer 9 has finished
[Explorer has finished] Explorer 8 has finished
[Explorer has finished] Explorer 3 has finished
[Explorer has finished] Explorer 13 has finished
[Explorer has finished] Explorer 14 has finished
[Explorer has finished] Explorer 12 has finished
[Explorer has finished] Explorer 1 has finished
[Explorer has finished] Explorer 5 has finished
[Explorer has finished] Explorer 15 has finished
[Explorer has finished] Explorer 2 has finished

---------------------------------------------
\(^o^)/ MPI controller ended successfully! \(^o^)/ 
---------------------------------------------
PELE version 1.8.0.b4_NBDBroadwell12072023
PELE (Protein Energy Landscape Exploration)

Copyright 2010-2020 BARCELONA SUPERCOMPUTING CENTER.

See the COPYRIGHT file at the top-level directory of this distribution.

Documents already created
Data already created
Data and Documents check completed...
validation: PASS
Running MPI Basic Exploration Controller!!
[Controller initialized] PELE version 1.8.0.b4_NBDBroadwell12072023
[Explorer has finished] Explorer 13 has finished
[Explorer has finished] Explorer 5 has finished
[Explorer has finished] Explorer 11 has finished
[Explorer has finished] Explorer 6 has finished
[Explorer has finished] Explorer 4 has finished
[Explorer has finished] Explorer 2 has finished
[Explorer has finished] Explorer 8 has finished
[Explorer has finished] Explorer 3 has finished
[Explorer has finished] Explorer 7 has finished
[Explorer has finished] Explorer 12 has finished
[Explorer has finished] Explorer 10 has finished
[Explorer has finished] Explorer 9 has finished
[Explorer has finished] Explorer 15 has finished
[Explorer has finished] Explorer 1 has finished
[Explorer has finished] Explorer 14 has finished

---------------------------------------------
\(^o^)/ MPI controller ended successfully! \(^o^)/ 
---------------------------------------------
PELE version 1.8.0.b4_NBDBroadwell12072023
PELE (Protein Energy Landscape Exploration)

Copyright 2010-2020 BARCELONA SUPERCOMPUTING CENTER.

See the COPYRIGHT file at the top-level directory of this distribution.

Documents already created
Data already created
Data and Documents check completed...
validation: PASS
Running MPI Basic Exploration Controller!!
[Controller initialized] PELE version 1.8.0.b4_NBDBroadwell12072023
[Explorer has finished] Explorer 12 has finished
[Explorer has finished] Explorer 4 has finished
[Explorer has finished] Explorer 7 has finished
[Explorer has finished] Explorer 10 has finished
[Explorer has finished] Explorer 9 has finished
[Explorer has finished] Explorer 8 has finished
[Explorer has finished] Explorer 13 has finished
[Explorer has finished] Explorer 14 has finished
[Explorer has finished] Explorer 11 has finished
[Explorer has finished] Explorer 1 has finished
[Explorer has finished] Explorer 2 has finished
[Explorer has finished] Explorer 5 has finished
[Explorer has finished] Explorer 3 has finished
[Explorer has finished] Explorer 6 has finished
[Explorer has finished] Explorer 15 has finished

---------------------------------------------
\(^o^)/ MPI controller ended successfully! \(^o^)/ 
---------------------------------------------
PELE version 1.8.0.b4_NBDBroadwell12072023
PELE (Protein Energy Landscape Exploration)

Copyright 2010-2020 BARCELONA SUPERCOMPUTING CENTER.

See the COPYRIGHT file at the top-level directory of this distribution.

Documents already created
Data already created
Data and Documents check completed...
validation: PASS
Running MPI Basic Exploration Controller!!
[Controller initialized] PELE version 1.8.0.b4_NBDBroadwell12072023
[Explorer has finished] Explorer 1 has finished
[Explorer has finished] Explorer 5 has finished
[Explorer has finished] Explorer 9 has finished
[Explorer has finished] Explorer 3 has finished
[Explorer has finished] Explorer 12 has finished
[Explorer has finished] Explorer 7 has finished
[Explorer has finished] Explorer 8 has finished
[Explorer has finished] Explorer 2 has finished
[Explorer has finished] Explorer 13 has finished
[Explorer has finished] Explorer 10 has finished
[Explorer has finished] Explorer 11 has finished
[Explorer has finished] Explorer 6 has finished
[Explorer has finished] Explorer 4 has finished
[Explorer has finished] Explorer 14 has finished
[Explorer has finished] Explorer 15 has finished

---------------------------------------------
\(^o^)/ MPI controller ended successfully! \(^o^)/ 
---------------------------------------------
PELE version 1.8.0.b4_NBDBroadwell12072023
PELE (Protein Energy Landscape Exploration)

Copyright 2010-2020 BARCELONA SUPERCOMPUTING CENTER.

See the COPYRIGHT file at the top-level directory of this distribution.

Documents already created
Data already created
Data and Documents check completed...
validation: PASS
Running MPI Basic Exploration Controller!!
[Controller initialized] PELE version 1.8.0.b4_NBDBroadwell12072023
[Explorer has finished] Explorer 1 has finished
[Explorer has finished] Explorer 4 has finished
[Explorer has finished] Explorer 13 has finished
[Explorer has finished] Explorer 12 has finished
[Explorer has finished] Explorer 5 has finished
[Explorer has finished] Explorer 6 has finished
[Explorer has finished] Explorer 7 has finished
[Explorer has finished] Explorer 11 has finished
[Explorer has finished] Explorer 3 has finished
[Explorer has finished] Explorer 14 has finished
[Explorer has finished] Explorer 10 has finished
[Explorer has finished] Explorer 15 has finished
[Explorer has finished] Explorer 2 has finished
[Explorer has finished] Explorer 9 has finished
[Explorer has finished] Explorer 8 has finished

---------------------------------------------
\(^o^)/ MPI controller ended successfully! \(^o^)/ 
---------------------------------------------
PELE version 1.8.0.b4_NBDBroadwell12072023
PELE (Protein Energy Landscape Exploration)

Copyright 2010-2020 BARCELONA SUPERCOMPUTING CENTER.

See the COPYRIGHT file at the top-level directory of this distribution.

Documents already created
Data already created
Data and Documents check completed...
validation: PASS
Running MPI Basic Exploration Controller!!
[Controller initialized] PELE version 1.8.0.b4_NBDBroadwell12072023
[Explorer has finished] Explorer 6 has finished
[Explorer has finished] Explorer 14 has finished
[Explorer has finished] Explorer 1 has finished
[Explorer has finished] Explorer 15 has finished
[Explorer has finished] Explorer 10 has finished
[Explorer has finished] Explorer 4 has finished
[Explorer has finished] Explorer 13 has finished
[Explorer has finished] Explorer 9 has finished
[Explorer has finished] Explorer 5 has finished
[Explorer has finished] Explorer 7 has finished
[Explorer has finished] Explorer 2 has finished
[Explorer has finished] Explorer 12 has finished
[Explorer has finished] Explorer 3 has finished
[Explorer has finished] Explorer 11 has finished
[Explorer has finished] Explorer 8 has finished

---------------------------------------------
\(^o^)/ MPI controller ended successfully! \(^o^)/ 
---------------------------------------------
Creating pathway...
Writing pathway...
Creating pathway...
Writing pathway...
Creating pathway...
Writing pathway...
Creating pathway...
Writing pathway...
 - Job ended at: 11/02/2023 18:27:57
Job finished successfully
