NBD Suite 0.2.0b2
------------------------------
Nostrum Biodiscovery SL
All rights reserved, 2023.

Block: adaptive_pele_simulation
11/02/2023 18:10:53 	INFO     Creating DataLocal directory from '3. pele_parameterizer'
11/02/2023 18:10:53 	DEBUG    Detected truncated complex. Redirecting path to PELE templates of complex 'complex_1'
11/02/2023 18:10:53 	INFO     Detected truncated protein model obtained from '4. topology_truncator' with 37 flexible residues and 61 frozen residues
11/02/2023 18:10:53 	DEBUG    PDB atom names will be remapped to match structure change /dataweb/user_files/mmunicoy/ifr/FraCm2_VIN/complex_4_2.pdb -> /dataweb/user_files/mmunicoy/ifr/FraCm2_VIN/induced_fit_refinement/5_pele_energy_minimizer/complex_2/complex_2_2.pdb
11/02/2023 18:10:53 	DEBUG    Looking for metal centers to constraint for PELE
11/02/2023 18:10:53 	DEBUG    No metals were found
11/02/2023 18:10:53 	DEBUG    Created PELE simulation control file for 'complex_2 (complex_1, 2 conformations)': /dataweb/user_files/mmunicoy/ifr/FraCm2_VIN/induced_fit_refinement/6_adaptive_pele_simulation/complex_2/pele_complex_2.conf
11/02/2023 18:10:53 	INFO     Created adaptive PELE control file initialized with 'complex_1': /dataweb/user_files/mmunicoy/ifr/FraCm2_VIN/induced_fit_refinement/6_adaptive_pele_simulation/complex_2/pele_complex_2.conf
11/02/2023 18:10:54 	INFO     AdaptivePELE will be executed
11/02/2023 18:10:54 	DEBUG    DataLocal folder was copied to /dataweb/user_files/mmunicoy/ifr/FraCm2_VIN/induced_fit_refinement/6_adaptive_pele_simulation/complex_2
11/02/2023 18:10:54 	INFO     Running AdaptivePELE version 1.7.3 from /shared/software/conda/nbdsuite-latest/lib/python3.8/site-packages/AdaptivePELE
11/02/2023 18:10:54 	INFO     Congratulations! No errors found in your control file!
11/02/2023 18:10:54 	INFO     Using null density calculator (no preference for any cluster)
11/02/2023 18:10:54 	INFO     ================================
11/02/2023 18:10:54 	INFO                 PARAMS              
11/02/2023 18:10:54 	INFO     ================================
11/02/2023 18:10:54 	INFO     Restarting simulations
11/02/2023 18:10:54 	INFO     True
11/02/2023 18:10:54 	INFO     Debug:
11/02/2023 18:10:54 	INFO     False
11/02/2023 18:10:54 	INFO     Iterations: 12, Mpi processors: 16, Pele steps: 10
11/02/2023 18:10:54 	INFO     SpawningType:
11/02/2023 18:10:54 	INFO     inverselyProportional
11/02/2023 18:10:54 	INFO     SimulationType:
11/02/2023 18:10:54 	INFO     pele
11/02/2023 18:10:54 	INFO     Clustering method:
11/02/2023 18:10:54 	INFO     rmsd
11/02/2023 18:10:54 	INFO     Output path: 
11/02/2023 18:10:54 	INFO     output
11/02/2023 18:10:54 	INFO     Initial Structures: 
11/02/2023 18:10:54 	INFO     ['/dataweb/user_files/mmunicoy/ifr/FraCm2_VIN/induced_fit_refinement/5_pele_energy_minimizer/complex_2/complex_2_2.pdb']
11/02/2023 18:10:54 	INFO     ================================


11/02/2023 18:10:54 	INFO     Iteration
11/02/2023 18:10:54 	INFO     0
11/02/2023 18:10:54 	INFO     Production run...
11/02/2023 18:10:54 	INFO     mpirun -np 16 /shared/software/easybuild/x86_64/software/PELE/1.8b4/bin/PELE_mpi tmp_output/controlFile0.conf
11/02/2023 18:12:20 	INFO     PELE took 86.48 sec
11/02/2023 18:12:20 	INFO     Clustering...
11/02/2023 18:12:21 	INFO     Clustering ligand: 0.6087229251861572 sec
11/02/2023 18:12:21 	INFO     Degeneracy
11/02/2023 18:12:21 	INFO     [0, 0, 1, 1, 0, 0, 0, 0, 0, 1, 0, 1, 0, 0, 0, 0, 1, 1, 0, 1, 0, 0, 0, 1, 1, 0, 0, 0, 1, 0, 0, 1, 1, 1, 1, 0, 0, 0, 1]
11/02/2023 18:12:21 	INFO     Writing to 
11/02/2023 18:12:21 	INFO     tmp_output/initial_1_0.pdb
11/02/2023 18:12:21 	INFO     cluster
11/02/2023 18:12:21 	INFO     2
11/02/2023 18:12:21 	INFO     cluster center
11/02/2023 18:12:21 	INFO     Writing to 
11/02/2023 18:12:21 	INFO     tmp_output/initial_1_1.pdb
11/02/2023 18:12:21 	INFO     cluster
11/02/2023 18:12:21 	INFO     3
11/02/2023 18:12:21 	INFO     cluster center
11/02/2023 18:12:21 	INFO     Writing to 
11/02/2023 18:12:21 	INFO     tmp_output/initial_1_2.pdb
11/02/2023 18:12:21 	INFO     cluster
11/02/2023 18:12:21 	INFO     9
11/02/2023 18:12:21 	INFO     cluster center
11/02/2023 18:12:21 	INFO     Writing to 
11/02/2023 18:12:21 	INFO     tmp_output/initial_1_3.pdb
11/02/2023 18:12:21 	INFO     cluster
11/02/2023 18:12:21 	INFO     11
11/02/2023 18:12:21 	INFO     cluster center
11/02/2023 18:12:21 	INFO     Writing to 
11/02/2023 18:12:21 	INFO     tmp_output/initial_1_4.pdb
11/02/2023 18:12:21 	INFO     cluster
11/02/2023 18:12:21 	INFO     16
11/02/2023 18:12:21 	INFO     cluster center
11/02/2023 18:12:21 	INFO     Writing to 
11/02/2023 18:12:21 	INFO     tmp_output/initial_1_5.pdb
11/02/2023 18:12:21 	INFO     cluster
11/02/2023 18:12:21 	INFO     17
11/02/2023 18:12:21 	INFO     cluster center
11/02/2023 18:12:21 	INFO     Writing to 
11/02/2023 18:12:21 	INFO     tmp_output/initial_1_6.pdb
11/02/2023 18:12:21 	INFO     cluster
11/02/2023 18:12:21 	INFO     19
11/02/2023 18:12:21 	INFO     cluster center
11/02/2023 18:12:21 	INFO     Writing to 
11/02/2023 18:12:21 	INFO     tmp_output/initial_1_7.pdb
11/02/2023 18:12:21 	INFO     cluster
11/02/2023 18:12:21 	INFO     23
11/02/2023 18:12:21 	INFO     cluster center
11/02/2023 18:12:21 	INFO     Writing to 
11/02/2023 18:12:21 	INFO     tmp_output/initial_1_8.pdb
11/02/2023 18:12:21 	INFO     cluster
11/02/2023 18:12:21 	INFO     24
11/02/2023 18:12:21 	INFO     cluster center
11/02/2023 18:12:21 	INFO     Writing to 
11/02/2023 18:12:21 	INFO     tmp_output/initial_1_9.pdb
11/02/2023 18:12:21 	INFO     cluster
11/02/2023 18:12:21 	INFO     28
11/02/2023 18:12:21 	INFO     cluster center
11/02/2023 18:12:21 	INFO     Writing to 
11/02/2023 18:12:21 	INFO     tmp_output/initial_1_10.pdb
11/02/2023 18:12:21 	INFO     cluster
11/02/2023 18:12:21 	INFO     31
11/02/2023 18:12:21 	INFO     cluster center
11/02/2023 18:12:21 	INFO     Writing to 
11/02/2023 18:12:21 	INFO     tmp_output/initial_1_11.pdb
11/02/2023 18:12:21 	INFO     cluster
11/02/2023 18:12:21 	INFO     32
11/02/2023 18:12:21 	INFO     cluster center
11/02/2023 18:12:21 	INFO     Writing to 
11/02/2023 18:12:21 	INFO     tmp_output/initial_1_12.pdb
11/02/2023 18:12:21 	INFO     cluster
11/02/2023 18:12:21 	INFO     33
11/02/2023 18:12:21 	INFO     alternative structure
11/02/2023 18:12:21 	INFO     Writing to 
11/02/2023 18:12:21 	INFO     tmp_output/initial_1_13.pdb
11/02/2023 18:12:21 	INFO     cluster
11/02/2023 18:12:21 	INFO     34
11/02/2023 18:12:21 	INFO     cluster center
11/02/2023 18:12:21 	INFO     Writing to 
11/02/2023 18:12:21 	INFO     tmp_output/initial_1_14.pdb
11/02/2023 18:12:21 	INFO     cluster
11/02/2023 18:12:21 	INFO     38
11/02/2023 18:12:21 	INFO     cluster center
11/02/2023 18:12:21 	INFO     counts & cluster centers
11/02/2023 18:12:21 	INFO     15
11/02/2023 18:12:21 	INFO     15
11/02/2023 18:12:21 	INFO     Iteration
11/02/2023 18:12:21 	INFO     1
11/02/2023 18:12:21 	INFO     Production run...
11/02/2023 18:12:21 	INFO     mpirun -np 16 /shared/software/easybuild/x86_64/software/PELE/1.8b4/bin/PELE_mpi tmp_output/controlFile1.conf
11/02/2023 18:13:42 	INFO     PELE took 81.22 sec
11/02/2023 18:13:42 	INFO     Clustering...
11/02/2023 18:13:42 	INFO     Clustering ligand: 0.5041577816009521 sec
11/02/2023 18:13:42 	INFO     Degeneracy
11/02/2023 18:13:42 	INFO     [0, 0, 0, 0, 0, 0, 0, 0, 0, 0, 0, 0, 0, 0, 0, 0, 0, 0, 0, 0, 0, 0, 0, 0, 0, 0, 0, 0, 0, 0, 0, 0, 0, 0, 0, 0, 0, 0, 0, 0, 1, 1, 1, 1, 0, 1, 1, 0, 1, 1, 1, 1, 1, 1, 1, 0, 0, 0, 0, 0, 0, 0, 0, 1, 1]
11/02/2023 18:13:43 	INFO     Writing to 
11/02/2023 18:13:43 	INFO     tmp_output/initial_2_0.pdb
11/02/2023 18:13:43 	INFO     cluster
11/02/2023 18:13:43 	INFO     40
11/02/2023 18:13:43 	INFO     cluster center
11/02/2023 18:13:43 	INFO     Writing to 
11/02/2023 18:13:43 	INFO     tmp_output/initial_2_1.pdb
11/02/2023 18:13:43 	INFO     cluster
11/02/2023 18:13:43 	INFO     41
11/02/2023 18:13:43 	INFO     cluster center
11/02/2023 18:13:43 	INFO     Writing to 
11/02/2023 18:13:43 	INFO     tmp_output/initial_2_2.pdb
11/02/2023 18:13:43 	INFO     cluster
11/02/2023 18:13:43 	INFO     42
11/02/2023 18:13:43 	INFO     cluster center
11/02/2023 18:13:43 	INFO     Writing to 
11/02/2023 18:13:43 	INFO     tmp_output/initial_2_3.pdb
11/02/2023 18:13:43 	INFO     cluster
11/02/2023 18:13:43 	INFO     43
11/02/2023 18:13:43 	INFO     cluster center
11/02/2023 18:13:43 	INFO     Writing to 
11/02/2023 18:13:43 	INFO     tmp_output/initial_2_4.pdb
11/02/2023 18:13:43 	INFO     cluster
11/02/2023 18:13:43 	INFO     45
11/02/2023 18:13:43 	INFO     cluster center
11/02/2023 18:13:43 	INFO     Writing to 
11/02/2023 18:13:43 	INFO     tmp_output/initial_2_5.pdb
11/02/2023 18:13:43 	INFO     cluster
11/02/2023 18:13:43 	INFO     46
11/02/2023 18:13:43 	INFO     cluster center
11/02/2023 18:13:43 	INFO     Writing to 
11/02/2023 18:13:43 	INFO     tmp_output/initial_2_6.pdb
11/02/2023 18:13:43 	INFO     cluster
11/02/2023 18:13:43 	INFO     48
11/02/2023 18:13:43 	INFO     cluster center
11/02/2023 18:13:43 	INFO     Writing to 
11/02/2023 18:13:43 	INFO     tmp_output/initial_2_7.pdb
11/02/2023 18:13:43 	INFO     cluster
11/02/2023 18:13:43 	INFO     49
11/02/2023 18:13:43 	INFO     cluster center
11/02/2023 18:13:43 	INFO     Writing to 
11/02/2023 18:13:43 	INFO     tmp_output/initial_2_8.pdb
11/02/2023 18:13:43 	INFO     cluster
11/02/2023 18:13:43 	INFO     50
11/02/2023 18:13:43 	INFO     cluster center
11/02/2023 18:13:43 	INFO     Writing to 
11/02/2023 18:13:43 	INFO     tmp_output/initial_2_9.pdb
11/02/2023 18:13:43 	INFO     cluster
11/02/2023 18:13:43 	INFO     51
11/02/2023 18:13:43 	INFO     cluster center
11/02/2023 18:13:43 	INFO     Writing to 
11/02/2023 18:13:43 	INFO     tmp_output/initial_2_10.pdb
11/02/2023 18:13:43 	INFO     cluster
11/02/2023 18:13:43 	INFO     52
11/02/2023 18:13:43 	INFO     cluster center
11/02/2023 18:13:43 	INFO     Writing to 
11/02/2023 18:13:43 	INFO     tmp_output/initial_2_11.pdb
11/02/2023 18:13:43 	INFO     cluster
11/02/2023 18:13:43 	INFO     53
11/02/2023 18:13:43 	INFO     cluster center
11/02/2023 18:13:43 	INFO     Writing to 
11/02/2023 18:13:43 	INFO     tmp_output/initial_2_12.pdb
11/02/2023 18:13:43 	INFO     cluster
11/02/2023 18:13:43 	INFO     54
11/02/2023 18:13:43 	INFO     cluster center
11/02/2023 18:13:43 	INFO     Writing to 
11/02/2023 18:13:43 	INFO     tmp_output/initial_2_13.pdb
11/02/2023 18:13:43 	INFO     cluster
11/02/2023 18:13:43 	INFO     63
11/02/2023 18:13:43 	INFO     cluster center
11/02/2023 18:13:43 	INFO     Writing to 
11/02/2023 18:13:43 	INFO     tmp_output/initial_2_14.pdb
11/02/2023 18:13:43 	INFO     cluster
11/02/2023 18:13:43 	INFO     64
11/02/2023 18:13:43 	INFO     cluster center
11/02/2023 18:13:43 	INFO     counts & cluster centers
11/02/2023 18:13:43 	INFO     15
11/02/2023 18:13:43 	INFO     15
11/02/2023 18:13:43 	INFO     Iteration
11/02/2023 18:13:43 	INFO     2
11/02/2023 18:13:43 	INFO     Production run...
11/02/2023 18:13:43 	INFO     mpirun -np 16 /shared/software/easybuild/x86_64/software/PELE/1.8b4/bin/PELE_mpi tmp_output/controlFile2.conf
11/02/2023 18:15:06 	INFO     PELE took 83.02 sec
11/02/2023 18:15:06 	INFO     Clustering...
11/02/2023 18:15:06 	INFO     Clustering ligand: 0.4558265209197998 sec
11/02/2023 18:15:06 	INFO     Degeneracy
11/02/2023 18:15:06 	INFO     [0, 0, 0, 0, 0, 0, 0, 0, 0, 0, 0, 0, 0, 0, 0, 0, 0, 0, 0, 0, 0, 0, 0, 0, 0, 0, 0, 0, 0, 0, 0, 0, 0, 0, 0, 0, 0, 0, 0, 0, 0, 0, 0, 0, 0, 0, 0, 0, 0, 0, 0, 0, 0, 0, 0, 0, 0, 1, 0, 1, 1, 0, 1, 0, 0, 1, 0, 1, 0, 1, 1, 1, 0, 1, 1, 0, 1, 0, 1, 1, 1]
11/02/2023 18:15:06 	INFO     Writing to 
11/02/2023 18:15:06 	INFO     tmp_output/initial_3_0.pdb
11/02/2023 18:15:06 	INFO     cluster
11/02/2023 18:15:06 	INFO     57
11/02/2023 18:15:06 	INFO     cluster center
11/02/2023 18:15:06 	INFO     Writing to 
11/02/2023 18:15:06 	INFO     tmp_output/initial_3_1.pdb
11/02/2023 18:15:06 	INFO     cluster
11/02/2023 18:15:06 	INFO     59
11/02/2023 18:15:06 	INFO     cluster center
11/02/2023 18:15:06 	INFO     Writing to 
11/02/2023 18:15:06 	INFO     tmp_output/initial_3_2.pdb
11/02/2023 18:15:06 	INFO     cluster
11/02/2023 18:15:06 	INFO     60
11/02/2023 18:15:06 	INFO     cluster center
11/02/2023 18:15:06 	INFO     Writing to 
11/02/2023 18:15:06 	INFO     tmp_output/initial_3_3.pdb
11/02/2023 18:15:06 	INFO     cluster
11/02/2023 18:15:06 	INFO     62
11/02/2023 18:15:06 	INFO     cluster center
11/02/2023 18:15:06 	INFO     Writing to 
11/02/2023 18:15:06 	INFO     tmp_output/initial_3_4.pdb
11/02/2023 18:15:06 	INFO     cluster
11/02/2023 18:15:06 	INFO     65
11/02/2023 18:15:06 	INFO     cluster center
11/02/2023 18:15:06 	INFO     Writing to 
11/02/2023 18:15:06 	INFO     tmp_output/initial_3_5.pdb
11/02/2023 18:15:06 	INFO     cluster
11/02/2023 18:15:06 	INFO     67
11/02/2023 18:15:06 	INFO     cluster center
11/02/2023 18:15:06 	INFO     Writing to 
11/02/2023 18:15:06 	INFO     tmp_output/initial_3_6.pdb
11/02/2023 18:15:06 	INFO     cluster
11/02/2023 18:15:06 	INFO     69
11/02/2023 18:15:06 	INFO     cluster center
11/02/2023 18:15:06 	INFO     Writing to 
11/02/2023 18:15:06 	INFO     tmp_output/initial_3_7.pdb
11/02/2023 18:15:06 	INFO     cluster
11/02/2023 18:15:06 	INFO     70
11/02/2023 18:15:06 	INFO     cluster center
11/02/2023 18:15:06 	INFO     Writing to 
11/02/2023 18:15:06 	INFO     tmp_output/initial_3_8.pdb
11/02/2023 18:15:06 	INFO     cluster
11/02/2023 18:15:06 	INFO     71
11/02/2023 18:15:06 	INFO     cluster center
11/02/2023 18:15:06 	INFO     Writing to 
11/02/2023 18:15:06 	INFO     tmp_output/initial_3_9.pdb
11/02/2023 18:15:06 	INFO     cluster
11/02/2023 18:15:06 	INFO     73
11/02/2023 18:15:06 	INFO     cluster center
11/02/2023 18:15:06 	INFO     Writing to 
11/02/2023 18:15:06 	INFO     tmp_output/initial_3_10.pdb
11/02/2023 18:15:06 	INFO     cluster
11/02/2023 18:15:06 	INFO     74
11/02/2023 18:15:06 	INFO     cluster center
11/02/2023 18:15:06 	INFO     Writing to 
11/02/2023 18:15:06 	INFO     tmp_output/initial_3_11.pdb
11/02/2023 18:15:06 	INFO     cluster
11/02/2023 18:15:06 	INFO     76
11/02/2023 18:15:06 	INFO     cluster center
11/02/2023 18:15:06 	INFO     Writing to 
11/02/2023 18:15:06 	INFO     tmp_output/initial_3_12.pdb
11/02/2023 18:15:06 	INFO     cluster
11/02/2023 18:15:06 	INFO     78
11/02/2023 18:15:06 	INFO     cluster center
11/02/2023 18:15:06 	INFO     Writing to 
11/02/2023 18:15:06 	INFO     tmp_output/initial_3_13.pdb
11/02/2023 18:15:06 	INFO     cluster
11/02/2023 18:15:06 	INFO     79
11/02/2023 18:15:06 	INFO     cluster center
11/02/2023 18:15:06 	INFO     Writing to 
11/02/2023 18:15:06 	INFO     tmp_output/initial_3_14.pdb
11/02/2023 18:15:06 	INFO     cluster
11/02/2023 18:15:06 	INFO     80
11/02/2023 18:15:06 	INFO     cluster center
11/02/2023 18:15:06 	INFO     counts & cluster centers
11/02/2023 18:15:06 	INFO     15
11/02/2023 18:15:06 	INFO     15
11/02/2023 18:15:06 	INFO     Iteration
11/02/2023 18:15:06 	INFO     3
11/02/2023 18:15:06 	INFO     Production run...
11/02/2023 18:15:06 	INFO     mpirun -np 16 /shared/software/easybuild/x86_64/software/PELE/1.8b4/bin/PELE_mpi tmp_output/controlFile3.conf
11/02/2023 18:16:26 	INFO     PELE took 80.37 sec
11/02/2023 18:16:26 	INFO     Clustering...
11/02/2023 18:16:27 	INFO     Clustering ligand: 0.4539830684661865 sec
11/02/2023 18:16:27 	INFO     Degeneracy
11/02/2023 18:16:27 	INFO     [0, 0, 0, 0, 0, 0, 0, 0, 0, 0, 0, 0, 0, 0, 0, 0, 0, 0, 0, 0, 0, 0, 0, 0, 0, 0, 0, 0, 0, 0, 0, 0, 0, 0, 0, 0, 0, 0, 0, 0, 0, 0, 0, 0, 0, 0, 0, 0, 1, 1, 0, 1, 0, 0, 0, 0, 0, 0, 1, 1, 0, 0, 0, 0, 0, 1, 0, 1, 0, 1, 0, 1, 0, 0, 0, 0, 0, 1, 0, 0, 0, 0, 0, 0, 1, 0, 0, 0, 0, 1, 1, 1, 0, 0, 1]
11/02/2023 18:16:27 	INFO     Writing to 
11/02/2023 18:16:27 	INFO     tmp_output/initial_4_0.pdb
11/02/2023 18:16:27 	INFO     cluster
11/02/2023 18:16:27 	INFO     48
11/02/2023 18:16:27 	INFO     cluster center
11/02/2023 18:16:27 	INFO     Writing to 
11/02/2023 18:16:27 	INFO     tmp_output/initial_4_1.pdb
11/02/2023 18:16:27 	INFO     cluster
11/02/2023 18:16:27 	INFO     49
11/02/2023 18:16:27 	INFO     cluster center
11/02/2023 18:16:27 	INFO     Writing to 
11/02/2023 18:16:27 	INFO     tmp_output/initial_4_2.pdb
11/02/2023 18:16:27 	INFO     cluster
11/02/2023 18:16:27 	INFO     51
11/02/2023 18:16:27 	INFO     cluster center
11/02/2023 18:16:27 	INFO     Writing to 
11/02/2023 18:16:27 	INFO     tmp_output/initial_4_3.pdb
11/02/2023 18:16:27 	INFO     cluster
11/02/2023 18:16:27 	INFO     58
11/02/2023 18:16:27 	INFO     alternative structure
11/02/2023 18:16:27 	INFO     Writing to 
11/02/2023 18:16:27 	INFO     tmp_output/initial_4_4.pdb
11/02/2023 18:16:27 	INFO     cluster
11/02/2023 18:16:27 	INFO     59
11/02/2023 18:16:27 	INFO     cluster center
11/02/2023 18:16:27 	INFO     Writing to 
11/02/2023 18:16:27 	INFO     tmp_output/initial_4_5.pdb
11/02/2023 18:16:27 	INFO     cluster
11/02/2023 18:16:27 	INFO     65
11/02/2023 18:16:27 	INFO     cluster center
11/02/2023 18:16:27 	INFO     Writing to 
11/02/2023 18:16:27 	INFO     tmp_output/initial_4_6.pdb
11/02/2023 18:16:27 	INFO     cluster
11/02/2023 18:16:27 	INFO     67
11/02/2023 18:16:27 	INFO     cluster center
11/02/2023 18:16:27 	INFO     Writing to 
11/02/2023 18:16:27 	INFO     tmp_output/initial_4_7.pdb
11/02/2023 18:16:27 	INFO     cluster
11/02/2023 18:16:27 	INFO     69
11/02/2023 18:16:27 	INFO     cluster center
11/02/2023 18:16:27 	INFO     Writing to 
11/02/2023 18:16:27 	INFO     tmp_output/initial_4_8.pdb
11/02/2023 18:16:27 	INFO     cluster
11/02/2023 18:16:27 	INFO     71
11/02/2023 18:16:27 	INFO     cluster center
11/02/2023 18:16:27 	INFO     Writing to 
11/02/2023 18:16:27 	INFO     tmp_output/initial_4_9.pdb
11/02/2023 18:16:27 	INFO     cluster
11/02/2023 18:16:27 	INFO     77
11/02/2023 18:16:27 	INFO     cluster center
11/02/2023 18:16:27 	INFO     Writing to 
11/02/2023 18:16:27 	INFO     tmp_output/initial_4_10.pdb
11/02/2023 18:16:27 	INFO     cluster
11/02/2023 18:16:27 	INFO     84
11/02/2023 18:16:27 	INFO     cluster center
11/02/2023 18:16:27 	INFO     Writing to 
11/02/2023 18:16:27 	INFO     tmp_output/initial_4_11.pdb
11/02/2023 18:16:27 	INFO     cluster
11/02/2023 18:16:27 	INFO     89
11/02/2023 18:16:27 	INFO     cluster center
11/02/2023 18:16:27 	INFO     Writing to 
11/02/2023 18:16:27 	INFO     tmp_output/initial_4_12.pdb
11/02/2023 18:16:27 	INFO     cluster
11/02/2023 18:16:27 	INFO     90
11/02/2023 18:16:27 	INFO     cluster center
11/02/2023 18:16:27 	INFO     Writing to 
11/02/2023 18:16:27 	INFO     tmp_output/initial_4_13.pdb
11/02/2023 18:16:27 	INFO     cluster
11/02/2023 18:16:27 	INFO     91
11/02/2023 18:16:27 	INFO     cluster center
11/02/2023 18:16:27 	INFO     Writing to 
11/02/2023 18:16:27 	INFO     tmp_output/initial_4_14.pdb
11/02/2023 18:16:27 	INFO     cluster
11/02/2023 18:16:27 	INFO     94
11/02/2023 18:16:27 	INFO     cluster center
11/02/2023 18:16:27 	INFO     counts & cluster centers
11/02/2023 18:16:27 	INFO     15
11/02/2023 18:16:27 	INFO     15
11/02/2023 18:16:27 	INFO     Iteration
11/02/2023 18:16:27 	INFO     4
11/02/2023 18:16:27 	INFO     Production run...
11/02/2023 18:16:27 	INFO     mpirun -np 16 /shared/software/easybuild/x86_64/software/PELE/1.8b4/bin/PELE_mpi tmp_output/controlFile4.conf
11/02/2023 18:17:47 	INFO     PELE took 79.61 sec
11/02/2023 18:17:47 	INFO     Clustering...
11/02/2023 18:17:47 	INFO     Clustering ligand: 0.384218692779541 sec
11/02/2023 18:17:47 	INFO     Degeneracy
11/02/2023 18:17:47 	INFO     [0, 0, 0, 0, 0, 0, 0, 0, 0, 0, 0, 0, 0, 0, 0, 0, 0, 0, 0, 0, 0, 0, 0, 0, 0, 0, 0, 0, 0, 0, 1, 0, 0, 0, 0, 0, 0, 0, 0, 0, 0, 0, 0, 0, 0, 0, 0, 1, 0, 0, 0, 0, 0, 0, 0, 0, 0, 0, 0, 0, 0, 0, 0, 0, 0, 0, 0, 0, 0, 0, 0, 0, 0, 1, 1, 1, 0, 0, 0, 1, 1, 0, 0, 0, 1, 0, 0, 0, 0, 0, 0, 0, 0, 0, 0, 0, 1, 1, 0, 1, 1, 1, 1, 1]
11/02/2023 18:17:47 	INFO     Writing to 
11/02/2023 18:17:47 	INFO     tmp_output/initial_5_0.pdb
11/02/2023 18:17:47 	INFO     cluster
11/02/2023 18:17:47 	INFO     30
11/02/2023 18:17:47 	INFO     alternative structure
11/02/2023 18:17:47 	INFO     Writing to 
11/02/2023 18:17:47 	INFO     tmp_output/initial_5_1.pdb
11/02/2023 18:17:47 	INFO     cluster
11/02/2023 18:17:47 	INFO     47
11/02/2023 18:17:47 	INFO     cluster center
11/02/2023 18:17:47 	INFO     Writing to 
11/02/2023 18:17:47 	INFO     tmp_output/initial_5_2.pdb
11/02/2023 18:17:47 	INFO     cluster
11/02/2023 18:17:47 	INFO     73
11/02/2023 18:17:47 	INFO     cluster center
11/02/2023 18:17:47 	INFO     Writing to 
11/02/2023 18:17:47 	INFO     tmp_output/initial_5_3.pdb
11/02/2023 18:17:47 	INFO     cluster
11/02/2023 18:17:47 	INFO     74
11/02/2023 18:17:47 	INFO     cluster center
11/02/2023 18:17:47 	INFO     Writing to 
11/02/2023 18:17:47 	INFO     tmp_output/initial_5_4.pdb
11/02/2023 18:17:47 	INFO     cluster
11/02/2023 18:17:47 	INFO     75
11/02/2023 18:17:47 	INFO     cluster center
11/02/2023 18:17:47 	INFO     Writing to 
11/02/2023 18:17:47 	INFO     tmp_output/initial_5_5.pdb
11/02/2023 18:17:47 	INFO     cluster
11/02/2023 18:17:47 	INFO     79
11/02/2023 18:17:47 	INFO     cluster center
11/02/2023 18:17:47 	INFO     Writing to 
11/02/2023 18:17:47 	INFO     tmp_output/initial_5_6.pdb
11/02/2023 18:17:47 	INFO     cluster
11/02/2023 18:17:47 	INFO     80
11/02/2023 18:17:47 	INFO     cluster center
11/02/2023 18:17:47 	INFO     Writing to 
11/02/2023 18:17:47 	INFO     tmp_output/initial_5_7.pdb
11/02/2023 18:17:47 	INFO     cluster
11/02/2023 18:17:47 	INFO     84
11/02/2023 18:17:47 	INFO     cluster center
11/02/2023 18:17:47 	INFO     Writing to 
11/02/2023 18:17:47 	INFO     tmp_output/initial_5_8.pdb
11/02/2023 18:17:47 	INFO     cluster
11/02/2023 18:17:47 	INFO     96
11/02/2023 18:17:47 	INFO     cluster center
11/02/2023 18:17:47 	INFO     Writing to 
11/02/2023 18:17:47 	INFO     tmp_output/initial_5_9.pdb
11/02/2023 18:17:47 	INFO     cluster
11/02/2023 18:17:47 	INFO     97
11/02/2023 18:17:47 	INFO     cluster center
11/02/2023 18:17:47 	INFO     Writing to 
11/02/2023 18:17:47 	INFO     tmp_output/initial_5_10.pdb
11/02/2023 18:17:47 	INFO     cluster
11/02/2023 18:17:47 	INFO     99
11/02/2023 18:17:47 	INFO     cluster center
11/02/2023 18:17:47 	INFO     Writing to 
11/02/2023 18:17:47 	INFO     tmp_output/initial_5_11.pdb
11/02/2023 18:17:47 	INFO     cluster
11/02/2023 18:17:47 	INFO     100
11/02/2023 18:17:47 	INFO     cluster center
11/02/2023 18:17:47 	INFO     Writing to 
11/02/2023 18:17:47 	INFO     tmp_output/initial_5_12.pdb
11/02/2023 18:17:47 	INFO     cluster
11/02/2023 18:17:47 	INFO     101
11/02/2023 18:17:47 	INFO     cluster center
11/02/2023 18:17:47 	INFO     Writing to 
11/02/2023 18:17:47 	INFO     tmp_output/initial_5_13.pdb
11/02/2023 18:17:47 	INFO     cluster
11/02/2023 18:17:47 	INFO     102
11/02/2023 18:17:47 	INFO     cluster center
11/02/2023 18:17:47 	INFO     Writing to 
11/02/2023 18:17:47 	INFO     tmp_output/initial_5_14.pdb
11/02/2023 18:17:47 	INFO     cluster
11/02/2023 18:17:47 	INFO     103
11/02/2023 18:17:47 	INFO     cluster center
11/02/2023 18:17:47 	INFO     counts & cluster centers
11/02/2023 18:17:47 	INFO     15
11/02/2023 18:17:47 	INFO     15
11/02/2023 18:17:47 	INFO     Iteration
11/02/2023 18:17:47 	INFO     5
11/02/2023 18:17:47 	INFO     Production run...
11/02/2023 18:17:47 	INFO     mpirun -np 16 /shared/software/easybuild/x86_64/software/PELE/1.8b4/bin/PELE_mpi tmp_output/controlFile5.conf
11/02/2023 18:19:15 	INFO     PELE took 88.34 sec
11/02/2023 18:19:15 	INFO     Clustering...
11/02/2023 18:19:16 	INFO     Clustering ligand: 0.4649195671081543 sec
11/02/2023 18:19:16 	INFO     Degeneracy
11/02/2023 18:19:16 	INFO     [0, 0, 0, 0, 0, 0, 0, 0, 0, 0, 0, 0, 0, 0, 0, 0, 0, 0, 0, 0, 0, 0, 0, 0, 0, 0, 0, 0, 0, 0, 0, 0, 0, 0, 0, 0, 0, 0, 0, 0, 0, 1, 0, 0, 0, 0, 0, 0, 0, 0, 0, 0, 0, 0, 0, 0, 0, 0, 0, 0, 0, 0, 0, 0, 0, 0, 0, 0, 0, 0, 0, 0, 0, 0, 0, 0, 0, 0, 0, 0, 0, 0, 0, 1, 0, 0, 1, 0, 0, 0, 1, 0, 1, 0, 0, 0, 1, 0, 0, 1, 1, 0, 0, 0, 1, 0, 0, 0, 1, 1, 1, 1, 1, 1, 0]
11/02/2023 18:19:16 	INFO     Writing to 
11/02/2023 18:19:16 	INFO     tmp_output/initial_6_0.pdb
11/02/2023 18:19:16 	INFO     cluster
11/02/2023 18:19:16 	INFO     41
11/02/2023 18:19:16 	INFO     cluster center
11/02/2023 18:19:16 	INFO     Writing to 
11/02/2023 18:19:16 	INFO     tmp_output/initial_6_1.pdb
11/02/2023 18:19:16 	INFO     cluster
11/02/2023 18:19:16 	INFO     83
11/02/2023 18:19:16 	INFO     cluster center
11/02/2023 18:19:16 	INFO     Writing to 
11/02/2023 18:19:16 	INFO     tmp_output/initial_6_2.pdb
11/02/2023 18:19:16 	INFO     cluster
11/02/2023 18:19:16 	INFO     86
11/02/2023 18:19:16 	INFO     alternative structure
11/02/2023 18:19:16 	INFO     Writing to 
11/02/2023 18:19:16 	INFO     tmp_output/initial_6_3.pdb
11/02/2023 18:19:16 	INFO     cluster
11/02/2023 18:19:16 	INFO     90
11/02/2023 18:19:16 	INFO     cluster center
11/02/2023 18:19:16 	INFO     Writing to 
11/02/2023 18:19:16 	INFO     tmp_output/initial_6_4.pdb
11/02/2023 18:19:16 	INFO     cluster
11/02/2023 18:19:16 	INFO     92
11/02/2023 18:19:16 	INFO     cluster center
11/02/2023 18:19:16 	INFO     Writing to 
11/02/2023 18:19:16 	INFO     tmp_output/initial_6_5.pdb
11/02/2023 18:19:16 	INFO     cluster
11/02/2023 18:19:16 	INFO     96
11/02/2023 18:19:16 	INFO     cluster center
11/02/2023 18:19:16 	INFO     Writing to 
11/02/2023 18:19:16 	INFO     tmp_output/initial_6_6.pdb
11/02/2023 18:19:16 	INFO     cluster
11/02/2023 18:19:16 	INFO     99
11/02/2023 18:19:16 	INFO     cluster center
11/02/2023 18:19:16 	INFO     Writing to 
11/02/2023 18:19:16 	INFO     tmp_output/initial_6_7.pdb
11/02/2023 18:19:16 	INFO     cluster
11/02/2023 18:19:16 	INFO     100
11/02/2023 18:19:16 	INFO     cluster center
11/02/2023 18:19:16 	INFO     Writing to 
11/02/2023 18:19:16 	INFO     tmp_output/initial_6_8.pdb
11/02/2023 18:19:16 	INFO     cluster
11/02/2023 18:19:16 	INFO     104
11/02/2023 18:19:16 	INFO     cluster center
11/02/2023 18:19:16 	INFO     Writing to 
11/02/2023 18:19:16 	INFO     tmp_output/initial_6_9.pdb
11/02/2023 18:19:16 	INFO     cluster
11/02/2023 18:19:16 	INFO     108
11/02/2023 18:19:16 	INFO     cluster center
11/02/2023 18:19:16 	INFO     Writing to 
11/02/2023 18:19:16 	INFO     tmp_output/initial_6_10.pdb
11/02/2023 18:19:16 	INFO     cluster
11/02/2023 18:19:16 	INFO     109
11/02/2023 18:19:16 	INFO     cluster center
11/02/2023 18:19:16 	INFO     Writing to 
11/02/2023 18:19:16 	INFO     tmp_output/initial_6_11.pdb
11/02/2023 18:19:16 	INFO     cluster
11/02/2023 18:19:16 	INFO     110
11/02/2023 18:19:16 	INFO     cluster center
11/02/2023 18:19:16 	INFO     Writing to 
11/02/2023 18:19:16 	INFO     tmp_output/initial_6_12.pdb
11/02/2023 18:19:16 	INFO     cluster
11/02/2023 18:19:16 	INFO     111
11/02/2023 18:19:16 	INFO     cluster center
11/02/2023 18:19:16 	INFO     Writing to 
11/02/2023 18:19:16 	INFO     tmp_output/initial_6_13.pdb
11/02/2023 18:19:16 	INFO     cluster
11/02/2023 18:19:16 	INFO     112
11/02/2023 18:19:16 	INFO     cluster center
11/02/2023 18:19:16 	INFO     Writing to 
11/02/2023 18:19:16 	INFO     tmp_output/initial_6_14.pdb
11/02/2023 18:19:16 	INFO     cluster
11/02/2023 18:19:16 	INFO     113
11/02/2023 18:19:16 	INFO     cluster center
11/02/2023 18:19:16 	INFO     counts & cluster centers
11/02/2023 18:19:16 	INFO     15
11/02/2023 18:19:16 	INFO     15
11/02/2023 18:19:16 	INFO     Iteration
11/02/2023 18:19:16 	INFO     6
11/02/2023 18:19:16 	INFO     Production run...
11/02/2023 18:19:16 	INFO     mpirun -np 16 /shared/software/easybuild/x86_64/software/PELE/1.8b4/bin/PELE_mpi tmp_output/controlFile6.conf
11/02/2023 18:20:35 	INFO     PELE took 79.46 sec
11/02/2023 18:20:35 	INFO     Clustering...
11/02/2023 18:20:36 	INFO     Clustering ligand: 0.41116905212402344 sec
11/02/2023 18:20:36 	INFO     Degeneracy
11/02/2023 18:20:36 	INFO     [0, 0, 0, 1, 0, 0, 0, 0, 0, 0, 0, 0, 0, 0, 0, 0, 0, 0, 0, 0, 0, 0, 0, 0, 0, 0, 0, 0, 0, 0, 0, 0, 0, 0, 0, 0, 0, 0, 0, 0, 0, 0, 0, 0, 0, 0, 0, 0, 0, 0, 0, 0, 0, 0, 0, 0, 0, 0, 0, 0, 0, 0, 0, 0, 0, 0, 0, 0, 0, 0, 0, 0, 0, 0, 0, 0, 0, 0, 0, 0, 0, 0, 0, 0, 0, 0, 0, 0, 0, 0, 0, 0, 0, 0, 1, 0, 0, 0, 0, 0, 0, 0, 0, 1, 0, 0, 0, 0, 0, 1, 0, 1, 1, 0, 0, 1, 0, 1, 1, 1, 1, 1, 1, 1, 1]
11/02/2023 18:20:36 	INFO     Writing to 
11/02/2023 18:20:36 	INFO     tmp_output/initial_7_0.pdb
11/02/2023 18:20:36 	INFO     cluster
11/02/2023 18:20:36 	INFO     3
11/02/2023 18:20:36 	INFO     cluster center
11/02/2023 18:20:36 	INFO     Writing to 
11/02/2023 18:20:36 	INFO     tmp_output/initial_7_1.pdb
11/02/2023 18:20:36 	INFO     cluster
11/02/2023 18:20:36 	INFO     94
11/02/2023 18:20:36 	INFO     cluster center
11/02/2023 18:20:36 	INFO     Writing to 
11/02/2023 18:20:36 	INFO     tmp_output/initial_7_2.pdb
11/02/2023 18:20:36 	INFO     cluster
11/02/2023 18:20:36 	INFO     103
11/02/2023 18:20:36 	INFO     cluster center
11/02/2023 18:20:36 	INFO     Writing to 
11/02/2023 18:20:36 	INFO     tmp_output/initial_7_3.pdb
11/02/2023 18:20:36 	INFO     cluster
11/02/2023 18:20:36 	INFO     109
11/02/2023 18:20:36 	INFO     cluster center
11/02/2023 18:20:36 	INFO     Writing to 
11/02/2023 18:20:36 	INFO     tmp_output/initial_7_4.pdb
11/02/2023 18:20:36 	INFO     cluster
11/02/2023 18:20:36 	INFO     111
11/02/2023 18:20:36 	INFO     cluster center
11/02/2023 18:20:36 	INFO     Writing to 
11/02/2023 18:20:36 	INFO     tmp_output/initial_7_5.pdb
11/02/2023 18:20:36 	INFO     cluster
11/02/2023 18:20:36 	INFO     112
11/02/2023 18:20:36 	INFO     cluster center
11/02/2023 18:20:36 	INFO     Writing to 
11/02/2023 18:20:36 	INFO     tmp_output/initial_7_6.pdb
11/02/2023 18:20:36 	INFO     cluster
11/02/2023 18:20:36 	INFO     115
11/02/2023 18:20:36 	INFO     cluster center
11/02/2023 18:20:36 	INFO     Writing to 
11/02/2023 18:20:36 	INFO     tmp_output/initial_7_7.pdb
11/02/2023 18:20:36 	INFO     cluster
11/02/2023 18:20:36 	INFO     117
11/02/2023 18:20:36 	INFO     cluster center
11/02/2023 18:20:36 	INFO     Writing to 
11/02/2023 18:20:36 	INFO     tmp_output/initial_7_8.pdb
11/02/2023 18:20:36 	INFO     cluster
11/02/2023 18:20:36 	INFO     118
11/02/2023 18:20:36 	INFO     cluster center
11/02/2023 18:20:36 	INFO     Writing to 
11/02/2023 18:20:36 	INFO     tmp_output/initial_7_9.pdb
11/02/2023 18:20:36 	INFO     cluster
11/02/2023 18:20:36 	INFO     119
11/02/2023 18:20:36 	INFO     cluster center
11/02/2023 18:20:36 	INFO     Writing to 
11/02/2023 18:20:36 	INFO     tmp_output/initial_7_10.pdb
11/02/2023 18:20:36 	INFO     cluster
11/02/2023 18:20:36 	INFO     120
11/02/2023 18:20:36 	INFO     cluster center
11/02/2023 18:20:36 	INFO     Writing to 
11/02/2023 18:20:36 	INFO     tmp_output/initial_7_11.pdb
11/02/2023 18:20:36 	INFO     cluster
11/02/2023 18:20:36 	INFO     121
11/02/2023 18:20:36 	INFO     cluster center
11/02/2023 18:20:36 	INFO     Writing to 
11/02/2023 18:20:36 	INFO     tmp_output/initial_7_12.pdb
11/02/2023 18:20:36 	INFO     cluster
11/02/2023 18:20:36 	INFO     122
11/02/2023 18:20:36 	INFO     cluster center
11/02/2023 18:20:36 	INFO     Writing to 
11/02/2023 18:20:36 	INFO     tmp_output/initial_7_13.pdb
11/02/2023 18:20:36 	INFO     cluster
11/02/2023 18:20:36 	INFO     123
11/02/2023 18:20:36 	INFO     cluster center
11/02/2023 18:20:36 	INFO     Writing to 
11/02/2023 18:20:36 	INFO     tmp_output/initial_7_14.pdb
11/02/2023 18:20:36 	INFO     cluster
11/02/2023 18:20:36 	INFO     124
11/02/2023 18:20:36 	INFO     cluster center
11/02/2023 18:20:36 	INFO     counts & cluster centers
11/02/2023 18:20:36 	INFO     15
11/02/2023 18:20:36 	INFO     15
11/02/2023 18:20:36 	INFO     Iteration
11/02/2023 18:20:36 	INFO     7
11/02/2023 18:20:36 	INFO     Production run...
11/02/2023 18:20:36 	INFO     mpirun -np 16 /shared/software/easybuild/x86_64/software/PELE/1.8b4/bin/PELE_mpi tmp_output/controlFile7.conf
11/02/2023 18:22:04 	INFO     PELE took 88.42 sec
11/02/2023 18:22:04 	INFO     Clustering...
11/02/2023 18:22:05 	INFO     Clustering ligand: 0.4294168949127197 sec
11/02/2023 18:22:05 	INFO     Degeneracy
11/02/2023 18:22:05 	INFO     [0, 0, 0, 0, 0, 0, 0, 0, 0, 0, 0, 0, 0, 0, 0, 0, 0, 0, 0, 0, 0, 0, 0, 0, 0, 0, 0, 0, 0, 0, 0, 0, 0, 0, 0, 0, 0, 0, 0, 0, 0, 0, 0, 0, 0, 0, 0, 0, 0, 0, 0, 0, 0, 0, 0, 0, 0, 0, 0, 0, 0, 0, 0, 0, 0, 0, 0, 0, 0, 0, 0, 0, 0, 0, 0, 0, 0, 0, 0, 0, 0, 0, 0, 0, 0, 0, 0, 0, 0, 0, 0, 0, 0, 0, 0, 0, 0, 0, 0, 0, 0, 0, 0, 0, 0, 1, 0, 1, 0, 0, 0, 0, 0, 0, 0, 0, 0, 1, 1, 1, 0, 1, 0, 0, 0, 1, 1, 1, 1, 1, 1, 1, 1, 1]
11/02/2023 18:22:05 	INFO     Writing to 
11/02/2023 18:22:05 	INFO     tmp_output/initial_8_0.pdb
11/02/2023 18:22:05 	INFO     cluster
11/02/2023 18:22:05 	INFO     105
11/02/2023 18:22:05 	INFO     cluster center
11/02/2023 18:22:05 	INFO     Writing to 
11/02/2023 18:22:05 	INFO     tmp_output/initial_8_1.pdb
11/02/2023 18:22:05 	INFO     cluster
11/02/2023 18:22:05 	INFO     107
11/02/2023 18:22:05 	INFO     cluster center
11/02/2023 18:22:05 	INFO     Writing to 
11/02/2023 18:22:05 	INFO     tmp_output/initial_8_2.pdb
11/02/2023 18:22:05 	INFO     cluster
11/02/2023 18:22:05 	INFO     117
11/02/2023 18:22:05 	INFO     cluster center
11/02/2023 18:22:05 	INFO     Writing to 
11/02/2023 18:22:05 	INFO     tmp_output/initial_8_3.pdb
11/02/2023 18:22:05 	INFO     cluster
11/02/2023 18:22:05 	INFO     118
11/02/2023 18:22:05 	INFO     cluster center
11/02/2023 18:22:05 	INFO     Writing to 
11/02/2023 18:22:05 	INFO     tmp_output/initial_8_4.pdb
11/02/2023 18:22:05 	INFO     cluster
11/02/2023 18:22:05 	INFO     119
11/02/2023 18:22:05 	INFO     cluster center
11/02/2023 18:22:05 	INFO     Writing to 
11/02/2023 18:22:05 	INFO     tmp_output/initial_8_5.pdb
11/02/2023 18:22:05 	INFO     cluster
11/02/2023 18:22:05 	INFO     121
11/02/2023 18:22:05 	INFO     cluster center
11/02/2023 18:22:05 	INFO     Writing to 
11/02/2023 18:22:05 	INFO     tmp_output/initial_8_6.pdb
11/02/2023 18:22:05 	INFO     cluster
11/02/2023 18:22:05 	INFO     125
11/02/2023 18:22:05 	INFO     cluster center
11/02/2023 18:22:05 	INFO     Writing to 
11/02/2023 18:22:05 	INFO     tmp_output/initial_8_7.pdb
11/02/2023 18:22:05 	INFO     cluster
11/02/2023 18:22:05 	INFO     126
11/02/2023 18:22:05 	INFO     cluster center
11/02/2023 18:22:05 	INFO     Writing to 
11/02/2023 18:22:05 	INFO     tmp_output/initial_8_8.pdb
11/02/2023 18:22:05 	INFO     cluster
11/02/2023 18:22:05 	INFO     127
11/02/2023 18:22:05 	INFO     cluster center
11/02/2023 18:22:05 	INFO     Writing to 
11/02/2023 18:22:05 	INFO     tmp_output/initial_8_9.pdb
11/02/2023 18:22:05 	INFO     cluster
11/02/2023 18:22:05 	INFO     128
11/02/2023 18:22:05 	INFO     cluster center
11/02/2023 18:22:05 	INFO     Writing to 
11/02/2023 18:22:05 	INFO     tmp_output/initial_8_10.pdb
11/02/2023 18:22:05 	INFO     cluster
11/02/2023 18:22:05 	INFO     129
11/02/2023 18:22:05 	INFO     cluster center
11/02/2023 18:22:05 	INFO     Writing to 
11/02/2023 18:22:05 	INFO     tmp_output/initial_8_11.pdb
11/02/2023 18:22:05 	INFO     cluster
11/02/2023 18:22:05 	INFO     130
11/02/2023 18:22:05 	INFO     cluster center
11/02/2023 18:22:05 	INFO     Writing to 
11/02/2023 18:22:05 	INFO     tmp_output/initial_8_12.pdb
11/02/2023 18:22:05 	INFO     cluster
11/02/2023 18:22:05 	INFO     131
11/02/2023 18:22:05 	INFO     cluster center
11/02/2023 18:22:05 	INFO     Writing to 
11/02/2023 18:22:05 	INFO     tmp_output/initial_8_13.pdb
11/02/2023 18:22:05 	INFO     cluster
11/02/2023 18:22:05 	INFO     132
11/02/2023 18:22:05 	INFO     cluster center
11/02/2023 18:22:05 	INFO     Writing to 
11/02/2023 18:22:05 	INFO     tmp_output/initial_8_14.pdb
11/02/2023 18:22:05 	INFO     cluster
11/02/2023 18:22:05 	INFO     133
11/02/2023 18:22:05 	INFO     alternative structure
11/02/2023 18:22:05 	INFO     counts & cluster centers
11/02/2023 18:22:05 	INFO     15
11/02/2023 18:22:05 	INFO     15
11/02/2023 18:22:05 	INFO     Iteration
11/02/2023 18:22:05 	INFO     8
11/02/2023 18:22:05 	INFO     Production run...
11/02/2023 18:22:05 	INFO     mpirun -np 16 /shared/software/easybuild/x86_64/software/PELE/1.8b4/bin/PELE_mpi tmp_output/controlFile8.conf
11/02/2023 18:23:18 	INFO     PELE took 73.05 sec
11/02/2023 18:23:18 	INFO     Clustering...
11/02/2023 18:23:18 	INFO     Clustering ligand: 0.40517568588256836 sec
11/02/2023 18:23:18 	INFO     Degeneracy
11/02/2023 18:23:18 	INFO     [0, 0, 0, 0, 0, 0, 0, 0, 0, 0, 0, 0, 0, 0, 0, 0, 0, 0, 0, 0, 0, 0, 0, 0, 0, 0, 0, 0, 0, 0, 0, 0, 0, 0, 0, 0, 0, 0, 0, 0, 0, 0, 0, 0, 0, 0, 0, 0, 0, 0, 0, 0, 0, 0, 0, 0, 0, 0, 0, 0, 0, 0, 0, 0, 0, 0, 0, 0, 0, 0, 0, 0, 0, 0, 0, 0, 0, 0, 0, 0, 0, 0, 0, 0, 0, 0, 0, 0, 0, 0, 0, 0, 0, 0, 0, 0, 0, 0, 0, 0, 0, 0, 0, 0, 0, 0, 0, 0, 0, 0, 0, 0, 0, 0, 0, 0, 0, 0, 0, 0, 1, 0, 0, 1, 0, 0, 1, 1, 1, 0, 0, 1, 1, 0, 2, 1, 2, 1, 2]
11/02/2023 18:23:18 	INFO     Writing to 
11/02/2023 18:23:18 	INFO     tmp_output/initial_9_0.pdb
11/02/2023 18:23:18 	INFO     cluster
11/02/2023 18:23:18 	INFO     120
11/02/2023 18:23:18 	INFO     cluster center
11/02/2023 18:23:18 	INFO     Writing to 
11/02/2023 18:23:18 	INFO     tmp_output/initial_9_1.pdb
11/02/2023 18:23:18 	INFO     cluster
11/02/2023 18:23:18 	INFO     123
11/02/2023 18:23:18 	INFO     cluster center
11/02/2023 18:23:18 	INFO     Writing to 
11/02/2023 18:23:18 	INFO     tmp_output/initial_9_2.pdb
11/02/2023 18:23:18 	INFO     cluster
11/02/2023 18:23:18 	INFO     126
11/02/2023 18:23:18 	INFO     cluster center
11/02/2023 18:23:18 	INFO     Writing to 
11/02/2023 18:23:18 	INFO     tmp_output/initial_9_3.pdb
11/02/2023 18:23:18 	INFO     cluster
11/02/2023 18:23:18 	INFO     127
11/02/2023 18:23:18 	INFO     cluster center
11/02/2023 18:23:18 	INFO     Writing to 
11/02/2023 18:23:18 	INFO     tmp_output/initial_9_4.pdb
11/02/2023 18:23:18 	INFO     cluster
11/02/2023 18:23:18 	INFO     128
11/02/2023 18:23:18 	INFO     cluster center
11/02/2023 18:23:18 	INFO     Writing to 
11/02/2023 18:23:18 	INFO     tmp_output/initial_9_5.pdb
11/02/2023 18:23:18 	INFO     cluster
11/02/2023 18:23:18 	INFO     131
11/02/2023 18:23:18 	INFO     cluster center
11/02/2023 18:23:18 	INFO     Writing to 
11/02/2023 18:23:18 	INFO     tmp_output/initial_9_6.pdb
11/02/2023 18:23:18 	INFO     cluster
11/02/2023 18:23:18 	INFO     132
11/02/2023 18:23:18 	INFO     cluster center
11/02/2023 18:23:18 	INFO     Writing to 
11/02/2023 18:23:18 	INFO     tmp_output/initial_9_7.pdb
11/02/2023 18:23:18 	INFO     cluster
11/02/2023 18:23:18 	INFO     134
11/02/2023 18:23:18 	INFO     cluster center
11/02/2023 18:23:18 	INFO     Writing to 
11/02/2023 18:23:18 	INFO     tmp_output/initial_9_8.pdb
11/02/2023 18:23:18 	INFO     cluster
11/02/2023 18:23:18 	INFO     134
11/02/2023 18:23:18 	INFO     cluster center
11/02/2023 18:23:18 	INFO     Writing to 
11/02/2023 18:23:18 	INFO     tmp_output/initial_9_9.pdb
11/02/2023 18:23:18 	INFO     cluster
11/02/2023 18:23:18 	INFO     135
11/02/2023 18:23:18 	INFO     alternative structure
11/02/2023 18:23:18 	INFO     Writing to 
11/02/2023 18:23:18 	INFO     tmp_output/initial_9_10.pdb
11/02/2023 18:23:18 	INFO     cluster
11/02/2023 18:23:18 	INFO     136
11/02/2023 18:23:18 	INFO     cluster center
11/02/2023 18:23:18 	INFO     Writing to 
11/02/2023 18:23:18 	INFO     tmp_output/initial_9_11.pdb
11/02/2023 18:23:18 	INFO     cluster
11/02/2023 18:23:18 	INFO     136
11/02/2023 18:23:18 	INFO     cluster center
11/02/2023 18:23:18 	INFO     Writing to 
11/02/2023 18:23:18 	INFO     tmp_output/initial_9_12.pdb
11/02/2023 18:23:18 	INFO     cluster
11/02/2023 18:23:18 	INFO     137
11/02/2023 18:23:18 	INFO     cluster center
11/02/2023 18:23:18 	INFO     Writing to 
11/02/2023 18:23:18 	INFO     tmp_output/initial_9_13.pdb
11/02/2023 18:23:18 	INFO     cluster
11/02/2023 18:23:18 	INFO     138
11/02/2023 18:23:18 	INFO     cluster center
11/02/2023 18:23:18 	INFO     Writing to 
11/02/2023 18:23:18 	INFO     tmp_output/initial_9_14.pdb
11/02/2023 18:23:18 	INFO     cluster
11/02/2023 18:23:18 	INFO     138
11/02/2023 18:23:18 	INFO     cluster center
11/02/2023 18:23:18 	INFO     counts & cluster centers
11/02/2023 18:23:18 	INFO     15
11/02/2023 18:23:18 	INFO     12
11/02/2023 18:23:18 	INFO     Iteration
11/02/2023 18:23:18 	INFO     9
11/02/2023 18:23:18 	INFO     Production run...
11/02/2023 18:23:18 	INFO     mpirun -np 16 /shared/software/easybuild/x86_64/software/PELE/1.8b4/bin/PELE_mpi tmp_output/controlFile9.conf
11/02/2023 18:24:42 	INFO     PELE took 83.62 sec
11/02/2023 18:24:42 	INFO     Clustering...
11/02/2023 18:24:42 	INFO     Clustering ligand: 0.4400172233581543 sec
11/02/2023 18:24:42 	INFO     Degeneracy
11/02/2023 18:24:42 	INFO     [0, 0, 0, 0, 0, 0, 0, 0, 0, 0, 0, 0, 0, 0, 0, 0, 0, 0, 0, 0, 0, 0, 0, 0, 0, 0, 0, 0, 0, 1, 0, 0, 0, 1, 0, 0, 0, 0, 0, 0, 0, 0, 0, 0, 0, 0, 0, 0, 0, 0, 0, 1, 0, 0, 0, 0, 0, 0, 0, 0, 0, 0, 0, 0, 0, 0, 0, 0, 0, 0, 0, 0, 0, 0, 0, 0, 0, 0, 0, 0, 0, 0, 0, 0, 0, 0, 0, 0, 0, 0, 0, 0, 0, 0, 0, 0, 0, 0, 0, 0, 0, 0, 0, 0, 1, 0, 0, 1, 0, 0, 0, 0, 0, 0, 0, 0, 0, 0, 0, 0, 0, 0, 0, 0, 0, 0, 0, 0, 0, 0, 0, 0, 0, 0, 0, 0, 0, 0, 0, 2, 2, 2, 2, 2]
11/02/2023 18:24:42 	INFO     Writing to 
11/02/2023 18:24:42 	INFO     tmp_output/initial_10_0.pdb
11/02/2023 18:24:42 	INFO     cluster
11/02/2023 18:24:42 	INFO     29
11/02/2023 18:24:42 	INFO     alternative structure
11/02/2023 18:24:42 	INFO     Writing to 
11/02/2023 18:24:42 	INFO     tmp_output/initial_10_1.pdb
11/02/2023 18:24:42 	INFO     cluster
11/02/2023 18:24:42 	INFO     33
11/02/2023 18:24:42 	INFO     alternative structure
11/02/2023 18:24:42 	INFO     Writing to 
11/02/2023 18:24:42 	INFO     tmp_output/initial_10_2.pdb
11/02/2023 18:24:42 	INFO     cluster
11/02/2023 18:24:42 	INFO     51
11/02/2023 18:24:42 	INFO     cluster center
11/02/2023 18:24:42 	INFO     Writing to 
11/02/2023 18:24:42 	INFO     tmp_output/initial_10_3.pdb
11/02/2023 18:24:42 	INFO     cluster
11/02/2023 18:24:42 	INFO     104
11/02/2023 18:24:42 	INFO     alternative structure
11/02/2023 18:24:42 	INFO     Writing to 
11/02/2023 18:24:42 	INFO     tmp_output/initial_10_4.pdb
11/02/2023 18:24:42 	INFO     cluster
11/02/2023 18:24:42 	INFO     107
11/02/2023 18:24:42 	INFO     alternative structure
11/02/2023 18:24:42 	INFO     Writing to 
11/02/2023 18:24:42 	INFO     tmp_output/initial_10_5.pdb
11/02/2023 18:24:42 	INFO     cluster
11/02/2023 18:24:42 	INFO     139
11/02/2023 18:24:42 	INFO     cluster center
11/02/2023 18:24:42 	INFO     Writing to 
11/02/2023 18:24:42 	INFO     tmp_output/initial_10_6.pdb
11/02/2023 18:24:42 	INFO     cluster
11/02/2023 18:24:42 	INFO     139
11/02/2023 18:24:42 	INFO     cluster center
11/02/2023 18:24:42 	INFO     Writing to 
11/02/2023 18:24:42 	INFO     tmp_output/initial_10_7.pdb
11/02/2023 18:24:42 	INFO     cluster
11/02/2023 18:24:42 	INFO     140
11/02/2023 18:24:42 	INFO     cluster center
11/02/2023 18:24:42 	INFO     Writing to 
11/02/2023 18:24:42 	INFO     tmp_output/initial_10_8.pdb
11/02/2023 18:24:42 	INFO     cluster
11/02/2023 18:24:42 	INFO     140
11/02/2023 18:24:42 	INFO     cluster center
11/02/2023 18:24:42 	INFO     Writing to 
11/02/2023 18:24:42 	INFO     tmp_output/initial_10_9.pdb
11/02/2023 18:24:42 	INFO     cluster
11/02/2023 18:24:42 	INFO     141
11/02/2023 18:24:42 	INFO     cluster center
11/02/2023 18:24:42 	INFO     Writing to 
11/02/2023 18:24:42 	INFO     tmp_output/initial_10_10.pdb
11/02/2023 18:24:42 	INFO     cluster
11/02/2023 18:24:42 	INFO     141
11/02/2023 18:24:42 	INFO     cluster center
11/02/2023 18:24:42 	INFO     Writing to 
11/02/2023 18:24:42 	INFO     tmp_output/initial_10_11.pdb
11/02/2023 18:24:42 	INFO     cluster
11/02/2023 18:24:42 	INFO     142
11/02/2023 18:24:42 	INFO     cluster center
11/02/2023 18:24:42 	INFO     Writing to 
11/02/2023 18:24:42 	INFO     tmp_output/initial_10_12.pdb
11/02/2023 18:24:42 	INFO     cluster
11/02/2023 18:24:42 	INFO     142
11/02/2023 18:24:42 	INFO     cluster center
11/02/2023 18:24:42 	INFO     Writing to 
11/02/2023 18:24:42 	INFO     tmp_output/initial_10_13.pdb
11/02/2023 18:24:42 	INFO     cluster
11/02/2023 18:24:42 	INFO     143
11/02/2023 18:24:42 	INFO     cluster center
11/02/2023 18:24:42 	INFO     Writing to 
11/02/2023 18:24:42 	INFO     tmp_output/initial_10_14.pdb
11/02/2023 18:24:42 	INFO     cluster
11/02/2023 18:24:42 	INFO     143
11/02/2023 18:24:42 	INFO     cluster center
11/02/2023 18:24:42 	INFO     counts & cluster centers
11/02/2023 18:24:42 	INFO     15
11/02/2023 18:24:42 	INFO     10
11/02/2023 18:24:42 	INFO     Iteration
11/02/2023 18:24:42 	INFO     10
11/02/2023 18:24:42 	INFO     Production run...
11/02/2023 18:24:42 	INFO     mpirun -np 16 /shared/software/easybuild/x86_64/software/PELE/1.8b4/bin/PELE_mpi tmp_output/controlFile10.conf
11/02/2023 18:26:02 	INFO     PELE took 79.20 sec
11/02/2023 18:26:02 	INFO     Clustering...
11/02/2023 18:26:02 	INFO     Clustering ligand: 0.41455793380737305 sec
11/02/2023 18:26:02 	INFO     Degeneracy
11/02/2023 18:26:02 	INFO     [0, 0, 0, 0, 0, 0, 0, 0, 0, 0, 0, 0, 0, 0, 0, 0, 0, 0, 0, 0, 0, 0, 0, 0, 0, 0, 0, 1, 0, 0, 0, 0, 0, 0, 0, 0, 0, 0, 0, 0, 0, 0, 0, 0, 0, 0, 0, 0, 0, 0, 0, 0, 0, 0, 0, 0, 0, 0, 0, 0, 0, 0, 0, 0, 0, 0, 0, 0, 0, 0, 0, 0, 0, 0, 0, 0, 0, 0, 0, 0, 0, 0, 0, 0, 0, 0, 0, 0, 0, 0, 1, 0, 0, 0, 1, 0, 1, 1, 0, 1, 1, 1, 0, 0, 0, 0, 0, 0, 0, 0, 0, 0, 0, 1, 0, 0, 0, 0, 1, 0, 0, 0, 0, 0, 0, 0, 0, 0, 0, 0, 0, 0, 0, 0, 0, 0, 0, 0, 0, 0, 0, 0, 0, 0, 2, 1, 2]
11/02/2023 18:26:02 	INFO     Writing to 
11/02/2023 18:26:02 	INFO     tmp_output/initial_11_0.pdb
11/02/2023 18:26:02 	INFO     cluster
11/02/2023 18:26:02 	INFO     27
11/02/2023 18:26:02 	INFO     alternative structure
11/02/2023 18:26:02 	INFO     Writing to 
11/02/2023 18:26:02 	INFO     tmp_output/initial_11_1.pdb
11/02/2023 18:26:02 	INFO     cluster
11/02/2023 18:26:02 	INFO     90
11/02/2023 18:26:02 	INFO     cluster center
11/02/2023 18:26:02 	INFO     Writing to 
11/02/2023 18:26:02 	INFO     tmp_output/initial_11_2.pdb
11/02/2023 18:26:02 	INFO     cluster
11/02/2023 18:26:02 	INFO     94
11/02/2023 18:26:02 	INFO     cluster center
11/02/2023 18:26:02 	INFO     Writing to 
11/02/2023 18:26:02 	INFO     tmp_output/initial_11_3.pdb
11/02/2023 18:26:02 	INFO     cluster
11/02/2023 18:26:02 	INFO     96
11/02/2023 18:26:02 	INFO     cluster center
11/02/2023 18:26:02 	INFO     Writing to 
11/02/2023 18:26:02 	INFO     tmp_output/initial_11_4.pdb
11/02/2023 18:26:02 	INFO     cluster
11/02/2023 18:26:02 	INFO     97
11/02/2023 18:26:02 	INFO     alternative structure
11/02/2023 18:26:02 	INFO     Writing to 
11/02/2023 18:26:02 	INFO     tmp_output/initial_11_5.pdb
11/02/2023 18:26:02 	INFO     cluster
11/02/2023 18:26:02 	INFO     99
11/02/2023 18:26:02 	INFO     cluster center
11/02/2023 18:26:02 	INFO     Writing to 
11/02/2023 18:26:02 	INFO     tmp_output/initial_11_6.pdb
11/02/2023 18:26:02 	INFO     cluster
11/02/2023 18:26:02 	INFO     100
11/02/2023 18:26:02 	INFO     cluster center
11/02/2023 18:26:02 	INFO     Writing to 
11/02/2023 18:26:02 	INFO     tmp_output/initial_11_7.pdb
11/02/2023 18:26:02 	INFO     cluster
11/02/2023 18:26:02 	INFO     101
11/02/2023 18:26:02 	INFO     alternative structure
11/02/2023 18:26:02 	INFO     Writing to 
11/02/2023 18:26:02 	INFO     tmp_output/initial_11_8.pdb
11/02/2023 18:26:02 	INFO     cluster
11/02/2023 18:26:02 	INFO     113
11/02/2023 18:26:02 	INFO     cluster center
11/02/2023 18:26:02 	INFO     Writing to 
11/02/2023 18:26:02 	INFO     tmp_output/initial_11_9.pdb
11/02/2023 18:26:02 	INFO     cluster
11/02/2023 18:26:02 	INFO     118
11/02/2023 18:26:02 	INFO     cluster center
11/02/2023 18:26:02 	INFO     Writing to 
11/02/2023 18:26:02 	INFO     tmp_output/initial_11_10.pdb
11/02/2023 18:26:02 	INFO     cluster
11/02/2023 18:26:02 	INFO     144
11/02/2023 18:26:02 	INFO     cluster center
11/02/2023 18:26:02 	INFO     Writing to 
11/02/2023 18:26:02 	INFO     tmp_output/initial_11_11.pdb
11/02/2023 18:26:02 	INFO     cluster
11/02/2023 18:26:02 	INFO     144
11/02/2023 18:26:02 	INFO     cluster center
11/02/2023 18:26:02 	INFO     Writing to 
11/02/2023 18:26:02 	INFO     tmp_output/initial_11_12.pdb
11/02/2023 18:26:02 	INFO     cluster
11/02/2023 18:26:02 	INFO     145
11/02/2023 18:26:02 	INFO     cluster center
11/02/2023 18:26:02 	INFO     Writing to 
11/02/2023 18:26:02 	INFO     tmp_output/initial_11_13.pdb
11/02/2023 18:26:02 	INFO     cluster
11/02/2023 18:26:02 	INFO     146
11/02/2023 18:26:02 	INFO     cluster center
11/02/2023 18:26:02 	INFO     Writing to 
11/02/2023 18:26:02 	INFO     tmp_output/initial_11_14.pdb
11/02/2023 18:26:02 	INFO     cluster
11/02/2023 18:26:02 	INFO     146
11/02/2023 18:26:02 	INFO     cluster center
11/02/2023 18:26:02 	INFO     counts & cluster centers
11/02/2023 18:26:02 	INFO     15
11/02/2023 18:26:02 	INFO     13
11/02/2023 18:26:02 	INFO     Iteration
11/02/2023 18:26:02 	INFO     11
11/02/2023 18:26:02 	INFO     Production run...
11/02/2023 18:26:02 	INFO     mpirun -np 16 /shared/software/easybuild/x86_64/software/PELE/1.8b4/bin/PELE_mpi tmp_output/controlFile11.conf
11/02/2023 18:27:23 	INFO     PELE took 81.25 sec
11/02/2023 18:27:23 	INFO     Clustering...
11/02/2023 18:27:24 	INFO     Clustering ligand: 0.35082054138183594 sec
11/02/2023 18:27:24 	INFO     Degeneracy
11/02/2023 18:27:24 	INFO     [0, 0, 0, 0, 0, 0, 0, 0, 0, 0, 0, 0, 0, 0, 0, 0, 0, 0, 0, 0, 0, 0, 0, 0, 0, 0, 0, 0, 0, 0, 0, 0, 0, 0, 0, 0, 0, 0, 0, 0, 0, 0, 0, 0, 0, 0, 0, 0, 0, 0, 0, 0, 0, 0, 0, 0, 0, 0, 0, 0, 0, 0, 0, 0, 0, 0, 0, 0, 0, 0, 0, 0, 0, 0, 0, 0, 0, 0, 0, 0, 0, 0, 0, 0, 0, 0, 0, 0, 0, 0, 0, 0, 0, 0, 0, 1, 0, 0, 0, 0, 0, 0, 0, 0, 0, 0, 0, 0, 0, 0, 0, 0, 1, 0, 0, 1, 0, 0, 0, 0, 1, 0, 1, 0, 1, 0, 1, 1, 1, 0, 0, 0, 0, 0, 0, 1, 0, 0, 0, 0, 0, 0, 0, 0, 0, 0, 0, 2, 2, 1]
11/02/2023 18:27:24 	INFO     Simulation has finished
11/02/2023 18:27:24 	DEBUG    Initializing PELE DataHandler
11/02/2023 18:27:24 	DEBUG    Removing outliers from PELE dataframe
11/02/2023 18:27:27 	DEBUG    Searching bandwidth to cover 60.0% of poses...
   - Trying bandwidth 13.5
   - Got a clustering coverage of 1.0
   - Trying bandwidth 7.25
   - Got a clustering coverage of 1.0
   - Trying bandwidth 4.125
   - Got a clustering coverage of 0.3804004214963119
   - Trying bandwidth 5.6875
   - Got a clustering coverage of 1.0
11/02/2023 18:27:52 	INFO     Selected clustering bandwidth 5.6875 covers 100.0% of all poses
11/02/2023 18:27:52 	DEBUG    Extracted step '4' from trajectory '/dataweb/user_files/mmunicoy/ifr/FraCm2_VIN/induced_fit_refinement/6_adaptive_pele_simulation/complex_2/output/8/trajectory_11.xtc' to '/dataweb/user_files/mmunicoy/ifr/FraCm2_VIN/induced_fit_refinement/6_adaptive_pele_simulation/complex_2/results/cluster_C.pdb'
11/02/2023 18:27:52 	DEBUG    Extracted step '6' from trajectory '/dataweb/user_files/mmunicoy/ifr/FraCm2_VIN/induced_fit_refinement/6_adaptive_pele_simulation/complex_2/output/7/trajectory_14.xtc' to '/dataweb/user_files/mmunicoy/ifr/FraCm2_VIN/induced_fit_refinement/6_adaptive_pele_simulation/complex_2/results/cluster_B.pdb'
11/02/2023 18:27:52 	DEBUG    Extracted step '3' from trajectory '/dataweb/user_files/mmunicoy/ifr/FraCm2_VIN/induced_fit_refinement/6_adaptive_pele_simulation/complex_2/output/0/trajectory_10.xtc' to '/dataweb/user_files/mmunicoy/ifr/FraCm2_VIN/induced_fit_refinement/6_adaptive_pele_simulation/complex_2/results/cluster_A.pdb'
11/02/2023 18:27:52 	DEBUG    Extracted step '2' from trajectory '/dataweb/user_files/mmunicoy/ifr/FraCm2_VIN/induced_fit_refinement/6_adaptive_pele_simulation/complex_2/output/11/trajectory_11.xtc' to '/dataweb/user_files/mmunicoy/ifr/FraCm2_VIN/induced_fit_refinement/6_adaptive_pele_simulation/complex_2/results/cluster_D.pdb'
11/02/2023 18:27:52 	INFO     PDB information of the PDB '/dataweb/user_files/mmunicoy/ifr/FraCm2_VIN/induced_fit_refinement/4_topology_truncator/complexes/complex_2_1.pdb' will be updated by information from the reference PDB '/dataweb/user_files/mmunicoy/ifr/FraCm2_VIN/induced_fit_refinement/6_adaptive_pele_simulation/complex_2/results/cluster_C.pdb'
11/02/2023 18:27:52 	INFO     The total number of residues to be updated is: 98
11/02/2023 18:27:53 	DEBUG    Adding conformation 'cluster_C (/dataweb/user_files/mmunicoy/ifr/FraCm2_VIN/complex_4_2.pdb)' to topology 'complex_2 (complex_1, 2 conformations)'
11/02/2023 18:27:53 	INFO     PDB information of the PDB '/dataweb/user_files/mmunicoy/ifr/FraCm2_VIN/induced_fit_refinement/4_topology_truncator/complexes/complex_2_1.pdb' will be updated by information from the reference PDB '/dataweb/user_files/mmunicoy/ifr/FraCm2_VIN/induced_fit_refinement/6_adaptive_pele_simulation/complex_2/results/cluster_B.pdb'
11/02/2023 18:27:53 	INFO     The total number of residues to be updated is: 98
11/02/2023 18:27:54 	DEBUG    Adding conformation 'cluster_B (/dataweb/user_files/mmunicoy/ifr/FraCm2_VIN/complex_4_2.pdb)' to topology 'complex_2 (complex_1, 3 conformations)'
11/02/2023 18:27:54 	INFO     PDB information of the PDB '/dataweb/user_files/mmunicoy/ifr/FraCm2_VIN/induced_fit_refinement/4_topology_truncator/complexes/complex_2_1.pdb' will be updated by information from the reference PDB '/dataweb/user_files/mmunicoy/ifr/FraCm2_VIN/induced_fit_refinement/6_adaptive_pele_simulation/complex_2/results/cluster_A.pdb'
11/02/2023 18:27:54 	INFO     The total number of residues to be updated is: 98
11/02/2023 18:27:54 	DEBUG    Adding conformation 'cluster_A (/dataweb/user_files/mmunicoy/ifr/FraCm2_VIN/complex_4_2.pdb)' to topology 'complex_2 (complex_1, 4 conformations)'
11/02/2023 18:27:55 	INFO     PDB information of the PDB '/dataweb/user_files/mmunicoy/ifr/FraCm2_VIN/induced_fit_refinement/4_topology_truncator/complexes/complex_2_1.pdb' will be updated by information from the reference PDB '/dataweb/user_files/mmunicoy/ifr/FraCm2_VIN/induced_fit_refinement/6_adaptive_pele_simulation/complex_2/results/cluster_D.pdb'
11/02/2023 18:27:55 	INFO     The total number of residues to be updated is: 98
11/02/2023 18:27:55 	DEBUG    Adding conformation 'cluster_D (/dataweb/user_files/mmunicoy/ifr/FraCm2_VIN/complex_4_2.pdb)' to topology 'complex_2 (complex_1, 5 conformations)'
11/02/2023 18:27:57 	DEBUG    Automatically disabling previous conformations:
11/02/2023 18:27:57 	DEBUG     - Conformation complex_2_2: complex_1
11/02/2023 18:27:57 	DEBUG    New topology has been assigned to block adaptive_pele_simulation: BlockTopology (2 complexes, 0 systems, 0 ligands)
   - Topology has the following content:
     - Complex topology complex_1 (complex_1, 1 conformations)
     - Complex topology complex_2 (complex_1, 6 conformations)
