NBD Suite 0.2.0b2
------------------------------
Nostrum Biodiscovery SL
All rights reserved, 2023.

Block: pele_energy_minimizer
11/02/2023 11:55:22 	INFO     Creating DataLocal directory from '3. pele_parameterizer'
11/02/2023 11:55:22 	DEBUG    Detected truncated complex. Redirecting path to PELE templates of complex 'complex_1'
11/02/2023 11:55:22 	DEBUG    Created PELE energy minimization control file for 'complex_2': /dataweb/user_files/mmunicoy/ifr/FraCm2__MHET/induced_fit_refinement/5_pele_energy_minimizer/complex_2/complex_2.conf
11/02/2023 11:55:22 	INFO     PELE from '/shared/software/easybuild/x86_64/software/PELE/1.8b4/bin/PELE_serial' will be executed
11/02/2023 11:55:22 	INFO     Running command '/shared/software/easybuild/x86_64/software/PELE/1.8b4/bin/PELE_serial /dataweb/user_files/mmunicoy/ifr/FraCm2__MHET/induced_fit_refinement/5_pele_energy_minimizer/complex_2/complex_2.conf'
11/02/2023 11:55:26 	DEBUG    stdout: PELE version 1.8.0.b4_NBDBroadwell12072023
PELE (Protein Energy Landscape Exploration)

Copyright 2010-2020 BARCELONA SUPERCOMPUTING CENTER.

See the COPYRIGHT file at the top-level directory of this distribution.

Documents link created...
Data link created...
Data and Documents check completed...
validation: PASS
Creating macro...
----Building Complex----
Protein Chain detected.
- Building a new chain.
Using alternative template ASN for residue ASN:39 :A
Using alternative template GLU for residue GLU:40 :A
Protein Chain detected.
- Building a new chain.
Using alternative template THR for residue THR:44 :A
Using alternative template ASN for residue ASN:49 :A
Protein Chain detected.
- Building a new chain.
Using alternative template ASP for residue ASP:58 :A
Using alternative template HIE for residue HIE:67 :A
Protein Chain detected.
- Building a new chain.
Using alternative template LYS for residue LYS:69 :A
Using alternative template TYR for residue TYR:73 :A
Protein Chain detected.
- Building a new chain.
Using alternative template TYR for residue TYR:92 :A
Using alternative template ASP for residue ASP:96 :A
Protein Chain detected.
- Building a new chain.
Using alternative template LYS for residue LYS:126 :A
Using alternative template ALA for residue ALA:128 :A
Protein Chain detected.
- Building a new chain.
Using alternative template ILE for residue ILE:33 :H
Using alternative template THR for residue THR:46 :H
Protein Chain detected.
- Building a new chain.
Using alternative template VAL for residue VAL:65 :H
Using alternative template TYR for residue TYR:73 :H
Protein Chain detected.
- Building a new chain.
Using alternative template THR for residue THR:99 :H
Using alternative template LEU for residue LEU:103 :H
Protein Chain detected.
- Building a new chain.
Using alternative template TRP for residue TRP:116 :H
Using alternative template TYR for residue TYR:122 :H
Protein Chain detected.
- Building a new chain.
Using alternative template PRO for residue PRO:142 :H
Using alternative template ARG for residue ARG:144 :H
Protein Chain detected.
- Building a new chain.
Using alternative template ASN for residue ASN:147 :H
Using alternative template ASN for residue ASN:165 :H
Protein Chain detected.
- Building a new chain.
Using alternative template ILE for residue ILE:171 :H
- Building a new chain.
----  Complex built ----
BCI WARNING: Molecule not neutral (or neutralized):109.317
BCI WARNING: Molecule not neutral (or neutralized):109.317
BCI WARNING: Molecule not neutral (or neutralized):109.317
Running macro...

ENERGY BOND: 95.5648375931587
ENERGY BOND SGB: 10119.233269326
ENERGY ANGLE: 308.306534445805
ENERGY ANGLE SGB: -4573.97005440544
ENERGY TORSION: 298.464483379406
ENERGY 14: 2761.53891195642
ENERGY 14 SGB: -1557.48698198659
ENERGY NBOND: -3902.56311413183
ENERGY NBOND SGB: 2220.40580478387
ENERGY CONSTRAINTS: 0
ENERGY VACUUM + SGB + CONSTRAINTS: 5769.49369096079
ENERGY NON POLAR: 29.5588086225974
ENERGY SELF: -7646.92225038635
ENERGY VACUUM + SGB + CONSTRAINTS + SELF + NON POLAR: -1847.86975080296
Running minimization:
The line search converged normally and the convergence test was passed, so TN has converged!
TN has converged!
totalNewtonIterations: 1
totalInnerLoops: 81
totalOuterLoops: 9

ENERGY BOND: 58.581122722533
ENERGY BOND SGB: 10374.3113043353
ENERGY ANGLE: 172.488857457915
ENERGY ANGLE SGB: -4623.97112679236
ENERGY TORSION: 251.359709756356
ENERGY 14: 2601.98098142622
ENERGY 14 SGB: -1672.78378027721
ENERGY NBOND: -5497.55501350906
ENERGY NBOND SGB: 2346.7092868368
ENERGY CONSTRAINTS: 0
ENERGY VACUUM + SGB + CONSTRAINTS: 4011.12134195645
ENERGY NON POLAR: 31.946584130055
ENERGY SELF: -7852.37563468074
ENERGY VACUUM + SGB + CONSTRAINTS + SELF + NON POLAR: -3809.30770859424

---------------------------------------------
\(^o^)/ Macro ended successfully! \(^o^)/ 
---------------------------------------------

11/02/2023 11:55:26 	DEBUG    stderr: 
11/02/2023 11:55:26 	INFO     PDB information of the PDB '/dataweb/user_files/mmunicoy/ifr/FraCm2__MHET/induced_fit_refinement/4_topology_truncator/complexes/complex_2.pdb' will be updated by information from the reference PDB '/dataweb/user_files/mmunicoy/ifr/FraCm2__MHET/induced_fit_refinement/5_pele_energy_minimizer/complex_2/complex_2_minimized.pdb'
11/02/2023 11:55:26 	INFO     The total number of residues to be updated is: 98
11/02/2023 11:55:27 	DEBUG    Adding conformation 'complex_2_minimized (/dataweb/user_files/mmunicoy/ifr/FraCm2__MHET/complex_1_3.pdb)' to topology 'complex_2 (complex_1, 1 conformations)'
11/02/2023 11:55:27 	DEBUG    Automatically disabling previous conformations:
11/02/2023 11:55:27 	DEBUG     - Conformation complex_2_1: complex_1
11/02/2023 11:55:27 	DEBUG    New topology has been assigned to block pele_energy_minimizer: BlockTopology (2 complexes, 0 systems, 0 ligands)
   - Topology has the following content:
     - Complex topology complex_1 (complex_1, 1 conformations)
     - Complex topology complex_2 (complex_1, 2 conformations)
