NBD Suite 0.2.0b2
------------------------------
Nostrum Biodiscovery SL
All rights reserved, 2023.

Block: pele_energy_minimizer
11/02/2023 18:10:48 	INFO     Creating DataLocal directory from '3. pele_parameterizer'
11/02/2023 18:10:48 	DEBUG    Detected truncated complex. Redirecting path to PELE templates of complex 'complex_1'
11/02/2023 18:10:48 	DEBUG    Created PELE energy minimization control file for 'complex_2': /dataweb/user_files/mmunicoy/ifr/FraCm2_VIN/induced_fit_refinement/5_pele_energy_minimizer/complex_2/complex_2.conf
11/02/2023 18:10:48 	INFO     PELE from '/shared/software/easybuild/x86_64/software/PELE/1.8b4/bin/PELE_serial' will be executed
11/02/2023 18:10:48 	INFO     Running command '/shared/software/easybuild/x86_64/software/PELE/1.8b4/bin/PELE_serial /dataweb/user_files/mmunicoy/ifr/FraCm2_VIN/induced_fit_refinement/5_pele_energy_minimizer/complex_2/complex_2.conf'
11/02/2023 18:10:52 	DEBUG    stdout: PELE version 1.8.0.b4_NBDBroadwell12072023
PELE (Protein Energy Landscape Exploration)

Copyright 2010-2020 BARCELONA SUPERCOMPUTING CENTER.

See the COPYRIGHT file at the top-level directory of this distribution.

Documents link created...
Data link created...
Data and Documents check completed...
validation: PASS
Creating macro...
----Building Complex----
Protein Chain detected.
- Building a new chain.
Using alternative template ASN for residue ASN:39 :A
Using alternative template GLU for residue GLU:40 :A
Protein Chain detected.
- Building a new chain.
Using alternative template THR for residue THR:44 :A
Using alternative template THR for residue THR:50 :A
Protein Chain detected.
- Building a new chain.
Using alternative template ILE for residue ILE:59 :A
Using alternative template HIE for residue HIE:67 :A
Protein Chain detected.
- Building a new chain.
Using alternative template LYS for residue LYS:69 :A
Using alternative template TYR for residue TYR:73 :A
Protein Chain detected.
- Building a new chain.
Using alternative template ILE for residue ILE:90 :A
Using alternative template SER for residue SER:95 :A
Protein Chain detected.
- Building a new chain.
Using alternative template LYS for residue LYS:126 :A
Using alternative template ALA for residue ALA:128 :A
Protein Chain detected.
- Building a new chain.
Using alternative template ILE for residue ILE:33 :H
Using alternative template GLY for residue GLY:42 :H
Protein Chain detected.
- Building a new chain.
Using alternative template THR for residue THR:44 :H
Using alternative template THR for residue THR:46 :H
Protein Chain detected.
- Building a new chain.
Using alternative template VAL for residue VAL:65 :H
Using alternative template TYR for residue TYR:73 :H
Protein Chain detected.
- Building a new chain.
Using alternative template VAL for residue VAL:89 :H
Using alternative template ALA for residue ALA:91 :H
Protein Chain detected.
- Building a new chain.
Using alternative template LEU for residue LEU:100 :H
Using alternative template PHE for residue PHE:104 :H
Protein Chain detected.
- Building a new chain.
Using alternative template TRP for residue TRP:117 :H
Using alternative template VAL for residue VAL:121 :H
Protein Chain detected.
- Building a new chain.
Using alternative template PHE for residue PHE:143 :H
Using alternative template LEU for residue LEU:154 :H
Protein Chain detected.
- Building a new chain.
Using alternative template LEU for residue LEU:158 :H
Using alternative template ASN for residue ASN:165 :H
Protein Chain detected.
- Building a new chain.
Using alternative template ALA for residue ALA:170 :H
- Building a new chain.
----  Complex built ----
BCI WARNING: Molecule not neutral (or neutralized):127.558
BCI WARNING: Molecule not neutral (or neutralized):127.558
BCI WARNING: Molecule not neutral (or neutralized):127.558
Running macro...

ENERGY BOND: 80.7476223828642
ENERGY BOND SGB: 9457.78487512964
ENERGY ANGLE: 376.067959943512
ENERGY ANGLE SGB: -4174.22377426366
ENERGY TORSION: 333.878202261512
ENERGY 14: 2686.36025955724
ENERGY 14 SGB: -1481.4960159301
ENERGY NBOND: -3072.78438635963
ENERGY NBOND SGB: 2047.05873186095
ENERGY CONSTRAINTS: 0
ENERGY VACUUM + SGB + CONSTRAINTS: 6253.39347458232
ENERGY NON POLAR: 27.3876524426643
ENERGY SELF: -7108.52341593339
ENERGY VACUUM + SGB + CONSTRAINTS + SELF + NON POLAR: -827.742288908404
Running minimization:
The line search converged normally and the convergence test was passed, so TN has converged!
TN has converged!
totalNewtonIterations: 1
totalInnerLoops: 95
totalOuterLoops: 13

ENERGY BOND: 164.643262043234
ENERGY BOND SGB: 9740.41799874144
ENERGY ANGLE: 323.268006755466
ENERGY ANGLE SGB: -4222.49632471382
ENERGY TORSION: 258.660579123515
ENERGY 14: 2519.58462029785
ENERGY 14 SGB: -1650.98424907749
ENERGY NBOND: -5488.08426387377
ENERGY NBOND SGB: 2239.05819757951
ENERGY CONSTRAINTS: 0
ENERGY VACUUM + SGB + CONSTRAINTS: 3884.06782687593
ENERGY NON POLAR: 30.4435731715795
ENERGY SELF: -7334.78545793701
ENERGY VACUUM + SGB + CONSTRAINTS + SELF + NON POLAR: -3420.2740578895

---------------------------------------------
\(^o^)/ Macro ended successfully! \(^o^)/ 
---------------------------------------------

11/02/2023 18:10:52 	DEBUG    stderr: 
11/02/2023 18:10:52 	INFO     PDB information of the PDB '/dataweb/user_files/mmunicoy/ifr/FraCm2_VIN/induced_fit_refinement/4_topology_truncator/complexes/complex_2.pdb' will be updated by information from the reference PDB '/dataweb/user_files/mmunicoy/ifr/FraCm2_VIN/induced_fit_refinement/5_pele_energy_minimizer/complex_2/complex_2_minimized.pdb'
11/02/2023 18:10:52 	INFO     The total number of residues to be updated is: 98
11/02/2023 18:10:52 	DEBUG    Adding conformation 'complex_2_minimized (/dataweb/user_files/mmunicoy/ifr/FraCm2_VIN/complex_4_2.pdb)' to topology 'complex_2 (complex_1, 1 conformations)'
11/02/2023 18:10:53 	DEBUG    Automatically disabling previous conformations:
11/02/2023 18:10:53 	DEBUG     - Conformation complex_2_1: complex_1
11/02/2023 18:10:53 	DEBUG    New topology has been assigned to block pele_energy_minimizer: BlockTopology (2 complexes, 0 systems, 0 ligands)
   - Topology has the following content:
     - Complex topology complex_1 (complex_1, 1 conformations)
     - Complex topology complex_2 (complex_1, 2 conformations)
